[INFO] Scanning for projects...
[INFO]                                                                         
[INFO] ------------------------------------------------------------------------
[INFO] Building Warnings Plug-in 4.42-SNAPSHOT
[INFO] ------------------------------------------------------------------------
[INFO] 
[INFO] --- maven-hpi-plugin:1.95:validate (default-validate) @ warnings ---
[INFO] 
[INFO] --- maven-enforcer-plugin:1.0.1:enforce (enforce-maven) @ warnings ---
[INFO] 
[INFO] --- maven-enforcer-plugin:1.0.1:display-info (display-info) @ warnings ---
[INFO] Maven Version: 3.0.4
[INFO] JDK Version: 1.8.0_20 normalized as: 1.8.0-20
[INFO] OS Info: Arch: amd64 Family: dos Name: windows 7 Version: 6.1
[INFO] 
[INFO] --- maven-localizer-plugin:1.14:generate (default) @ warnings ---
[INFO] 
[INFO] --- build-helper-maven-plugin:1.7:add-source (add-source) @ warnings ---
[INFO] Source directory: C:\Users\toru\Documents\study\javaw\jenkins\24611\warnings-plugin\target\generated-sources\localizer added.
[INFO] 
[INFO] --- maven-resources-plugin:2.5:resources (default-resources) @ warnings ---
[debug] execute contextualize
[INFO] Using 'ISO-8859-1' encoding to copy filtered resources.
[INFO] Copying 44 resources
[INFO] 
[INFO] --- maven-compiler-plugin:2.5:compile (default-compile) @ warnings ---
[INFO] Compiling 105 source files to C:\Users\toru\Documents\study\javaw\jenkins\24611\warnings-plugin\target\classes
[INFO] 
[INFO] --- animal-sniffer-maven-plugin:1.9:check (jdk6-compatibility-check) @ warnings ---
[INFO] Checking unresolved references to org.codehaus.mojo.signature:java16:1.0
[INFO] 
[INFO] --- access-modifier-checker:1.4:enforce (default-enforce) @ warnings ---
[INFO] 
[INFO] --- maven-hpi-plugin:1.95:insert-test (default-insert-test) @ warnings ---
[INFO] Skipping auto-test generation
[INFO] 
[INFO] --- gmaven-plugin:1.3:generateTestStubs (test-in-groovy) @ warnings ---
[INFO] No sources found for Java stub generation
[INFO] 
[INFO] --- maven-resources-plugin:2.5:testResources (default-testResources) @ warnings ---
[debug] execute contextualize
[INFO] Using 'ISO-8859-1' encoding to copy filtered resources.
[INFO] Copying 141 resources
[INFO] 
[INFO] --- maven-compiler-plugin:2.5:testCompile (default-testCompile) @ warnings ---
[INFO] Compiling 69 source files to C:\Users\toru\Documents\study\javaw\jenkins\24611\warnings-plugin\target\test-classes
[INFO] 
[INFO] --- maven-hpi-plugin:1.95:test-hpl (default-test-hpl) @ warnings ---
[INFO] Generating C:\Users\toru\Documents\study\javaw\jenkins\24611\warnings-plugin\target\test-classes\the.hpl
[INFO] 
[INFO] --- maven-hpi-plugin:1.95:resolve-test-dependencies (default-resolve-test-dependencies) @ warnings ---
[INFO] 
[INFO] --- gmaven-plugin:1.3:testCompile (test-in-groovy) @ warnings ---
[INFO] No sources found to compile
[INFO] 
[INFO] --- maven-surefire-plugin:2.9:test (default-test) @ warnings ---
[INFO] Surefire report directory: C:\Users\toru\Documents\study\javaw\jenkins\24611\warnings-plugin\target\surefire-reports

-------------------------------------------------------
 T E S T S
-------------------------------------------------------
Running hudson.plugins.warnings.ConsoleParserTest
Exploding jenkins.war at C:\Users\toru\.m2\repository\org\jenkins-ci\main\jenkins-war\1.532\jenkins-war-1.532-war-for-test.jar
Sep 11, 2014 8:32:47 AM org.mortbay.log.Slf4jLog info
INFO: Logging to org.slf4j.impl.JDK14LoggerAdapter(org.mortbay.log) via org.mortbay.log.Slf4jLog
Sep 11, 2014 8:32:47 AM org.mortbay.log.Slf4jLog info
INFO: jetty-6.1.26
Sep 11, 2014 8:32:47 AM org.mortbay.log.Slf4jLog info
INFO: NO JSP Support for , did not find org.apache.jasper.servlet.JspServlet
Sep 11, 2014 8:32:47 AM org.mortbay.log.Slf4jLog info
INFO: Started SocketConnector@0.0.0.0:2224
Sep 11, 2014 8:32:48 AM jenkins.InitReactorRunner$1 onAttained
INFO: Started initialization
Sep 11, 2014 8:32:51 AM jenkins.InitReactorRunner$1 onAttained
INFO: Listed all plugins
Sep 11, 2014 8:32:51 AM jenkins.InitReactorRunner$1 onAttained
INFO: Prepared all plugins
Sep 11, 2014 8:32:52 AM jenkins.InitReactorRunner$1 onAttained
INFO: Started all plugins
Sep 11, 2014 8:32:52 AM jenkins.InitReactorRunner$1 onAttained
INFO: Augmented all extensions
Sep 11, 2014 8:32:52 AM jenkins.InitReactorRunner$1 onAttained
INFO: Loaded all jobs
Sep 11, 2014 8:32:53 AM net.java.sezpoz.Index$LazyIndexIterator peek
WARNING: possible endless loop getting index for interface hudson.Extension from classLoader hudson.PluginManager$UberClassLoader
Sep 11, 2014 8:32:54 AM net.java.sezpoz.Index$LazyIndexIterator peek
WARNING: possible endless loop getting index for interface hudson.Extension from classLoader hudson.PluginManager$UberClassLoader
Sep 11, 2014 8:32:55 AM net.java.sezpoz.Index$LazyIndexIterator peek
WARNING: possible endless loop getting index for interface hudson.Extension from classLoader hudson.PluginManager$UberClassLoader
Sep 11, 2014 8:32:57 AM jenkins.InitReactorRunner$1 onAttained
INFO: Completed initialization
Sep 11, 2014 8:32:57 AM hudson.TcpSlaveAgentListener <init>
INFO: JNLP slave agent listener started on TCP port 2229
Tests run: 1, Failures: 0, Errors: 1, Skipped: 0, Time elapsed: 22.058 sec <<< FAILURE!
Running hudson.plugins.warnings.GroovyParserTest
Tests run: 9, Failures: 0, Errors: 0, Skipped: 0, Time elapsed: 0.871 sec
Running hudson.plugins.warnings.parser.AcuCobolParserTest
Tests run: 1, Failures: 0, Errors: 0, Skipped: 0, Time elapsed: 0.016 sec
Running hudson.plugins.warnings.parser.AntJavacParserTest
Tests run: 9, Failures: 0, Errors: 0, Skipped: 0, Time elapsed: 0.035 sec
Running hudson.plugins.warnings.parser.ArmccCompilerParserTest
Tests run: 1, Failures: 0, Errors: 0, Skipped: 0, Time elapsed: 0 sec
Running hudson.plugins.warnings.parser.BuckminsterParserTest
Tests run: 1, Failures: 0, Errors: 0, Skipped: 0, Time elapsed: 0.001 sec
Running hudson.plugins.warnings.parser.BugSerializeModelTest
Tests run: 3, Failures: 0, Errors: 0, Skipped: 0, Time elapsed: 0.072 sec
Running hudson.plugins.warnings.parser.ClangParserTest
Tests run: 3, Failures: 0, Errors: 0, Skipped: 0, Time elapsed: 0.002 sec
Running hudson.plugins.warnings.parser.CodeAnalysisParserTest
Tests run: 1, Failures: 0, Errors: 0, Skipped: 0, Time elapsed: 0.002 sec
Running hudson.plugins.warnings.parser.CoolfluxChessccParserTest
Tests run: 1, Failures: 0, Errors: 0, Skipped: 0, Time elapsed: 0.032 sec
Running hudson.plugins.warnings.parser.CppLintParserTest
Tests run: 2, Failures: 0, Errors: 0, Skipped: 0, Time elapsed: 0.025 sec
Running hudson.plugins.warnings.parser.CssLintParserTest
Tests run: 1, Failures: 0, Errors: 0, Skipped: 0, Time elapsed: 0.008 sec
Running hudson.plugins.warnings.parser.DiabCParserTest
Tests run: 1, Failures: 0, Errors: 0, Skipped: 0, Time elapsed: 0.001 sec
Running hudson.plugins.warnings.parser.DoxygenParserTest
Tests run: 3, Failures: 0, Errors: 0, Skipped: 1, Time elapsed: 0.006 sec
Running hudson.plugins.warnings.parser.DynamicDocumentParserTest
Tests run: 1, Failures: 0, Errors: 0, Skipped: 0, Time elapsed: 0.056 sec
Running hudson.plugins.warnings.parser.DynamicParserTest
Sep 11, 2014 8:32:58 AM hudson.model.ComputerSet <clinit>
WARNING: Failed to instantiate NodeMonitors
java.lang.ArrayIndexOutOfBoundsException: -1
	at com.thoughtworks.xstream.core.util.OrderRetainingMap.entrySet(OrderRetainingMap.java:77)
	at java.util.HashMap.putMapEntries(HashMap.java:511)
	at java.util.HashMap.putAll(HashMap.java:784)
	at com.thoughtworks.xstream.core.util.OrderRetainingMap.<init>(OrderRetainingMap.java:36)
	at com.thoughtworks.xstream.converters.reflection.FieldDictionary.buildMap(FieldDictionary.java:135)
	at com.thoughtworks.xstream.converters.reflection.FieldDictionary.fieldsFor(FieldDictionary.java:76)
	at com.thoughtworks.xstream.converters.reflection.PureJavaReflectionProvider.visitSerializableFields(PureJavaReflectionProvider.java:127)
	at hudson.util.RobustReflectionConverter.doMarshal(RobustReflectionConverter.java:143)
	at hudson.util.RobustReflectionConverter.marshal(RobustReflectionConverter.java:102)
	at com.thoughtworks.xstream.core.AbstractReferenceMarshaller.convert(AbstractReferenceMarshaller.java:69)
	at com.thoughtworks.xstream.core.TreeMarshaller.convertAnother(TreeMarshaller.java:58)
	at com.thoughtworks.xstream.core.TreeMarshaller.convertAnother(TreeMarshaller.java:43)
	at com.thoughtworks.xstream.core.AbstractReferenceMarshaller$1.convertAnother(AbstractReferenceMarshaller.java:88)
	at com.thoughtworks.xstream.converters.collections.AbstractCollectionConverter.writeItem(AbstractCollectionConverter.java:64)
	at hudson.util.DescribableList$ConverterImpl.marshal(DescribableList.java:259)
	at com.thoughtworks.xstream.core.AbstractReferenceMarshaller.convert(AbstractReferenceMarshaller.java:69)
	at com.thoughtworks.xstream.core.TreeMarshaller.convertAnother(TreeMarshaller.java:58)
	at com.thoughtworks.xstream.core.TreeMarshaller.convertAnother(TreeMarshaller.java:43)
	at com.thoughtworks.xstream.core.TreeMarshaller.start(TreeMarshaller.java:82)
	at com.thoughtworks.xstream.core.AbstractTreeMarshallingStrategy.marshal(AbstractTreeMarshallingStrategy.java:37)
	at com.thoughtworks.xstream.XStream.marshal(XStream.java:898)
	at com.thoughtworks.xstream.XStream.marshal(XStream.java:887)
	at com.thoughtworks.xstream.XStream.toXML(XStream.java:860)
	at hudson.XmlFile.write(XmlFile.java:183)
	at hudson.model.ComputerSet$1.save(ComputerSet.java:76)
	at hudson.util.PersistedList.onModified(PersistedList.java:173)
	at hudson.util.PersistedList.replaceBy(PersistedList.java:85)
	at hudson.model.ComputerSet.<clinit>(ComputerSet.java:431)
	at hudson.model.OverallLoadStatistics.computeTotalExecutors(OverallLoadStatistics.java:63)
	at hudson.model.LoadStatistics.updateExecutorCounts(LoadStatistics.java:188)
	at hudson.model.LoadStatistics$LoadStatisticsUpdater.doRun(LoadStatistics.java:226)
	at hudson.triggers.SafeTimerTask.run(SafeTimerTask.java:54)
	at java.util.TimerThread.mainLoop(Timer.java:555)
	at java.util.TimerThread.run(Timer.java:505)

Tests run: 5, Failures: 0, Errors: 0, Skipped: 0, Time elapsed: 0.186 sec
Running hudson.plugins.warnings.parser.EclipseParserTest
Tests run: 8, Failures: 0, Errors: 0, Skipped: 0, Time elapsed: 0.4 sec
Running hudson.plugins.warnings.parser.ErlcParserTest
Tests run: 1, Failures: 0, Errors: 0, Skipped: 0, Time elapsed: 0.001 sec
Running hudson.plugins.warnings.parser.FlexSDKParserTest
Tests run: 1, Failures: 0, Errors: 0, Skipped: 0, Time elapsed: 0.002 sec
Running hudson.plugins.warnings.parser.FxcopParserTest
Tests run: 2, Failures: 0, Errors: 0, Skipped: 0, Time elapsed: 0.07 sec
Running hudson.plugins.warnings.parser.Gcc4CompilerParserTest
Tests run: 9, Failures: 0, Errors: 0, Skipped: 0, Time elapsed: 0.015 sec
Running hudson.plugins.warnings.parser.Gcc4LinkerParserTest
Tests run: 4, Failures: 0, Errors: 0, Skipped: 0, Time elapsed: 0.012 sec
Running hudson.plugins.warnings.parser.GccParserTest
Tests run: 9, Failures: 0, Errors: 0, Skipped: 0, Time elapsed: 0.028 sec
Running hudson.plugins.warnings.parser.GendarmeParserTest
Tests run: 1, Failures: 0, Errors: 0, Skipped: 0, Time elapsed: 0.02 sec
Running hudson.plugins.warnings.parser.GhsMultiParserTest
Tests run: 1, Failures: 0, Errors: 0, Skipped: 0, Time elapsed: 0.001 sec
Running hudson.plugins.warnings.parser.GnatParserTest
Tests run: 1, Failures: 0, Errors: 0, Skipped: 0, Time elapsed: 0.001 sec
Running hudson.plugins.warnings.parser.GnuFortranParserTest
Tests run: 5, Failures: 0, Errors: 0, Skipped: 0, Time elapsed: 0.001 sec
Running hudson.plugins.warnings.parser.GnuMakeGccParserTest
Tests run: 1, Failures: 0, Errors: 0, Skipped: 0, Time elapsed: 0 sec
Running hudson.plugins.warnings.parser.HpiCompileParserTest
Tests run: 1, Failures: 0, Errors: 0, Skipped: 0, Time elapsed: 0 sec
Running hudson.plugins.warnings.parser.IarParserTest
Tests run: 3, Failures: 0, Errors: 0, Skipped: 0, Time elapsed: 0 sec
Running hudson.plugins.warnings.parser.IdeaInspectionParserTest
Tests run: 1, Failures: 0, Errors: 0, Skipped: 0, Time elapsed: 0.003 sec
Running hudson.plugins.warnings.parser.IntelParserTest
Tests run: 2, Failures: 0, Errors: 0, Skipped: 0, Time elapsed: 0.011 sec
Running hudson.plugins.warnings.parser.InvalidsParserTest
Tests run: 1, Failures: 0, Errors: 0, Skipped: 0, Time elapsed: 0.003 sec
Running hudson.plugins.warnings.parser.JavacParserTest
Tests run: 4, Failures: 0, Errors: 0, Skipped: 0, Time elapsed: 0.015 sec
Running hudson.plugins.warnings.parser.JavaDocParserTest
Tests run: 4, Failures: 0, Errors: 0, Skipped: 0, Time elapsed: 0.014 sec
Running hudson.plugins.warnings.parser.JcReportParserTest
Sep 11, 2014 8:32:59 AM org.apache.commons.digester3.Digester fatalError
SEVERE: Parse Fatal Error at line 6 column 222: Element type "item" must be followed by either attribute specifications, ">" or "/>".
org.xml.sax.SAXParseException; lineNumber: 6; columnNumber: 222; Element type "item" must be followed by either attribute specifications, ">" or "/>".
	at org.apache.xerces.util.ErrorHandlerWrapper.createSAXParseException(Unknown Source)
	at org.apache.xerces.util.ErrorHandlerWrapper.fatalError(Unknown Source)
	at org.apache.xerces.impl.XMLErrorReporter.reportError(Unknown Source)
	at org.apache.xerces.impl.XMLErrorReporter.reportError(Unknown Source)
	at org.apache.xerces.impl.XMLErrorReporter.reportError(Unknown Source)
	at org.apache.xerces.impl.XMLScanner.reportFatalError(Unknown Source)
	at org.apache.xerces.impl.XMLDocumentFragmentScannerImpl.scanStartElement(Unknown Source)
	at org.apache.xerces.impl.XMLDocumentFragmentScannerImpl$FragmentContentDispatcher.dispatch(Unknown Source)
	at org.apache.xerces.impl.XMLDocumentFragmentScannerImpl.scanDocument(Unknown Source)
	at org.apache.xerces.parsers.XML11Configuration.parse(Unknown Source)
	at org.apache.xerces.parsers.XML11Configuration.parse(Unknown Source)
	at org.apache.xerces.parsers.XMLParser.parse(Unknown Source)
	at org.apache.xerces.parsers.AbstractSAXParser.parse(Unknown Source)
	at org.apache.xerces.jaxp.SAXParserImpl$JAXPSAXParser.parse(Unknown Source)
	at org.apache.commons.digester3.Digester.parse(Digester.java:1642)
	at hudson.plugins.warnings.parser.jcreport.JcReportParser.createReport(JcReportParser.java:123)
	at hudson.plugins.warnings.parser.jcreport.JcReportParser.parse(JcReportParser.java:58)
	at hudson.plugins.warnings.parser.JcReportParserTest.testSAXEception(JcReportParserTest.java:124)
	at sun.reflect.NativeMethodAccessorImpl.invoke0(Native Method)
	at sun.reflect.NativeMethodAccessorImpl.invoke(NativeMethodAccessorImpl.java:62)
	at sun.reflect.DelegatingMethodAccessorImpl.invoke(DelegatingMethodAccessorImpl.java:43)
	at java.lang.reflect.Method.invoke(Method.java:483)
	at org.junit.runners.model.FrameworkMethod$1.runReflectiveCall(FrameworkMethod.java:47)
	at org.junit.internal.runners.model.ReflectiveCallable.run(ReflectiveCallable.java:12)
	at org.junit.runners.model.FrameworkMethod.invokeExplosively(FrameworkMethod.java:44)
	at org.junit.internal.runners.statements.InvokeMethod.evaluate(InvokeMethod.java:17)
	at org.junit.internal.runners.statements.ExpectException.evaluate(ExpectException.java:19)
	at org.junit.runners.ParentRunner.runLeaf(ParentRunner.java:271)
	at org.junit.runners.BlockJUnit4ClassRunner.runChild(BlockJUnit4ClassRunner.java:70)
	at org.junit.runners.BlockJUnit4ClassRunner.runChild(BlockJUnit4ClassRunner.java:50)
	at org.junit.runners.ParentRunner$3.run(ParentRunner.java:238)
	at org.junit.runners.ParentRunner$1.schedule(ParentRunner.java:63)
	at org.junit.runners.ParentRunner.runChildren(ParentRunner.java:236)
	at org.junit.runners.ParentRunner.access$000(ParentRunner.java:53)
	at org.junit.runners.ParentRunner$2.evaluate(ParentRunner.java:229)
	at org.junit.runners.ParentRunner.run(ParentRunner.java:309)
	at org.apache.maven.surefire.junit4.JUnit4TestSet.execute(JUnit4TestSet.java:53)
	at org.apache.maven.surefire.junit4.JUnit4Provider.executeTestSet(JUnit4Provider.java:123)
	at org.apache.maven.surefire.junit4.JUnit4Provider.invoke(JUnit4Provider.java:104)
	at sun.reflect.NativeMethodAccessorImpl.invoke0(Native Method)
	at sun.reflect.NativeMethodAccessorImpl.invoke(NativeMethodAccessorImpl.java:62)
	at sun.reflect.DelegatingMethodAccessorImpl.invoke(DelegatingMethodAccessorImpl.java:43)
	at java.lang.reflect.Method.invoke(Method.java:483)
	at org.apache.maven.surefire.util.ReflectionUtils.invokeMethodWithArray(ReflectionUtils.java:164)
	at org.apache.maven.surefire.booter.ProviderFactory$ProviderProxy.invoke(ProviderFactory.java:110)
	at org.apache.maven.surefire.booter.SurefireStarter.invokeProvider(SurefireStarter.java:172)
	at org.apache.maven.surefire.booter.SurefireStarter.runSuitesInProcessWhenForked(SurefireStarter.java:104)
	at org.apache.maven.surefire.booter.ForkedBooter.main(ForkedBooter.java:70)

Sep 11, 2014 8:32:59 AM org.apache.commons.digester3.Digester parse
SEVERE: An error occurred while parsing XML from '(already loaded from stream)', see nested exceptions
org.xml.sax.SAXParseException; lineNumber: 6; columnNumber: 222; Element type "item" must be followed by either attribute specifications, ">" or "/>".
	at org.apache.xerces.parsers.AbstractSAXParser.parse(Unknown Source)
	at org.apache.xerces.jaxp.SAXParserImpl$JAXPSAXParser.parse(Unknown Source)
	at org.apache.commons.digester3.Digester.parse(Digester.java:1642)
	at hudson.plugins.warnings.parser.jcreport.JcReportParser.createReport(JcReportParser.java:123)
	at hudson.plugins.warnings.parser.jcreport.JcReportParser.parse(JcReportParser.java:58)
	at hudson.plugins.warnings.parser.JcReportParserTest.testSAXEception(JcReportParserTest.java:124)
	at sun.reflect.NativeMethodAccessorImpl.invoke0(Native Method)
	at sun.reflect.NativeMethodAccessorImpl.invoke(NativeMethodAccessorImpl.java:62)
	at sun.reflect.DelegatingMethodAccessorImpl.invoke(DelegatingMethodAccessorImpl.java:43)
	at java.lang.reflect.Method.invoke(Method.java:483)
	at org.junit.runners.model.FrameworkMethod$1.runReflectiveCall(FrameworkMethod.java:47)
	at org.junit.internal.runners.model.ReflectiveCallable.run(ReflectiveCallable.java:12)
	at org.junit.runners.model.FrameworkMethod.invokeExplosively(FrameworkMethod.java:44)
	at org.junit.internal.runners.statements.InvokeMethod.evaluate(InvokeMethod.java:17)
	at org.junit.internal.runners.statements.ExpectException.evaluate(ExpectException.java:19)
	at org.junit.runners.ParentRunner.runLeaf(ParentRunner.java:271)
	at org.junit.runners.BlockJUnit4ClassRunner.runChild(BlockJUnit4ClassRunner.java:70)
	at org.junit.runners.BlockJUnit4ClassRunner.runChild(BlockJUnit4ClassRunner.java:50)
	at org.junit.runners.ParentRunner$3.run(ParentRunner.java:238)
	at org.junit.runners.ParentRunner$1.schedule(ParentRunner.java:63)
	at org.junit.runners.ParentRunner.runChildren(ParentRunner.java:236)
	at org.junit.runners.ParentRunner.access$000(ParentRunner.java:53)
	at org.junit.runners.ParentRunner$2.evaluate(ParentRunner.java:229)
	at org.junit.runners.ParentRunner.run(ParentRunner.java:309)
	at org.apache.maven.surefire.junit4.JUnit4TestSet.execute(JUnit4TestSet.java:53)
	at org.apache.maven.surefire.junit4.JUnit4Provider.executeTestSet(JUnit4Provider.java:123)
	at org.apache.maven.surefire.junit4.JUnit4Provider.invoke(JUnit4Provider.java:104)
	at sun.reflect.NativeMethodAccessorImpl.invoke0(Native Method)
	at sun.reflect.NativeMethodAccessorImpl.invoke(NativeMethodAccessorImpl.java:62)
	at sun.reflect.DelegatingMethodAccessorImpl.invoke(DelegatingMethodAccessorImpl.java:43)
	at java.lang.reflect.Method.invoke(Method.java:483)
	at org.apache.maven.surefire.util.ReflectionUtils.invokeMethodWithArray(ReflectionUtils.java:164)
	at org.apache.maven.surefire.booter.ProviderFactory$ProviderProxy.invoke(ProviderFactory.java:110)
	at org.apache.maven.surefire.booter.SurefireStarter.invokeProvider(SurefireStarter.java:172)
	at org.apache.maven.surefire.booter.SurefireStarter.runSuitesInProcessWhenForked(SurefireStarter.java:104)
	at org.apache.maven.surefire.booter.ForkedBooter.main(ForkedBooter.java:70)

Tests run: 4, Failures: 0, Errors: 0, Skipped: 0, Time elapsed: 0.079 sec
Running hudson.plugins.warnings.parser.JSLintParserTest
Tests run: 4, Failures: 0, Errors: 0, Skipped: 0, Time elapsed: 0.271 sec
Running hudson.plugins.warnings.parser.MavenConsoleParserTest
Tests run: 2, Failures: 0, Errors: 0, Skipped: 0, Time elapsed: 0.006 sec
Running hudson.plugins.warnings.parser.MavenParserTest
Tests run: 1, Failures: 0, Errors: 0, Skipped: 0, Time elapsed: 0.001 sec
Running hudson.plugins.warnings.parser.MsBuildParserTest
Tests run: 12, Failures: 0, Errors: 0, Skipped: 0, Time elapsed: 0.065 sec
Running hudson.plugins.warnings.parser.NagFortranParserTest
Tests run: 11, Failures: 0, Errors: 0, Skipped: 0, Time elapsed: 0.006 sec
Running hudson.plugins.warnings.parser.P4ParserTest
Tests run: 1, Failures: 0, Errors: 0, Skipped: 0, Time elapsed: 0.002 sec
Running hudson.plugins.warnings.parser.ParserRegistryIntegrationTest
Sep 11, 2014 8:32:59 AM org.mortbay.log.Slf4jLog info
INFO: jetty-6.1.26
Sep 11, 2014 8:32:59 AM org.mortbay.log.Slf4jLog info
INFO: NO JSP Support for , did not find org.apache.jasper.servlet.JspServlet
Sep 11, 2014 8:32:59 AM org.mortbay.log.Slf4jLog info
INFO: Started SocketConnector@0.0.0.0:2230
Sep 11, 2014 8:33:00 AM org.mortbay.log.Slf4jLog info
INFO: jetty-6.1.26
Sep 11, 2014 8:33:00 AM org.mortbay.log.Slf4jLog info
INFO: NO JSP Support for , did not find org.apache.jasper.servlet.JspServlet
Sep 11, 2014 8:33:00 AM org.mortbay.log.Slf4jLog info
INFO: Started SocketConnector@0.0.0.0:2231
Sep 11, 2014 8:33:00 AM jenkins.InitReactorRunner$1 onAttained
INFO: Started initialization
Sep 11, 2014 8:33:00 AM jenkins.InitReactorRunner$1 onAttained
INFO: Listed all plugins
Sep 11, 2014 8:33:00 AM jenkins.InitReactorRunner$1 onAttained
INFO: Prepared all plugins
Sep 11, 2014 8:33:00 AM jenkins.InitReactorRunner$1 onAttained
INFO: Started all plugins
Sep 11, 2014 8:33:00 AM jenkins.InitReactorRunner$1 onAttained
INFO: Augmented all extensions
Sep 11, 2014 8:33:00 AM jenkins.InitReactorRunner$1 onAttained
INFO: Loaded all jobs
Sep 11, 2014 8:33:01 AM net.java.sezpoz.Index$LazyIndexIterator peek
WARNING: possible endless loop getting index for interface hudson.Extension from classLoader hudson.PluginManager$UberClassLoader
Sep 11, 2014 8:33:02 AM net.java.sezpoz.Index$LazyIndexIterator peek
WARNING: possible endless loop getting index for interface hudson.Extension from classLoader hudson.PluginManager$UberClassLoader
Sep 11, 2014 8:33:03 AM net.java.sezpoz.Index$LazyIndexIterator peek
WARNING: possible endless loop getting index for interface hudson.Extension from classLoader hudson.PluginManager$UberClassLoader
Sep 11, 2014 8:33:03 AM jenkins.InitReactorRunner$1 onAttained
INFO: Completed initialization
Sep 11, 2014 8:33:03 AM hudson.TcpSlaveAgentListener <init>
INFO: JNLP slave agent listener started on TCP port 2235
Sep 11, 2014 8:33:03 AM org.mortbay.log.Slf4jLog info
INFO: jetty-6.1.26
Sep 11, 2014 8:33:03 AM org.mortbay.log.Slf4jLog info
INFO: NO JSP Support for , did not find org.apache.jasper.servlet.JspServlet
Sep 11, 2014 8:33:03 AM org.mortbay.log.Slf4jLog info
INFO: Started SocketConnector@0.0.0.0:2236
Sep 11, 2014 8:33:04 AM org.mortbay.log.Slf4jLog info
INFO: jetty-6.1.26
Sep 11, 2014 8:33:04 AM org.mortbay.log.Slf4jLog info
INFO: NO JSP Support for , did not find org.apache.jasper.servlet.JspServlet
Sep 11, 2014 8:33:04 AM org.mortbay.log.Slf4jLog info
INFO: Started SocketConnector@0.0.0.0:2237
Sep 11, 2014 8:33:04 AM jenkins.InitReactorRunner$1 onAttained
INFO: Started initialization
Sep 11, 2014 8:33:04 AM jenkins.InitReactorRunner$1 onAttained
INFO: Listed all plugins
Sep 11, 2014 8:33:04 AM jenkins.InitReactorRunner$1 onAttained
INFO: Prepared all plugins
Sep 11, 2014 8:33:04 AM jenkins.InitReactorRunner$1 onAttained
INFO: Started all plugins
Sep 11, 2014 8:33:04 AM jenkins.InitReactorRunner$1 onAttained
INFO: Augmented all extensions
Sep 11, 2014 8:33:04 AM jenkins.InitReactorRunner$1 onAttained
INFO: Loaded all jobs
Sep 11, 2014 8:33:05 AM net.java.sezpoz.Index$LazyIndexIterator peek
WARNING: possible endless loop getting index for interface hudson.Extension from classLoader hudson.PluginManager$UberClassLoader
Sep 11, 2014 8:33:05 AM net.java.sezpoz.Index$LazyIndexIterator peek
WARNING: possible endless loop getting index for interface hudson.Extension from classLoader hudson.PluginManager$UberClassLoader
Sep 11, 2014 8:33:06 AM net.java.sezpoz.Index$LazyIndexIterator peek
WARNING: possible endless loop getting index for interface hudson.Extension from classLoader hudson.PluginManager$UberClassLoader
Sep 11, 2014 8:33:07 AM jenkins.InitReactorRunner$1 onAttained
INFO: Completed initialization
Sep 11, 2014 8:33:07 AM hudson.TcpSlaveAgentListener <init>
INFO: JNLP slave agent listener started on TCP port 2238
Sep 11, 2014 8:33:08 AM org.mortbay.log.Slf4jLog info
INFO: jetty-6.1.26
Sep 11, 2014 8:33:08 AM org.mortbay.log.Slf4jLog info
INFO: NO JSP Support for , did not find org.apache.jasper.servlet.JspServlet
Sep 11, 2014 8:33:08 AM org.mortbay.log.Slf4jLog info
INFO: Started SocketConnector@0.0.0.0:2239
Sep 11, 2014 8:33:08 AM org.mortbay.log.Slf4jLog info
INFO: jetty-6.1.26
Sep 11, 2014 8:33:08 AM org.mortbay.log.Slf4jLog info
INFO: NO JSP Support for , did not find org.apache.jasper.servlet.JspServlet
Sep 11, 2014 8:33:08 AM org.mortbay.log.Slf4jLog info
INFO: Started SocketConnector@0.0.0.0:2240
Sep 11, 2014 8:33:08 AM jenkins.InitReactorRunner$1 onAttained
INFO: Started initialization
Sep 11, 2014 8:33:08 AM jenkins.InitReactorRunner$1 onAttained
INFO: Listed all plugins
Sep 11, 2014 8:33:08 AM jenkins.InitReactorRunner$1 onAttained
INFO: Prepared all plugins
Sep 11, 2014 8:33:08 AM jenkins.InitReactorRunner$1 onAttained
INFO: Started all plugins
Sep 11, 2014 8:33:08 AM jenkins.InitReactorRunner$1 onAttained
INFO: Augmented all extensions
Sep 11, 2014 8:33:08 AM jenkins.InitReactorRunner$1 onAttained
INFO: Loaded all jobs
Sep 11, 2014 8:33:09 AM net.java.sezpoz.Index$LazyIndexIterator peek
WARNING: possible endless loop getting index for interface hudson.Extension from classLoader hudson.PluginManager$UberClassLoader
Sep 11, 2014 8:33:09 AM net.java.sezpoz.Index$LazyIndexIterator peek
WARNING: possible endless loop getting index for interface hudson.Extension from classLoader hudson.PluginManager$UberClassLoader
Sep 11, 2014 8:33:10 AM net.java.sezpoz.Index$LazyIndexIterator peek
WARNING: possible endless loop getting index for interface hudson.Extension from classLoader hudson.PluginManager$UberClassLoader
Sep 11, 2014 8:33:11 AM jenkins.InitReactorRunner$1 onAttained
INFO: Completed initialization
Sep 11, 2014 8:33:11 AM hudson.TcpSlaveAgentListener <init>
INFO: JNLP slave agent listener started on TCP port 2242
Sep 11, 2014 8:33:11 AM org.mortbay.log.Slf4jLog info
INFO: jetty-6.1.26
Sep 11, 2014 8:33:11 AM org.mortbay.log.Slf4jLog info
INFO: NO JSP Support for , did not find org.apache.jasper.servlet.JspServlet
Sep 11, 2014 8:33:11 AM org.mortbay.log.Slf4jLog info
INFO: Started SocketConnector@0.0.0.0:2243
Sep 11, 2014 8:33:11 AM org.mortbay.log.Slf4jLog info
INFO: jetty-6.1.26
Sep 11, 2014 8:33:11 AM org.mortbay.log.Slf4jLog info
INFO: NO JSP Support for , did not find org.apache.jasper.servlet.JspServlet
Sep 11, 2014 8:33:11 AM org.mortbay.log.Slf4jLog info
INFO: Started SocketConnector@0.0.0.0:2244
Sep 11, 2014 8:33:12 AM jenkins.InitReactorRunner$1 onAttained
INFO: Started initialization
Sep 11, 2014 8:33:12 AM jenkins.InitReactorRunner$1 onAttained
INFO: Listed all plugins
Sep 11, 2014 8:33:12 AM jenkins.InitReactorRunner$1 onAttained
INFO: Prepared all plugins
Sep 11, 2014 8:33:12 AM jenkins.InitReactorRunner$1 onAttained
INFO: Started all plugins
Sep 11, 2014 8:33:12 AM jenkins.InitReactorRunner$1 onAttained
INFO: Augmented all extensions
Sep 11, 2014 8:33:12 AM jenkins.InitReactorRunner$1 onAttained
INFO: Loaded all jobs
Sep 11, 2014 8:33:12 AM net.java.sezpoz.Index$LazyIndexIterator peek
WARNING: possible endless loop getting index for interface hudson.Extension from classLoader hudson.PluginManager$UberClassLoader
Sep 11, 2014 8:33:13 AM net.java.sezpoz.Index$LazyIndexIterator peek
WARNING: possible endless loop getting index for interface hudson.Extension from classLoader hudson.PluginManager$UberClassLoader
Sep 11, 2014 8:33:14 AM net.java.sezpoz.Index$LazyIndexIterator peek
WARNING: possible endless loop getting index for interface hudson.Extension from classLoader hudson.PluginManager$UberClassLoader
Sep 11, 2014 8:33:15 AM jenkins.InitReactorRunner$1 onAttained
INFO: Completed initialization
Sep 11, 2014 8:33:15 AM hudson.TcpSlaveAgentListener <init>
INFO: JNLP slave agent listener started on TCP port 2245
Sep 11, 2014 8:33:15 AM org.mortbay.log.Slf4jLog info
INFO: jetty-6.1.26
Sep 11, 2014 8:33:15 AM org.mortbay.log.Slf4jLog info
INFO: NO JSP Support for , did not find org.apache.jasper.servlet.JspServlet
Sep 11, 2014 8:33:15 AM org.mortbay.log.Slf4jLog info
INFO: Started SocketConnector@0.0.0.0:2246
Sep 11, 2014 8:33:15 AM org.mortbay.log.Slf4jLog info
INFO: jetty-6.1.26
Sep 11, 2014 8:33:15 AM org.mortbay.log.Slf4jLog info
INFO: NO JSP Support for , did not find org.apache.jasper.servlet.JspServlet
Sep 11, 2014 8:33:15 AM org.mortbay.log.Slf4jLog info
INFO: Started SocketConnector@0.0.0.0:2247
Sep 11, 2014 8:33:16 AM jenkins.InitReactorRunner$1 onAttained
INFO: Started initialization
Sep 11, 2014 8:33:16 AM jenkins.InitReactorRunner$1 onAttained
INFO: Listed all plugins
Sep 11, 2014 8:33:16 AM jenkins.InitReactorRunner$1 onAttained
INFO: Prepared all plugins
Sep 11, 2014 8:33:16 AM jenkins.InitReactorRunner$1 onAttained
INFO: Started all plugins
Sep 11, 2014 8:33:16 AM jenkins.InitReactorRunner$1 onAttained
INFO: Augmented all extensions
Sep 11, 2014 8:33:16 AM jenkins.InitReactorRunner$1 onAttained
INFO: Loaded all jobs
Sep 11, 2014 8:33:16 AM net.java.sezpoz.Index$LazyIndexIterator peek
WARNING: possible endless loop getting index for interface hudson.Extension from classLoader hudson.PluginManager$UberClassLoader
Sep 11, 2014 8:33:17 AM net.java.sezpoz.Index$LazyIndexIterator peek
WARNING: possible endless loop getting index for interface hudson.Extension from classLoader hudson.PluginManager$UberClassLoader
Sep 11, 2014 8:33:18 AM net.java.sezpoz.Index$LazyIndexIterator peek
WARNING: possible endless loop getting index for interface hudson.Extension from classLoader hudson.PluginManager$UberClassLoader
Sep 11, 2014 8:33:18 AM jenkins.InitReactorRunner$1 onAttained
INFO: Completed initialization
Sep 11, 2014 8:33:18 AM hudson.TcpSlaveAgentListener <init>
INFO: JNLP slave agent listener started on TCP port 2251
Sep 11, 2014 8:33:18 AM org.mortbay.log.Slf4jLog info
INFO: jetty-6.1.26
Sep 11, 2014 8:33:18 AM org.mortbay.log.Slf4jLog info
INFO: NO JSP Support for , did not find org.apache.jasper.servlet.JspServlet
Sep 11, 2014 8:33:18 AM org.mortbay.log.Slf4jLog info
INFO: Started SocketConnector@0.0.0.0:2252
Sep 11, 2014 8:33:19 AM org.mortbay.log.Slf4jLog info
INFO: jetty-6.1.26
Sep 11, 2014 8:33:19 AM org.mortbay.log.Slf4jLog info
INFO: NO JSP Support for , did not find org.apache.jasper.servlet.JspServlet
Sep 11, 2014 8:33:19 AM org.mortbay.log.Slf4jLog info
INFO: Started SocketConnector@0.0.0.0:2253
Sep 11, 2014 8:33:19 AM jenkins.InitReactorRunner$1 onAttained
INFO: Started initialization
Sep 11, 2014 8:33:19 AM jenkins.InitReactorRunner$1 onAttained
INFO: Listed all plugins
Sep 11, 2014 8:33:19 AM jenkins.InitReactorRunner$1 onAttained
INFO: Prepared all plugins
Sep 11, 2014 8:33:19 AM jenkins.InitReactorRunner$1 onAttained
INFO: Started all plugins
Sep 11, 2014 8:33:19 AM jenkins.InitReactorRunner$1 onAttained
INFO: Augmented all extensions
Sep 11, 2014 8:33:19 AM jenkins.InitReactorRunner$1 onAttained
INFO: Loaded all jobs
Sep 11, 2014 8:33:20 AM net.java.sezpoz.Index$LazyIndexIterator peek
WARNING: possible endless loop getting index for interface hudson.Extension from classLoader hudson.PluginManager$UberClassLoader
Sep 11, 2014 8:33:20 AM net.java.sezpoz.Index$LazyIndexIterator peek
WARNING: possible endless loop getting index for interface hudson.Extension from classLoader hudson.PluginManager$UberClassLoader
Sep 11, 2014 8:33:21 AM net.java.sezpoz.Index$LazyIndexIterator peek
WARNING: possible endless loop getting index for interface hudson.Extension from classLoader hudson.PluginManager$UberClassLoader
Sep 11, 2014 8:33:22 AM jenkins.InitReactorRunner$1 onAttained
INFO: Completed initialization
Sep 11, 2014 8:33:22 AM hudson.TcpSlaveAgentListener <init>
INFO: JNLP slave agent listener started on TCP port 2254
Tests run: 12, Failures: 0, Errors: 12, Skipped: 0, Time elapsed: 22.556 sec <<< FAILURE!
Running hudson.plugins.warnings.parser.ParserRegistryTest
Tests run: 10, Failures: 0, Errors: 0, Skipped: 0, Time elapsed: 1.405 sec
Running hudson.plugins.warnings.parser.Pep8ParserTest
Tests run: 1, Failures: 0, Errors: 0, Skipped: 0, Time elapsed: 0.011 sec
Running hudson.plugins.warnings.parser.PerlCriticParserTest
Tests run: 3, Failures: 0, Errors: 0, Skipped: 0, Time elapsed: 0.014 sec
Running hudson.plugins.warnings.parser.PhpParserTest
Tests run: 1, Failures: 0, Errors: 0, Skipped: 0, Time elapsed: 0.001 sec
Running hudson.plugins.warnings.parser.PREfastParserTest
Tests run: 1, Failures: 0, Errors: 0, Skipped: 0, Time elapsed: 0.001 sec
Running hudson.plugins.warnings.parser.PuppetLintParserTest
Tests run: 1, Failures: 0, Errors: 0, Skipped: 0, Time elapsed: 0.001 sec
Running hudson.plugins.warnings.parser.PylintParserTest
Tests run: 1, Failures: 0, Errors: 0, Skipped: 0, Time elapsed: 0 sec
Running hudson.plugins.warnings.parser.ResharperInspectCodeParserTest
Tests run: 1, Failures: 0, Errors: 0, Skipped: 0, Time elapsed: 0 sec
Running hudson.plugins.warnings.parser.RobocopyParserTest
Tests run: 1, Failures: 0, Errors: 0, Skipped: 0, Time elapsed: 0 sec
Running hudson.plugins.warnings.parser.StyleCopParserTest
Tests run: 3, Failures: 0, Errors: 0, Skipped: 0, Time elapsed: 0.003 sec
Running hudson.plugins.warnings.parser.SunCParserTest
Tests run: 1, Failures: 0, Errors: 0, Skipped: 0, Time elapsed: 0 sec
Running hudson.plugins.warnings.parser.TiCcsParserTest
Tests run: 1, Failures: 0, Errors: 0, Skipped: 0, Time elapsed: 0.001 sec
Running hudson.plugins.warnings.parser.TnsdlParserTest
Tests run: 1, Failures: 0, Errors: 0, Skipped: 0, Time elapsed: 0 sec
Running hudson.plugins.warnings.parser.ViolationsAdapterTest
Sep 11, 2014 8:33:23 AM hudson.plugins.violations.types.gendarme.GendarmeParser parse
INFO: Starting Gendarme parsing
Sep 11, 2014 8:33:23 AM hudson.plugins.violations.types.gendarme.GendarmeParser parseViolations
INFO: fileModel.getSourceFile() : null
Sep 11, 2014 8:33:23 AM hudson.plugins.violations.types.gendarme.GendarmeParser parseViolations
INFO: fileModel.getDisplayName() : Hudson.Domain.dll
Sep 11, 2014 8:33:23 AM hudson.plugins.violations.types.gendarme.GendarmeParser parseViolations
INFO: reportParentFile : null
Sep 11, 2014 8:33:23 AM hudson.plugins.violations.types.gendarme.GendarmeParser parseViolations
INFO: fileName : 
Sep 11, 2014 8:33:23 AM hudson.plugins.violations.types.gendarme.GendarmeParser parseViolations
INFO: filePath : 
Sep 11, 2014 8:33:23 AM hudson.plugins.violations.types.gendarme.GendarmeParser parseViolations
INFO: matcher.groupCount() : 2
Sep 11, 2014 8:33:23 AM hudson.plugins.violations.types.gendarme.GendarmeParser parseViolations
INFO: matcher.matches() : true
Sep 11, 2014 8:33:23 AM hudson.plugins.violations.types.gendarme.GendarmeParser parseViolations
INFO: source : /Dev/src/hudson/Hudson.Domain/Dog.cs(?10)
Sep 11, 2014 8:33:23 AM hudson.plugins.violations.types.gendarme.GendarmeParser parseViolations
INFO: group(1): /Dev/src/hudson/Hudson.Domain/Dog.cs
Sep 11, 2014 8:33:23 AM hudson.plugins.violations.types.gendarme.GendarmeParser parseViolations
INFO: group(2): 10
Sep 11, 2014 8:33:23 AM hudson.plugins.violations.types.gendarme.GendarmeParser parseViolations
INFO: sourceFile.exists()==false: \Dev\src\hudson\Hudson.Domain,Dog.cs
Sep 11, 2014 8:33:23 AM hudson.plugins.violations.types.gendarme.GendarmeParser parseViolations
INFO: fileModel.getDisplayName() : Dev/src/hudson/Hudson.Domain/Dog.cs
Sep 11, 2014 8:33:23 AM hudson.plugins.violations.types.gendarme.GendarmeParser parseViolations
INFO: reportParentFile : null
Sep 11, 2014 8:33:23 AM hudson.plugins.violations.types.gendarme.GendarmeParser parseViolations
INFO: fileName : Dog.cs
Sep 11, 2014 8:33:23 AM hudson.plugins.violations.types.gendarme.GendarmeParser parseViolations
INFO: filePath : \Dev\src\hudson\Hudson.Domain
Sep 11, 2014 8:33:23 AM hudson.plugins.violations.types.gendarme.GendarmeParser parseViolations
INFO: matcher.groupCount() : 2
Sep 11, 2014 8:33:23 AM hudson.plugins.violations.types.gendarme.GendarmeParser parseViolations
INFO: matcher.matches() : true
Sep 11, 2014 8:33:23 AM hudson.plugins.violations.types.gendarme.GendarmeParser parseViolations
INFO: source : /Dev/src/hudson/Hudson.Domain/Dog.cs(?22)
Sep 11, 2014 8:33:23 AM hudson.plugins.violations.types.gendarme.GendarmeParser parseViolations
INFO: group(1): /Dev/src/hudson/Hudson.Domain/Dog.cs
Sep 11, 2014 8:33:23 AM hudson.plugins.violations.types.gendarme.GendarmeParser parseViolations
INFO: group(2): 22
Sep 11, 2014 8:33:23 AM hudson.plugins.violations.types.gendarme.GendarmeParser parseViolations
INFO: sourceFile.exists()==false: \Dev\src\hudson\Hudson.Domain,Dog.cs
Sep 11, 2014 8:33:23 AM hudson.plugins.violations.types.gendarme.GendarmeParser parseViolations
INFO: fileModel.getDisplayName() : Dev/src/hudson/Hudson.Domain/Dog.cs
Sep 11, 2014 8:33:23 AM hudson.plugins.violations.types.gendarme.GendarmeParser parseViolations
INFO: reportParentFile : null
Sep 11, 2014 8:33:23 AM hudson.plugins.violations.types.gendarme.GendarmeParser parseViolations
INFO: fileName : Dog.cs
Sep 11, 2014 8:33:23 AM hudson.plugins.violations.types.gendarme.GendarmeParser parseViolations
INFO: filePath : \Dev\src\hudson\Hudson.Domain
Tests run: 4, Failures: 0, Errors: 0, Skipped: 0, Time elapsed: 0.039 sec
Running hudson.plugins.warnings.parser.WarningTest
Tests run: 2, Failures: 0, Errors: 0, Skipped: 0, Time elapsed: 0.001 sec
Running hudson.plugins.warnings.parser.XlcLinkerParserTest
Tests run: 6, Failures: 0, Errors: 0, Skipped: 0, Time elapsed: 0.001 sec
Running hudson.plugins.warnings.parser.XlcParserTest
Tests run: 9, Failures: 0, Errors: 0, Skipped: 0, Time elapsed: 0.001 sec
Running hudson.plugins.warnings.parser.YuiCompressorParserTest
Tests run: 1, Failures: 0, Errors: 0, Skipped: 0, Time elapsed: 0.001 sec
Running hudson.plugins.warnings.ParserConfigurationTest
Sep 11, 2014 8:33:23 AM org.mortbay.log.Slf4jLog info
INFO: jetty-6.1.26
Sep 11, 2014 8:33:23 AM org.mortbay.log.Slf4jLog info
INFO: NO JSP Support for , did not find org.apache.jasper.servlet.JspServlet
Sep 11, 2014 8:33:23 AM org.mortbay.log.Slf4jLog info
INFO: Started SocketConnector@0.0.0.0:2255
Tests run: 1, Failures: 0, Errors: 1, Skipped: 0, Time elapsed: 0.163 sec <<< FAILURE!
Running hudson.plugins.warnings.WarningsDifferencerTest
Tests run: 5, Failures: 0, Errors: 0, Skipped: 0, Time elapsed: 0.002 sec
Running hudson.plugins.warnings.WarningsHealthDescriptorTest
Tests run: 7, Failures: 0, Errors: 0, Skipped: 0, Time elapsed: 0.158 sec
Running hudson.plugins.warnings.WarningsPublisherTest
Sep 11, 2014 8:33:24 AM hudson.triggers.Trigger$Cron doRun
WARNING: Cron thread throw an exception
java.lang.NullPointerException
	at hudson.triggers.Trigger.checkTriggers(Trigger.java:227)
	at hudson.triggers.Trigger$Cron.doRun(Trigger.java:209)
	at hudson.triggers.SafeTimerTask.run(SafeTimerTask.java:54)
	at java.util.TimerThread.mainLoop(Timer.java:555)
	at java.util.TimerThread.run(Timer.java:505)

java.lang.NullPointerException
	at hudson.triggers.Trigger.checkTriggers(Trigger.java:227)
	at hudson.triggers.Trigger$Cron.doRun(Trigger.java:209)
	at hudson.triggers.SafeTimerTask.run(SafeTimerTask.java:54)
	at java.util.TimerThread.mainLoop(Timer.java:555)
	at java.util.TimerThread.run(Timer.java:505)
Sep 11, 2014 8:33:24 AM org.mortbay.log.Slf4jLog info
INFO: jetty-6.1.26
Sep 11, 2014 8:33:24 AM org.mortbay.log.Slf4jLog info
INFO: NO JSP Support for , did not find org.apache.jasper.servlet.JspServlet
Sep 11, 2014 8:33:24 AM org.mortbay.log.Slf4jLog info
INFO: Started SocketConnector@0.0.0.0:2256
Sep 11, 2014 8:33:24 AM jenkins.InitReactorRunner$1 onAttained
INFO: Started initialization
Sep 11, 2014 8:33:24 AM jenkins.InitReactorRunner$1 onAttained
INFO: Listed all plugins
Sep 11, 2014 8:33:24 AM jenkins.InitReactorRunner$1 onAttained
INFO: Prepared all plugins
Sep 11, 2014 8:33:24 AM jenkins.InitReactorRunner$1 onAttained
INFO: Started all plugins
Sep 11, 2014 8:33:24 AM jenkins.InitReactorRunner$1 onAttained
INFO: Augmented all extensions
Sep 11, 2014 8:33:24 AM jenkins.InitReactorRunner$1 onAttained
INFO: Loaded all jobs
Sep 11, 2014 8:33:25 AM net.java.sezpoz.Index$LazyIndexIterator peek
WARNING: possible endless loop getting index for interface hudson.Extension from classLoader hudson.PluginManager$UberClassLoader
Sep 11, 2014 8:33:25 AM net.java.sezpoz.Index$LazyIndexIterator peek
WARNING: possible endless loop getting index for interface hudson.Extension from classLoader hudson.PluginManager$UberClassLoader
Sep 11, 2014 8:33:26 AM net.java.sezpoz.Index$LazyIndexIterator peek
WARNING: possible endless loop getting index for interface hudson.Extension from classLoader hudson.PluginManager$UberClassLoader
Sep 11, 2014 8:33:27 AM jenkins.InitReactorRunner$1 onAttained
INFO: Completed initialization
Sep 11, 2014 8:33:27 AM hudson.TcpSlaveAgentListener <init>
INFO: JNLP slave agent listener started on TCP port 2257
Sep 11, 2014 8:33:27 AM org.mortbay.log.Slf4jLog info
INFO: jetty-6.1.26
Sep 11, 2014 8:33:27 AM org.mortbay.log.Slf4jLog info
INFO: NO JSP Support for , did not find org.apache.jasper.servlet.JspServlet
Sep 11, 2014 8:33:27 AM org.mortbay.log.Slf4jLog info
INFO: Started SocketConnector@0.0.0.0:2258
Tests run: 2, Failures: 0, Errors: 2, Skipped: 0, Time elapsed: 3.288 sec <<< FAILURE!
Running hudson.plugins.warnings.WarningsResultTest
Tests run: 16, Failures: 0, Errors: 0, Skipped: 0, Time elapsed: 0.097 sec
java.nio.file.FileSystemException: R:\Temp\hudson8646125278635078493tmp\credentials\WEB-INF\lib\classes.jar: プロセスはファイルにアクセスできません。別のプロセスが使用中です。
	at sun.nio.fs.WindowsException.translateToIOException(WindowsException.java:86)
	at sun.nio.fs.WindowsException.rethrowAsIOException(WindowsException.java:97)
	at sun.nio.fs.WindowsException.rethrowAsIOException(WindowsException.java:102)
	at sun.nio.fs.WindowsFileSystemProvider.implDelete(WindowsFileSystemProvider.java:269)
	at sun.nio.fs.AbstractFileSystemProvider.delete(AbstractFileSystemProvider.java:103)
	at java.nio.file.Files.delete(Files.java:1126)
	at sun.reflect.NativeMethodAccessorImpl.invoke0(Native Method)
	at sun.reflect.NativeMethodAccessorImpl.invoke(NativeMethodAccessorImpl.java:62)
	at sun.reflect.DelegatingMethodAccessorImpl.invoke(DelegatingMethodAccessorImpl.java:43)
	at java.lang.reflect.Method.invoke(Method.java:483)
	at hudson.Util.deleteFile(Util.java:239)
	at hudson.Util.deleteRecursive(Util.java:307)
	at hudson.Util.deleteContentsRecursive(Util.java:204)
	at hudson.Util.deleteRecursive(Util.java:298)
	at hudson.Util.deleteContentsRecursive(Util.java:204)
	at hudson.Util.deleteRecursive(Util.java:298)
	at hudson.Util.deleteContentsRecursive(Util.java:204)
	at hudson.Util.deleteRecursive(Util.java:298)
	at hudson.Util.deleteContentsRecursive(Util.java:204)
	at hudson.Util.deleteRecursive(Util.java:298)
	at org.jvnet.hudson.test.TestPluginManager$1.run(TestPluginManager.java:146)

Results :

Tests in error: 
  testFiltering(hudson.plugins.warnings.ConsoleParserTest): -1
  testUiMappingJava(hudson.plugins.warnings.parser.ParserRegistryIntegrationTest): second instance
  testPullRequest41(hudson.plugins.warnings.parser.ParserRegistryIntegrationTest): -1
  testOldJavaSerialization(hudson.plugins.warnings.parser.ParserRegistryIntegrationTest): second instance
  testOldJavaSerializationActualParsing(hudson.plugins.warnings.parser.ParserRegistryIntegrationTest): -1
  testRegistry(hudson.plugins.warnings.parser.ParserRegistryIntegrationTest): second instance
  testParserRegistration(hudson.plugins.warnings.parser.ParserRegistryIntegrationTest): -1
  testIssue17762(hudson.plugins.warnings.parser.ParserRegistryIntegrationTest): second instance
  testIssue20545(hudson.plugins.warnings.parser.ParserRegistryIntegrationTest): -1
  testIssue20658(hudson.plugins.warnings.parser.ParserRegistryIntegrationTest): second instance
  testIssue24611(hudson.plugins.warnings.parser.ParserRegistryIntegrationTest): -1
  testUiMappingEclipse(hudson.plugins.warnings.parser.ParserRegistryIntegrationTest): second instance
  testOldEclipseSerialization(hudson.plugins.warnings.parser.ParserRegistryIntegrationTest): -1
  testFiltering(hudson.plugins.warnings.ParserConfigurationTest): second instance
  testIssue14615Console(hudson.plugins.warnings.WarningsPublisherTest): -1
  testIssue14615File(hudson.plugins.warnings.WarningsPublisherTest): second instance

Tests run: 228, Failures: 0, Errors: 16, Skipped: 1

[INFO] ------------------------------------------------------------------------
[INFO] BUILD FAILURE
[INFO] ------------------------------------------------------------------------
[INFO] Total time: 1:06.929s
[INFO] Finished at: Thu Sep 11 08:33:28 JST 2014
[INFO] Final Memory: 46M/927M
[INFO] ------------------------------------------------------------------------
[ERROR] Failed to execute goal org.apache.maven.plugins:maven-surefire-plugin:2.9:test (default-test) on project warnings: There are test failures.
[ERROR] 
[ERROR] Please refer to C:\Users\toru\Documents\study\javaw\jenkins\24611\warnings-plugin\target\surefire-reports for the individual test results.
[ERROR] -> [Help 1]
[ERROR] 
[ERROR] To see the full stack trace of the errors, re-run Maven with the -e switch.
[ERROR] Re-run Maven using the -X switch to enable full debug logging.
[ERROR] 
[ERROR] For more information about the errors and possible solutions, please read the following articles:
[ERROR] [Help 1] http://cwiki.apache.org/confluence/display/MAVEN/MojoFailureException
