Java HotSpot(TM) 64-Bit Server VM warning: ignoring option MaxPermSize=256m; support was removed in 8.0
[INFO] Scanning for projects...
[INFO] 
[INFO] -----------------< org.jenkins-ci.plugins:ws-cleanup >------------------
[INFO] Building Jenkins Workspace Cleanup Plugin 0.36
[INFO] --------------------------------[ hpi ]---------------------------------
[INFO] 
[INFO] --- maven-clean-plugin:2.6:clean (default-clean) @ ws-cleanup ---
[INFO] 
[INFO] --- maven-hpi-plugin:1.120:validate (default-validate) @ ws-cleanup ---
[INFO] 
[INFO] --- maven-enforcer-plugin:1.3.1:display-info (display-info) @ ws-cleanup ---
[INFO] Maven Version: 3.6.0
[INFO] JDK Version: 1.8.0_171 normalized as: 1.8.0-171
[INFO] OS Info: Arch: x86_64 Family: mac Name: mac os x Version: 10.14.1
[INFO] 
[INFO] --- maven-enforcer-plugin:1.3.1:enforce (display-info) @ ws-cleanup ---
[INFO] 
[INFO] --- maven-localizer-plugin:1.23:generate (default) @ ws-cleanup ---
[INFO] 
[INFO] >>> maven-javadoc-plugin:2.10.1:javadoc (default) > generate-sources @ ws-cleanup >>>
[INFO] 
[INFO] --- maven-hpi-plugin:1.120:validate (default-validate) @ ws-cleanup ---
[INFO] 
[INFO] --- maven-enforcer-plugin:1.3.1:display-info (display-info) @ ws-cleanup ---
[INFO] Maven Version: 3.6.0
[INFO] JDK Version: 1.8.0_171 normalized as: 1.8.0-171
[INFO] OS Info: Arch: x86_64 Family: mac Name: mac os x Version: 10.14.1
[INFO] 
[INFO] --- maven-enforcer-plugin:1.3.1:enforce (display-info) @ ws-cleanup ---
[INFO] 
[INFO] --- maven-localizer-plugin:1.23:generate (default) @ ws-cleanup ---
[INFO] 
[INFO] <<< maven-javadoc-plugin:2.10.1:javadoc (default) < generate-sources @ ws-cleanup <<<
[INFO] 
[INFO] 
[INFO] --- maven-javadoc-plugin:2.10.1:javadoc (default) @ ws-cleanup ---
[INFO] Skipping javadoc generation
[INFO] 
[INFO] --- maven-resources-plugin:2.7:resources (default-resources) @ ws-cleanup ---
[INFO] Using 'UTF-8' encoding to copy filtered resources.
[INFO] Copying 11 resources
[INFO] 
[INFO] --- maven-compiler-plugin:3.3:compile (default-compile) @ ws-cleanup ---
[INFO] Changes detected - recompiling the module!
[INFO] Compiling 9 source files to /Users/kevinearls/sources/jenkinsci/forks/plugin-compat-tester/work/ws-cleanup/target/classes
[INFO] /Users/kevinearls/sources/jenkinsci/forks/plugin-compat-tester/work/ws-cleanup/src/main/java/hudson/plugins/ws_cleanup/WsCleanup.java: /Users/kevinearls/sources/jenkinsci/forks/plugin-compat-tester/work/ws-cleanup/src/main/java/hudson/plugins/ws_cleanup/WsCleanup.java uses unchecked or unsafe operations.
[INFO] /Users/kevinearls/sources/jenkinsci/forks/plugin-compat-tester/work/ws-cleanup/src/main/java/hudson/plugins/ws_cleanup/WsCleanup.java: Recompile with -Xlint:unchecked for details.
[INFO] 
[INFO] --- access-modifier-checker:1.7:enforce (default-enforce) @ ws-cleanup ---
[INFO] 
[INFO] --- animal-sniffer-maven-plugin:1.14:check (check) @ ws-cleanup ---
[INFO] Resolved signature org.codehaus.mojo.signature:java18 version as 1.0 from dependencyManagement
[INFO] Checking unresolved references to org.codehaus.mojo.signature:java18:1.0
[INFO] 
[INFO] --- maven-hpi-plugin:1.120:insert-test (default-insert-test) @ ws-cleanup ---
[INFO] 
[INFO] --- gmaven-plugin:1.5-jenkins-3:generateTestStubs (test-in-groovy) @ ws-cleanup ---
[INFO] No sources found for Java stub generation
[INFO] 
[INFO] --- maven-resources-plugin:2.7:testResources (default-testResources) @ ws-cleanup ---
[INFO] Using 'UTF-8' encoding to copy filtered resources.
[INFO] Copying 10 resources
[INFO] 
[INFO] --- maven-compiler-plugin:3.3:testCompile (default-testCompile) @ ws-cleanup ---
[INFO] Changes detected - recompiling the module!
[INFO] Compiling 4 source files to /Users/kevinearls/sources/jenkinsci/forks/plugin-compat-tester/work/ws-cleanup/target/test-classes
[INFO] /Users/kevinearls/sources/jenkinsci/forks/plugin-compat-tester/work/ws-cleanup/src/test/java/hudson/plugins/ws_cleanup/CleanupTest.java: Some input files use or override a deprecated API.
[INFO] /Users/kevinearls/sources/jenkinsci/forks/plugin-compat-tester/work/ws-cleanup/src/test/java/hudson/plugins/ws_cleanup/CleanupTest.java: Recompile with -Xlint:deprecation for details.
[INFO] /Users/kevinearls/sources/jenkinsci/forks/plugin-compat-tester/work/ws-cleanup/target/generated-test-sources/injected/InjectedTest.java: /Users/kevinearls/sources/jenkinsci/forks/plugin-compat-tester/work/ws-cleanup/target/generated-test-sources/injected/InjectedTest.java uses unchecked or unsafe operations.
[INFO] /Users/kevinearls/sources/jenkinsci/forks/plugin-compat-tester/work/ws-cleanup/target/generated-test-sources/injected/InjectedTest.java: Recompile with -Xlint:unchecked for details.
[INFO] 
[INFO] --- maven-hpi-plugin:1.120:test-hpl (default-test-hpl) @ ws-cleanup ---
[INFO] Generating /Users/kevinearls/sources/jenkinsci/forks/plugin-compat-tester/work/ws-cleanup/target/test-classes/the.hpl
[INFO] 
[INFO] --- maven-hpi-plugin:1.120:resolve-test-dependencies (default-resolve-test-dependencies) @ ws-cleanup ---
[INFO] 
[INFO] --- gmaven-plugin:1.5-jenkins-3:testCompile (test-in-groovy) @ ws-cleanup ---
[INFO] No sources found to compile
[INFO] ------------------------------------------------------------------------
[INFO] BUILD SUCCESS
[INFO] ------------------------------------------------------------------------
[INFO] Total time:  14.692 s
[INFO] Finished at: 2018-12-13T12:08:24+01:00
[INFO] ------------------------------------------------------------------------
Java HotSpot(TM) 64-Bit Server VM warning: ignoring option MaxPermSize=256m; support was removed in 8.0
[INFO] Scanning for projects...
[INFO] 
[INFO] -----------------< org.jenkins-ci.plugins:ws-cleanup >------------------
[INFO] Building Jenkins Workspace Cleanup Plugin 0.36
[INFO] --------------------------------[ hpi ]---------------------------------
[INFO] Downloading from cloudbees-internal: https://nexus-internal.cloudbees.com/content/groups/staged/org/jenkins-ci/main/jenkins-core/2.155/jenkins-core-2.155.pom
[INFO] Downloaded from cloudbees-internal: https://nexus-internal.cloudbees.com/content/groups/staged/org/jenkins-ci/main/jenkins-core/2.155/jenkins-core-2.155.pom (0 B at 0 B/s)
[INFO] Downloading from cloudbees-internal: https://nexus-internal.cloudbees.com/content/groups/staged/org/jenkins-ci/main/cli/2.155/cli-2.155.pom
[INFO] Downloaded from cloudbees-internal: https://nexus-internal.cloudbees.com/content/groups/staged/org/jenkins-ci/main/cli/2.155/cli-2.155.pom (0 B at 0 B/s)
[INFO] Downloading from cloudbees-internal: https://nexus-internal.cloudbees.com/content/groups/staged/org/jenkins-ci/modules/sshd/2.5/sshd-2.5.pom
[INFO] Downloaded from cloudbees-internal: https://nexus-internal.cloudbees.com/content/groups/staged/org/jenkins-ci/modules/sshd/2.5/sshd-2.5.pom (0 B at 0 B/s)
[INFO] Downloading from cloudbees-internal: https://nexus-internal.cloudbees.com/content/groups/staged/org/jenkins-ci/main/jenkins-core/2.155/jenkins-core-2.155.jar
[INFO] Downloading from cloudbees-internal: https://nexus-internal.cloudbees.com/content/groups/staged/org/jenkins-ci/modules/sshd/2.5/sshd-2.5.jar
[INFO] Downloading from cloudbees-internal: https://nexus-internal.cloudbees.com/content/groups/staged/org/jenkins-ci/main/cli/2.155/cli-2.155.jar
[INFO] Downloaded from cloudbees-internal: https://nexus-internal.cloudbees.com/content/groups/staged/org/jenkins-ci/main/jenkins-core/2.155/jenkins-core-2.155.jar (0 B at 0 B/s)
[INFO] Downloaded from cloudbees-internal: https://nexus-internal.cloudbees.com/content/groups/staged/org/jenkins-ci/main/cli/2.155/cli-2.155.jar (0 B at 0 B/s)
[INFO] Downloaded from cloudbees-internal: https://nexus-internal.cloudbees.com/content/groups/staged/org/jenkins-ci/modules/sshd/2.5/sshd-2.5.jar (0 B at 0 B/s)
[INFO] 
[INFO] --- maven-hpi-plugin:2.0:resolve-test-dependencies (default-cli) @ ws-cleanup ---
[INFO] 
[INFO] --- maven-hpi-plugin:2.0:test-hpl (default-cli) @ ws-cleanup ---
[INFO] Generating /Users/kevinearls/sources/jenkinsci/forks/plugin-compat-tester/work/ws-cleanup/target/test-classes/the.hpl
[INFO] 
[INFO] --- maven-surefire-plugin:2.20:test (default-cli) @ ws-cleanup ---
[INFO] 
[INFO] -------------------------------------------------------
[INFO]  T E S T S
[INFO] -------------------------------------------------------
[INFO] Running hudson.plugins.ws_cleanup.CleanupPowermockTest
[ERROR] Tests run: 5, Failures: 0, Errors: 5, Skipped: 0, Time elapsed: 0.27 s <<< FAILURE! - in hudson.plugins.ws_cleanup.CleanupPowermockTest
[ERROR] initializationError(hudson.plugins.ws_cleanup.CleanupPowermockTest)  Time elapsed: 0.01 s  <<< ERROR!
org.objenesis.ObjenesisException: java.lang.reflect.InvocationTargetException
	at org.objenesis.instantiator.sun.SunReflectionFactoryHelper.newConstructorForSerialization(SunReflectionFactoryHelper.java:55)
	at org.objenesis.instantiator.sun.SunReflectionFactoryInstantiator.<init>(SunReflectionFactoryInstantiator.java:38)
	at org.objenesis.strategy.StdInstantiatorStrategy.newInstantiatorOf(StdInstantiatorStrategy.java:58)
	at org.objenesis.ObjenesisBase.getInstantiatorOf(ObjenesisBase.java:91)
	at org.powermock.reflect.internal.WhiteboxImpl.newInstance(WhiteboxImpl.java:222)
	at org.powermock.reflect.Whitebox.newInstance(Whitebox.java:139)
	at org.powermock.tests.utils.impl.AbstractTestSuiteChunkerImpl.registerProxyframework(AbstractTestSuiteChunkerImpl.java:158)
	at org.powermock.tests.utils.impl.AbstractTestSuiteChunkerImpl.chunkClass(AbstractTestSuiteChunkerImpl.java:181)
	at org.powermock.tests.utils.impl.AbstractTestSuiteChunkerImpl.<init>(AbstractTestSuiteChunkerImpl.java:96)
	at org.powermock.tests.utils.impl.AbstractTestSuiteChunkerImpl.<init>(AbstractTestSuiteChunkerImpl.java:89)
	at org.powermock.modules.junit4.common.internal.impl.JUnit4TestSuiteChunkerImpl.<init>(JUnit4TestSuiteChunkerImpl.java:49)
	at org.powermock.modules.junit4.common.internal.impl.AbstractCommonPowerMockRunner.<init>(AbstractCommonPowerMockRunner.java:32)
	at org.powermock.modules.junit4.PowerMockRunner.<init>(PowerMockRunner.java:34)
	at java.base/jdk.internal.reflect.NativeConstructorAccessorImpl.newInstance0(Native Method)
	at java.base/jdk.internal.reflect.NativeConstructorAccessorImpl.newInstance(NativeConstructorAccessorImpl.java:62)
	at java.base/jdk.internal.reflect.DelegatingConstructorAccessorImpl.newInstance(DelegatingConstructorAccessorImpl.java:45)
	at java.base/java.lang.reflect.Constructor.newInstance(Constructor.java:490)
	at org.junit.internal.builders.AnnotatedBuilder.buildRunner(AnnotatedBuilder.java:104)
	at org.junit.internal.builders.AnnotatedBuilder.runnerForClass(AnnotatedBuilder.java:86)
	at org.junit.runners.model.RunnerBuilder.safeRunnerForClass(RunnerBuilder.java:59)
	at org.junit.internal.builders.AllDefaultPossibilitiesBuilder.runnerForClass(AllDefaultPossibilitiesBuilder.java:26)
	at org.junit.runners.model.RunnerBuilder.safeRunnerForClass(RunnerBuilder.java:59)
	at org.junit.internal.requests.ClassRequest.getRunner(ClassRequest.java:33)
	at org.apache.maven.surefire.junit4.JUnit4Provider.execute(JUnit4Provider.java:362)
	at org.apache.maven.surefire.junit4.JUnit4Provider.executeWithRerun(JUnit4Provider.java:272)
	at org.apache.maven.surefire.junit4.JUnit4Provider.executeTestSet(JUnit4Provider.java:236)
	at org.apache.maven.surefire.junit4.JUnit4Provider.invoke(JUnit4Provider.java:159)
	at org.apache.maven.surefire.booter.ForkedBooter.invokeProviderInSameClassLoader(ForkedBooter.java:386)
	at org.apache.maven.surefire.booter.ForkedBooter.runSuitesInProcess(ForkedBooter.java:323)
	at org.apache.maven.surefire.booter.ForkedBooter.main(ForkedBooter.java:143)
Caused by: java.lang.reflect.InvocationTargetException
	at java.base/jdk.internal.reflect.NativeMethodAccessorImpl.invoke0(Native Method)
	at java.base/jdk.internal.reflect.NativeMethodAccessorImpl.invoke(NativeMethodAccessorImpl.java:62)
	at java.base/jdk.internal.reflect.DelegatingMethodAccessorImpl.invoke(DelegatingMethodAccessorImpl.java:43)
	at java.base/java.lang.reflect.Method.invoke(Method.java:566)
	at org.objenesis.instantiator.sun.SunReflectionFactoryHelper.newConstructorForSerialization(SunReflectionFactoryHelper.java:45)
	... 29 more
Caused by: java.lang.IllegalAccessError: class jdk.internal.reflect.ConstructorAccessorImpl loaded by org.powermock.core.classloader.MockClassLoader @291caca8 cannot access jdk/internal/reflect superclass jdk.internal.reflect.MagicAccessorImpl
	at java.base/java.lang.ClassLoader.defineClass1(Native Method)
	at java.base/java.lang.ClassLoader.defineClass(ClassLoader.java:1016)
	at java.base/java.lang.ClassLoader.defineClass(ClassLoader.java:877)
	at org.powermock.core.classloader.MockClassLoader.loadUnmockedClass(MockClassLoader.java:237)
	at org.powermock.core.classloader.MockClassLoader.loadModifiedClass(MockClassLoader.java:182)
	at org.powermock.core.classloader.DeferSupportingClassLoader.loadClass(DeferSupportingClassLoader.java:68)
	at java.base/java.lang.ClassLoader.loadClass(ClassLoader.java:521)
	at java.base/java.lang.ClassLoader.defineClass1(Native Method)
	at java.base/java.lang.ClassLoader.defineClass(ClassLoader.java:1016)
	at java.base/java.lang.ClassLoader.defineClass(ClassLoader.java:877)
	at org.powermock.core.classloader.MockClassLoader.loadUnmockedClass(MockClassLoader.java:237)
	at org.powermock.core.classloader.MockClassLoader.loadModifiedClass(MockClassLoader.java:182)
	at org.powermock.core.classloader.DeferSupportingClassLoader.loadClass(DeferSupportingClassLoader.java:68)
	at java.base/java.lang.ClassLoader.loadClass(ClassLoader.java:521)
	at java.base/jdk.internal.misc.Unsafe.defineClass0(Native Method)
	at java.base/jdk.internal.misc.Unsafe.defineClass(Unsafe.java:1192)
	at java.base/jdk.internal.reflect.ClassDefiner.defineClass(ClassDefiner.java:63)
	at java.base/jdk.internal.reflect.MethodAccessorGenerator$1.run(MethodAccessorGenerator.java:400)
	at java.base/jdk.internal.reflect.MethodAccessorGenerator$1.run(MethodAccessorGenerator.java:394)
	at java.base/java.security.AccessController.doPrivileged(Native Method)
	at java.base/jdk.internal.reflect.MethodAccessorGenerator.generate(MethodAccessorGenerator.java:393)
	at java.base/jdk.internal.reflect.MethodAccessorGenerator.generateSerializationConstructor(MethodAccessorGenerator.java:112)
	at java.base/jdk.internal.reflect.ReflectionFactory.generateConstructor(ReflectionFactory.java:514)
	at java.base/jdk.internal.reflect.ReflectionFactory.newConstructorForSerialization(ReflectionFactory.java:427)
	at jdk.unsupported/sun.reflect.ReflectionFactory.newConstructorForSerialization(ReflectionFactory.java:103)
	... 34 more

[ERROR] initializationError(hudson.plugins.ws_cleanup.CleanupPowermockTest)  Time elapsed: 0.002 s  <<< ERROR!
org.objenesis.ObjenesisException: java.lang.reflect.InvocationTargetException
	at org.objenesis.instantiator.sun.SunReflectionFactoryHelper.newConstructorForSerialization(SunReflectionFactoryHelper.java:55)
	at org.objenesis.instantiator.sun.SunReflectionFactoryInstantiator.<init>(SunReflectionFactoryInstantiator.java:38)
	at org.objenesis.strategy.StdInstantiatorStrategy.newInstantiatorOf(StdInstantiatorStrategy.java:58)
	at org.objenesis.ObjenesisBase.getInstantiatorOf(ObjenesisBase.java:91)
	at org.powermock.reflect.internal.WhiteboxImpl.newInstance(WhiteboxImpl.java:222)
	at org.powermock.reflect.Whitebox.newInstance(Whitebox.java:139)
	at org.powermock.tests.utils.impl.AbstractTestSuiteChunkerImpl.registerProxyframework(AbstractTestSuiteChunkerImpl.java:158)
	at org.powermock.tests.utils.impl.AbstractTestSuiteChunkerImpl.chunkClass(AbstractTestSuiteChunkerImpl.java:181)
	at org.powermock.tests.utils.impl.AbstractTestSuiteChunkerImpl.<init>(AbstractTestSuiteChunkerImpl.java:96)
	at org.powermock.tests.utils.impl.AbstractTestSuiteChunkerImpl.<init>(AbstractTestSuiteChunkerImpl.java:89)
	at org.powermock.modules.junit4.common.internal.impl.JUnit4TestSuiteChunkerImpl.<init>(JUnit4TestSuiteChunkerImpl.java:49)
	at org.powermock.modules.junit4.common.internal.impl.AbstractCommonPowerMockRunner.<init>(AbstractCommonPowerMockRunner.java:32)
	at org.powermock.modules.junit4.PowerMockRunner.<init>(PowerMockRunner.java:34)
	at java.base/jdk.internal.reflect.NativeConstructorAccessorImpl.newInstance0(Native Method)
	at java.base/jdk.internal.reflect.NativeConstructorAccessorImpl.newInstance(NativeConstructorAccessorImpl.java:62)
	at java.base/jdk.internal.reflect.DelegatingConstructorAccessorImpl.newInstance(DelegatingConstructorAccessorImpl.java:45)
	at java.base/java.lang.reflect.Constructor.newInstance(Constructor.java:490)
	at org.junit.internal.builders.AnnotatedBuilder.buildRunner(AnnotatedBuilder.java:104)
	at org.junit.internal.builders.AnnotatedBuilder.runnerForClass(AnnotatedBuilder.java:86)
	at org.junit.runners.model.RunnerBuilder.safeRunnerForClass(RunnerBuilder.java:59)
	at org.junit.internal.builders.AllDefaultPossibilitiesBuilder.runnerForClass(AllDefaultPossibilitiesBuilder.java:26)
	at org.junit.runners.model.RunnerBuilder.safeRunnerForClass(RunnerBuilder.java:59)
	at org.junit.internal.requests.ClassRequest.getRunner(ClassRequest.java:33)
	at org.junit.internal.requests.FilterRequest.getRunner(FilterRequest.java:36)
	at org.apache.maven.surefire.junit4.JUnit4Provider.executeFailedMethod(JUnit4Provider.java:379)
	at org.apache.maven.surefire.junit4.JUnit4Provider.executeWithRerun(JUnit4Provider.java:290)
	at org.apache.maven.surefire.junit4.JUnit4Provider.executeTestSet(JUnit4Provider.java:236)
	at org.apache.maven.surefire.junit4.JUnit4Provider.invoke(JUnit4Provider.java:159)
	at org.apache.maven.surefire.booter.ForkedBooter.invokeProviderInSameClassLoader(ForkedBooter.java:386)
	at org.apache.maven.surefire.booter.ForkedBooter.runSuitesInProcess(ForkedBooter.java:323)
	at org.apache.maven.surefire.booter.ForkedBooter.main(ForkedBooter.java:143)
Caused by: java.lang.reflect.InvocationTargetException
	at java.base/jdk.internal.reflect.NativeMethodAccessorImpl.invoke0(Native Method)
	at java.base/jdk.internal.reflect.NativeMethodAccessorImpl.invoke(NativeMethodAccessorImpl.java:62)
	at java.base/jdk.internal.reflect.DelegatingMethodAccessorImpl.invoke(DelegatingMethodAccessorImpl.java:43)
	at java.base/java.lang.reflect.Method.invoke(Method.java:566)
	at org.objenesis.instantiator.sun.SunReflectionFactoryHelper.newConstructorForSerialization(SunReflectionFactoryHelper.java:45)
	... 30 more
Caused by: java.lang.IllegalAccessError: class jdk.internal.reflect.ConstructorAccessorImpl loaded by org.powermock.core.classloader.MockClassLoader @5403f35f cannot access jdk/internal/reflect superclass jdk.internal.reflect.MagicAccessorImpl
	at java.base/java.lang.ClassLoader.defineClass1(Native Method)
	at java.base/java.lang.ClassLoader.defineClass(ClassLoader.java:1016)
	at java.base/java.lang.ClassLoader.defineClass(ClassLoader.java:877)
	at org.powermock.core.classloader.MockClassLoader.loadUnmockedClass(MockClassLoader.java:237)
	at org.powermock.core.classloader.MockClassLoader.loadModifiedClass(MockClassLoader.java:182)
	at org.powermock.core.classloader.DeferSupportingClassLoader.loadClass(DeferSupportingClassLoader.java:68)
	at java.base/java.lang.ClassLoader.loadClass(ClassLoader.java:521)
	at java.base/java.lang.ClassLoader.defineClass1(Native Method)
	at java.base/java.lang.ClassLoader.defineClass(ClassLoader.java:1016)
	at java.base/java.lang.ClassLoader.defineClass(ClassLoader.java:877)
	at org.powermock.core.classloader.MockClassLoader.loadUnmockedClass(MockClassLoader.java:237)
	at org.powermock.core.classloader.MockClassLoader.loadModifiedClass(MockClassLoader.java:182)
	at org.powermock.core.classloader.DeferSupportingClassLoader.loadClass(DeferSupportingClassLoader.java:68)
	at java.base/java.lang.ClassLoader.loadClass(ClassLoader.java:521)
	at java.base/jdk.internal.misc.Unsafe.defineClass0(Native Method)
	at java.base/jdk.internal.misc.Unsafe.defineClass(Unsafe.java:1192)
	at java.base/jdk.internal.reflect.ClassDefiner.defineClass(ClassDefiner.java:63)
	at java.base/jdk.internal.reflect.MethodAccessorGenerator$1.run(MethodAccessorGenerator.java:400)
	at java.base/jdk.internal.reflect.MethodAccessorGenerator$1.run(MethodAccessorGenerator.java:394)
	at java.base/java.security.AccessController.doPrivileged(Native Method)
	at java.base/jdk.internal.reflect.MethodAccessorGenerator.generate(MethodAccessorGenerator.java:393)
	at java.base/jdk.internal.reflect.MethodAccessorGenerator.generateSerializationConstructor(MethodAccessorGenerator.java:112)
	at java.base/jdk.internal.reflect.ReflectionFactory.generateConstructor(ReflectionFactory.java:514)
	at java.base/jdk.internal.reflect.ReflectionFactory.newConstructorForSerialization(ReflectionFactory.java:427)
	at jdk.unsupported/sun.reflect.ReflectionFactory.newConstructorForSerialization(ReflectionFactory.java:103)
	... 35 more

[ERROR] initializationError(hudson.plugins.ws_cleanup.CleanupPowermockTest)  Time elapsed: 0.001 s  <<< ERROR!
org.objenesis.ObjenesisException: java.lang.reflect.InvocationTargetException
	at org.objenesis.instantiator.sun.SunReflectionFactoryHelper.newConstructorForSerialization(SunReflectionFactoryHelper.java:55)
	at org.objenesis.instantiator.sun.SunReflectionFactoryInstantiator.<init>(SunReflectionFactoryInstantiator.java:38)
	at org.objenesis.strategy.StdInstantiatorStrategy.newInstantiatorOf(StdInstantiatorStrategy.java:58)
	at org.objenesis.ObjenesisBase.getInstantiatorOf(ObjenesisBase.java:91)
	at org.powermock.reflect.internal.WhiteboxImpl.newInstance(WhiteboxImpl.java:222)
	at org.powermock.reflect.Whitebox.newInstance(Whitebox.java:139)
	at org.powermock.tests.utils.impl.AbstractTestSuiteChunkerImpl.registerProxyframework(AbstractTestSuiteChunkerImpl.java:158)
	at org.powermock.tests.utils.impl.AbstractTestSuiteChunkerImpl.chunkClass(AbstractTestSuiteChunkerImpl.java:181)
	at org.powermock.tests.utils.impl.AbstractTestSuiteChunkerImpl.<init>(AbstractTestSuiteChunkerImpl.java:96)
	at org.powermock.tests.utils.impl.AbstractTestSuiteChunkerImpl.<init>(AbstractTestSuiteChunkerImpl.java:89)
	at org.powermock.modules.junit4.common.internal.impl.JUnit4TestSuiteChunkerImpl.<init>(JUnit4TestSuiteChunkerImpl.java:49)
	at org.powermock.modules.junit4.common.internal.impl.AbstractCommonPowerMockRunner.<init>(AbstractCommonPowerMockRunner.java:32)
	at org.powermock.modules.junit4.PowerMockRunner.<init>(PowerMockRunner.java:34)
	at java.base/jdk.internal.reflect.NativeConstructorAccessorImpl.newInstance0(Native Method)
	at java.base/jdk.internal.reflect.NativeConstructorAccessorImpl.newInstance(NativeConstructorAccessorImpl.java:62)
	at java.base/jdk.internal.reflect.DelegatingConstructorAccessorImpl.newInstance(DelegatingConstructorAccessorImpl.java:45)
	at java.base/java.lang.reflect.Constructor.newInstance(Constructor.java:490)
	at org.junit.internal.builders.AnnotatedBuilder.buildRunner(AnnotatedBuilder.java:104)
	at org.junit.internal.builders.AnnotatedBuilder.runnerForClass(AnnotatedBuilder.java:86)
	at org.junit.runners.model.RunnerBuilder.safeRunnerForClass(RunnerBuilder.java:59)
	at org.junit.internal.builders.AllDefaultPossibilitiesBuilder.runnerForClass(AllDefaultPossibilitiesBuilder.java:26)
	at org.junit.runners.model.RunnerBuilder.safeRunnerForClass(RunnerBuilder.java:59)
	at org.junit.internal.requests.ClassRequest.getRunner(ClassRequest.java:33)
	at org.junit.internal.requests.FilterRequest.getRunner(FilterRequest.java:36)
	at org.apache.maven.surefire.junit4.JUnit4Provider.executeFailedMethod(JUnit4Provider.java:379)
	at org.apache.maven.surefire.junit4.JUnit4Provider.executeWithRerun(JUnit4Provider.java:290)
	at org.apache.maven.surefire.junit4.JUnit4Provider.executeTestSet(JUnit4Provider.java:236)
	at org.apache.maven.surefire.junit4.JUnit4Provider.invoke(JUnit4Provider.java:159)
	at org.apache.maven.surefire.booter.ForkedBooter.invokeProviderInSameClassLoader(ForkedBooter.java:386)
	at org.apache.maven.surefire.booter.ForkedBooter.runSuitesInProcess(ForkedBooter.java:323)
	at org.apache.maven.surefire.booter.ForkedBooter.main(ForkedBooter.java:143)
Caused by: java.lang.reflect.InvocationTargetException
	at java.base/jdk.internal.reflect.NativeMethodAccessorImpl.invoke0(Native Method)
	at java.base/jdk.internal.reflect.NativeMethodAccessorImpl.invoke(NativeMethodAccessorImpl.java:62)
	at java.base/jdk.internal.reflect.DelegatingMethodAccessorImpl.invoke(DelegatingMethodAccessorImpl.java:43)
	at java.base/java.lang.reflect.Method.invoke(Method.java:566)
	at org.objenesis.instantiator.sun.SunReflectionFactoryHelper.newConstructorForSerialization(SunReflectionFactoryHelper.java:45)
	... 30 more
Caused by: java.lang.IllegalAccessError: class jdk.internal.reflect.ConstructorAccessorImpl loaded by org.powermock.core.classloader.MockClassLoader @fba92d3 cannot access jdk/internal/reflect superclass jdk.internal.reflect.MagicAccessorImpl
	at java.base/java.lang.ClassLoader.defineClass1(Native Method)
	at java.base/java.lang.ClassLoader.defineClass(ClassLoader.java:1016)
	at java.base/java.lang.ClassLoader.defineClass(ClassLoader.java:877)
	at org.powermock.core.classloader.MockClassLoader.loadUnmockedClass(MockClassLoader.java:237)
	at org.powermock.core.classloader.MockClassLoader.loadModifiedClass(MockClassLoader.java:182)
	at org.powermock.core.classloader.DeferSupportingClassLoader.loadClass(DeferSupportingClassLoader.java:68)
	at java.base/java.lang.ClassLoader.loadClass(ClassLoader.java:521)
	at java.base/java.lang.ClassLoader.defineClass1(Native Method)
	at java.base/java.lang.ClassLoader.defineClass(ClassLoader.java:1016)
	at java.base/java.lang.ClassLoader.defineClass(ClassLoader.java:877)
	at org.powermock.core.classloader.MockClassLoader.loadUnmockedClass(MockClassLoader.java:237)
	at org.powermock.core.classloader.MockClassLoader.loadModifiedClass(MockClassLoader.java:182)
	at org.powermock.core.classloader.DeferSupportingClassLoader.loadClass(DeferSupportingClassLoader.java:68)
	at java.base/java.lang.ClassLoader.loadClass(ClassLoader.java:521)
	at java.base/jdk.internal.misc.Unsafe.defineClass0(Native Method)
	at java.base/jdk.internal.misc.Unsafe.defineClass(Unsafe.java:1192)
	at java.base/jdk.internal.reflect.ClassDefiner.defineClass(ClassDefiner.java:63)
	at java.base/jdk.internal.reflect.MethodAccessorGenerator$1.run(MethodAccessorGenerator.java:400)
	at java.base/jdk.internal.reflect.MethodAccessorGenerator$1.run(MethodAccessorGenerator.java:394)
	at java.base/java.security.AccessController.doPrivileged(Native Method)
	at java.base/jdk.internal.reflect.MethodAccessorGenerator.generate(MethodAccessorGenerator.java:393)
	at java.base/jdk.internal.reflect.MethodAccessorGenerator.generateSerializationConstructor(MethodAccessorGenerator.java:112)
	at java.base/jdk.internal.reflect.ReflectionFactory.generateConstructor(ReflectionFactory.java:514)
	at java.base/jdk.internal.reflect.ReflectionFactory.newConstructorForSerialization(ReflectionFactory.java:427)
	at jdk.unsupported/sun.reflect.ReflectionFactory.newConstructorForSerialization(ReflectionFactory.java:103)
	... 35 more

[ERROR] initializationError(hudson.plugins.ws_cleanup.CleanupPowermockTest)  Time elapsed: 0.002 s  <<< ERROR!
org.objenesis.ObjenesisException: java.lang.reflect.InvocationTargetException
	at org.objenesis.instantiator.sun.SunReflectionFactoryHelper.newConstructorForSerialization(SunReflectionFactoryHelper.java:55)
	at org.objenesis.instantiator.sun.SunReflectionFactoryInstantiator.<init>(SunReflectionFactoryInstantiator.java:38)
	at org.objenesis.strategy.StdInstantiatorStrategy.newInstantiatorOf(StdInstantiatorStrategy.java:58)
	at org.objenesis.ObjenesisBase.getInstantiatorOf(ObjenesisBase.java:91)
	at org.powermock.reflect.internal.WhiteboxImpl.newInstance(WhiteboxImpl.java:222)
	at org.powermock.reflect.Whitebox.newInstance(Whitebox.java:139)
	at org.powermock.tests.utils.impl.AbstractTestSuiteChunkerImpl.registerProxyframework(AbstractTestSuiteChunkerImpl.java:158)
	at org.powermock.tests.utils.impl.AbstractTestSuiteChunkerImpl.chunkClass(AbstractTestSuiteChunkerImpl.java:181)
	at org.powermock.tests.utils.impl.AbstractTestSuiteChunkerImpl.<init>(AbstractTestSuiteChunkerImpl.java:96)
	at org.powermock.tests.utils.impl.AbstractTestSuiteChunkerImpl.<init>(AbstractTestSuiteChunkerImpl.java:89)
	at org.powermock.modules.junit4.common.internal.impl.JUnit4TestSuiteChunkerImpl.<init>(JUnit4TestSuiteChunkerImpl.java:49)
	at org.powermock.modules.junit4.common.internal.impl.AbstractCommonPowerMockRunner.<init>(AbstractCommonPowerMockRunner.java:32)
	at org.powermock.modules.junit4.PowerMockRunner.<init>(PowerMockRunner.java:34)
	at java.base/jdk.internal.reflect.NativeConstructorAccessorImpl.newInstance0(Native Method)
	at java.base/jdk.internal.reflect.NativeConstructorAccessorImpl.newInstance(NativeConstructorAccessorImpl.java:62)
	at java.base/jdk.internal.reflect.DelegatingConstructorAccessorImpl.newInstance(DelegatingConstructorAccessorImpl.java:45)
	at java.base/java.lang.reflect.Constructor.newInstance(Constructor.java:490)
	at org.junit.internal.builders.AnnotatedBuilder.buildRunner(AnnotatedBuilder.java:104)
	at org.junit.internal.builders.AnnotatedBuilder.runnerForClass(AnnotatedBuilder.java:86)
	at org.junit.runners.model.RunnerBuilder.safeRunnerForClass(RunnerBuilder.java:59)
	at org.junit.internal.builders.AllDefaultPossibilitiesBuilder.runnerForClass(AllDefaultPossibilitiesBuilder.java:26)
	at org.junit.runners.model.RunnerBuilder.safeRunnerForClass(RunnerBuilder.java:59)
	at org.junit.internal.requests.ClassRequest.getRunner(ClassRequest.java:33)
	at org.junit.internal.requests.FilterRequest.getRunner(FilterRequest.java:36)
	at org.apache.maven.surefire.junit4.JUnit4Provider.executeFailedMethod(JUnit4Provider.java:379)
	at org.apache.maven.surefire.junit4.JUnit4Provider.executeWithRerun(JUnit4Provider.java:290)
	at org.apache.maven.surefire.junit4.JUnit4Provider.executeTestSet(JUnit4Provider.java:236)
	at org.apache.maven.surefire.junit4.JUnit4Provider.invoke(JUnit4Provider.java:159)
	at org.apache.maven.surefire.booter.ForkedBooter.invokeProviderInSameClassLoader(ForkedBooter.java:386)
	at org.apache.maven.surefire.booter.ForkedBooter.runSuitesInProcess(ForkedBooter.java:323)
	at org.apache.maven.surefire.booter.ForkedBooter.main(ForkedBooter.java:143)
Caused by: java.lang.reflect.InvocationTargetException
	at java.base/jdk.internal.reflect.NativeMethodAccessorImpl.invoke0(Native Method)
	at java.base/jdk.internal.reflect.NativeMethodAccessorImpl.invoke(NativeMethodAccessorImpl.java:62)
	at java.base/jdk.internal.reflect.DelegatingMethodAccessorImpl.invoke(DelegatingMethodAccessorImpl.java:43)
	at java.base/java.lang.reflect.Method.invoke(Method.java:566)
	at org.objenesis.instantiator.sun.SunReflectionFactoryHelper.newConstructorForSerialization(SunReflectionFactoryHelper.java:45)
	... 30 more
Caused by: java.lang.IllegalAccessError: class jdk.internal.reflect.ConstructorAccessorImpl loaded by org.powermock.core.classloader.MockClassLoader @3bf9ce3e cannot access jdk/internal/reflect superclass jdk.internal.reflect.MagicAccessorImpl
	at java.base/java.lang.ClassLoader.defineClass1(Native Method)
	at java.base/java.lang.ClassLoader.defineClass(ClassLoader.java:1016)
	at java.base/java.lang.ClassLoader.defineClass(ClassLoader.java:877)
	at org.powermock.core.classloader.MockClassLoader.loadUnmockedClass(MockClassLoader.java:237)
	at org.powermock.core.classloader.MockClassLoader.loadModifiedClass(MockClassLoader.java:182)
	at org.powermock.core.classloader.DeferSupportingClassLoader.loadClass(DeferSupportingClassLoader.java:68)
	at java.base/java.lang.ClassLoader.loadClass(ClassLoader.java:521)
	at java.base/java.lang.ClassLoader.defineClass1(Native Method)
	at java.base/java.lang.ClassLoader.defineClass(ClassLoader.java:1016)
	at java.base/java.lang.ClassLoader.defineClass(ClassLoader.java:877)
	at org.powermock.core.classloader.MockClassLoader.loadUnmockedClass(MockClassLoader.java:237)
	at org.powermock.core.classloader.MockClassLoader.loadModifiedClass(MockClassLoader.java:182)
	at org.powermock.core.classloader.DeferSupportingClassLoader.loadClass(DeferSupportingClassLoader.java:68)
	at java.base/java.lang.ClassLoader.loadClass(ClassLoader.java:521)
	at java.base/jdk.internal.misc.Unsafe.defineClass0(Native Method)
	at java.base/jdk.internal.misc.Unsafe.defineClass(Unsafe.java:1192)
	at java.base/jdk.internal.reflect.ClassDefiner.defineClass(ClassDefiner.java:63)
	at java.base/jdk.internal.reflect.MethodAccessorGenerator$1.run(MethodAccessorGenerator.java:400)
	at java.base/jdk.internal.reflect.MethodAccessorGenerator$1.run(MethodAccessorGenerator.java:394)
	at java.base/java.security.AccessController.doPrivileged(Native Method)
	at java.base/jdk.internal.reflect.MethodAccessorGenerator.generate(MethodAccessorGenerator.java:393)
	at java.base/jdk.internal.reflect.MethodAccessorGenerator.generateSerializationConstructor(MethodAccessorGenerator.java:112)
	at java.base/jdk.internal.reflect.ReflectionFactory.generateConstructor(ReflectionFactory.java:514)
	at java.base/jdk.internal.reflect.ReflectionFactory.newConstructorForSerialization(ReflectionFactory.java:427)
	at jdk.unsupported/sun.reflect.ReflectionFactory.newConstructorForSerialization(ReflectionFactory.java:103)
	... 35 more

[ERROR] initializationError(hudson.plugins.ws_cleanup.CleanupPowermockTest)  Time elapsed: 0.003 s  <<< ERROR!
org.objenesis.ObjenesisException: java.lang.reflect.InvocationTargetException
	at org.objenesis.instantiator.sun.SunReflectionFactoryHelper.newConstructorForSerialization(SunReflectionFactoryHelper.java:55)
	at org.objenesis.instantiator.sun.SunReflectionFactoryInstantiator.<init>(SunReflectionFactoryInstantiator.java:38)
	at org.objenesis.strategy.StdInstantiatorStrategy.newInstantiatorOf(StdInstantiatorStrategy.java:58)
	at org.objenesis.ObjenesisBase.getInstantiatorOf(ObjenesisBase.java:91)
	at org.powermock.reflect.internal.WhiteboxImpl.newInstance(WhiteboxImpl.java:222)
	at org.powermock.reflect.Whitebox.newInstance(Whitebox.java:139)
	at org.powermock.tests.utils.impl.AbstractTestSuiteChunkerImpl.registerProxyframework(AbstractTestSuiteChunkerImpl.java:158)
	at org.powermock.tests.utils.impl.AbstractTestSuiteChunkerImpl.chunkClass(AbstractTestSuiteChunkerImpl.java:181)
	at org.powermock.tests.utils.impl.AbstractTestSuiteChunkerImpl.<init>(AbstractTestSuiteChunkerImpl.java:96)
	at org.powermock.tests.utils.impl.AbstractTestSuiteChunkerImpl.<init>(AbstractTestSuiteChunkerImpl.java:89)
	at org.powermock.modules.junit4.common.internal.impl.JUnit4TestSuiteChunkerImpl.<init>(JUnit4TestSuiteChunkerImpl.java:49)
	at org.powermock.modules.junit4.common.internal.impl.AbstractCommonPowerMockRunner.<init>(AbstractCommonPowerMockRunner.java:32)
	at org.powermock.modules.junit4.PowerMockRunner.<init>(PowerMockRunner.java:34)
	at java.base/jdk.internal.reflect.NativeConstructorAccessorImpl.newInstance0(Native Method)
	at java.base/jdk.internal.reflect.NativeConstructorAccessorImpl.newInstance(NativeConstructorAccessorImpl.java:62)
	at java.base/jdk.internal.reflect.DelegatingConstructorAccessorImpl.newInstance(DelegatingConstructorAccessorImpl.java:45)
	at java.base/java.lang.reflect.Constructor.newInstance(Constructor.java:490)
	at org.junit.internal.builders.AnnotatedBuilder.buildRunner(AnnotatedBuilder.java:104)
	at org.junit.internal.builders.AnnotatedBuilder.runnerForClass(AnnotatedBuilder.java:86)
	at org.junit.runners.model.RunnerBuilder.safeRunnerForClass(RunnerBuilder.java:59)
	at org.junit.internal.builders.AllDefaultPossibilitiesBuilder.runnerForClass(AllDefaultPossibilitiesBuilder.java:26)
	at org.junit.runners.model.RunnerBuilder.safeRunnerForClass(RunnerBuilder.java:59)
	at org.junit.internal.requests.ClassRequest.getRunner(ClassRequest.java:33)
	at org.junit.internal.requests.FilterRequest.getRunner(FilterRequest.java:36)
	at org.apache.maven.surefire.junit4.JUnit4Provider.executeFailedMethod(JUnit4Provider.java:379)
	at org.apache.maven.surefire.junit4.JUnit4Provider.executeWithRerun(JUnit4Provider.java:290)
	at org.apache.maven.surefire.junit4.JUnit4Provider.executeTestSet(JUnit4Provider.java:236)
	at org.apache.maven.surefire.junit4.JUnit4Provider.invoke(JUnit4Provider.java:159)
	at org.apache.maven.surefire.booter.ForkedBooter.invokeProviderInSameClassLoader(ForkedBooter.java:386)
	at org.apache.maven.surefire.booter.ForkedBooter.runSuitesInProcess(ForkedBooter.java:323)
	at org.apache.maven.surefire.booter.ForkedBooter.main(ForkedBooter.java:143)
Caused by: java.lang.reflect.InvocationTargetException
	at java.base/jdk.internal.reflect.NativeMethodAccessorImpl.invoke0(Native Method)
	at java.base/jdk.internal.reflect.NativeMethodAccessorImpl.invoke(NativeMethodAccessorImpl.java:62)
	at java.base/jdk.internal.reflect.DelegatingMethodAccessorImpl.invoke(DelegatingMethodAccessorImpl.java:43)
	at java.base/java.lang.reflect.Method.invoke(Method.java:566)
	at org.objenesis.instantiator.sun.SunReflectionFactoryHelper.newConstructorForSerialization(SunReflectionFactoryHelper.java:45)
	... 30 more
Caused by: java.lang.IllegalAccessError: class jdk.internal.reflect.ConstructorAccessorImpl loaded by org.powermock.core.classloader.MockClassLoader @28f2a10f cannot access jdk/internal/reflect superclass jdk.internal.reflect.MagicAccessorImpl
	at java.base/java.lang.ClassLoader.defineClass1(Native Method)
	at java.base/java.lang.ClassLoader.defineClass(ClassLoader.java:1016)
	at java.base/java.lang.ClassLoader.defineClass(ClassLoader.java:877)
	at org.powermock.core.classloader.MockClassLoader.loadUnmockedClass(MockClassLoader.java:237)
	at org.powermock.core.classloader.MockClassLoader.loadModifiedClass(MockClassLoader.java:182)
	at org.powermock.core.classloader.DeferSupportingClassLoader.loadClass(DeferSupportingClassLoader.java:68)
	at java.base/java.lang.ClassLoader.loadClass(ClassLoader.java:521)
	at java.base/java.lang.ClassLoader.defineClass1(Native Method)
	at java.base/java.lang.ClassLoader.defineClass(ClassLoader.java:1016)
	at java.base/java.lang.ClassLoader.defineClass(ClassLoader.java:877)
	at org.powermock.core.classloader.MockClassLoader.loadUnmockedClass(MockClassLoader.java:237)
	at org.powermock.core.classloader.MockClassLoader.loadModifiedClass(MockClassLoader.java:182)
	at org.powermock.core.classloader.DeferSupportingClassLoader.loadClass(DeferSupportingClassLoader.java:68)
	at java.base/java.lang.ClassLoader.loadClass(ClassLoader.java:521)
	at java.base/jdk.internal.misc.Unsafe.defineClass0(Native Method)
	at java.base/jdk.internal.misc.Unsafe.defineClass(Unsafe.java:1192)
	at java.base/jdk.internal.reflect.ClassDefiner.defineClass(ClassDefiner.java:63)
	at java.base/jdk.internal.reflect.MethodAccessorGenerator$1.run(MethodAccessorGenerator.java:400)
	at java.base/jdk.internal.reflect.MethodAccessorGenerator$1.run(MethodAccessorGenerator.java:394)
	at java.base/java.security.AccessController.doPrivileged(Native Method)
	at java.base/jdk.internal.reflect.MethodAccessorGenerator.generate(MethodAccessorGenerator.java:393)
	at java.base/jdk.internal.reflect.MethodAccessorGenerator.generateSerializationConstructor(MethodAccessorGenerator.java:112)
	at java.base/jdk.internal.reflect.ReflectionFactory.generateConstructor(ReflectionFactory.java:514)
	at java.base/jdk.internal.reflect.ReflectionFactory.newConstructorForSerialization(ReflectionFactory.java:427)
	at jdk.unsupported/sun.reflect.ReflectionFactory.newConstructorForSerialization(ReflectionFactory.java:103)
	... 35 more

[INFO] Running hudson.plugins.ws_cleanup.CleanupTest
Exploding /Users/kevinearls/.m2/repository/org/jenkins-ci/main/jenkins-war/2.155/jenkins-war-2.155.war into /Users/kevinearls/sources/jenkinsci/forks/plugin-compat-tester/work/ws-cleanup/target/jenkins-for-test
Dec 13, 2018 12:08:41 PM org.jvnet.hudson.test.JenkinsRule createWebServer
INFO: Running on http://localhost:63931/jenkins/
Dec 13, 2018 12:08:41 PM hudson.model.UpdateCenter <clinit>
WARNING: Running Jenkins with Java 11 which is available in the preview mode only. A custom experimental update center will be used: https://updates.jenkins.io/temporary-experimental-java11/
Dec 13, 2018 12:08:41 PM jenkins.InitReactorRunner$1 onAttained
INFO: Started initialization
Dec 13, 2018 12:08:42 PM hudson.ClassicPluginStrategy createClassJarFromWebInfClasses
WARNING: Created /var/folders/m8/w718fn411xzcy4q628140t980000gn/T/jenkins3202038928259018390/script-security/WEB-INF/lib/classes.jar; update plugin to a version created with a newer harness
Dec 13, 2018 12:08:43 PM hudson.PluginManager$1$3$2$1 reactOnCycle
SEVERE: found cycle in plugin dependencies: (root=Plugin:bouncycastle-api, deactivating all involved) Plugin:bouncycastle-api -> Plugin:command-launcher -> Plugin:script-security -> Plugin:junit -> Plugin:bouncycastle-api
Dec 13, 2018 12:08:43 PM hudson.PluginManager$1$3$2$1 reactOnCycle
SEVERE: found cycle in plugin dependencies: (root=Plugin:command-launcher, deactivating all involved) Plugin:command-launcher -> Plugin:script-security -> Plugin:junit -> Plugin:bouncycastle-api -> Plugin:command-launcher
Dec 13, 2018 12:08:43 PM jenkins.InitReactorRunner$1 onAttained
INFO: Listed all plugins
Dec 13, 2018 12:08:43 PM jenkins.InitReactorRunner$1 onTaskFailed
SEVERE: Failed Loading plugin Pipeline: Supporting APIs v2.1 (workflow-support)
java.io.IOException: Pipeline: Supporting APIs v2.1 failed to load.
 - Script Security Plugin v1.13 is disabled and older than required. To fix, install v1.16 or later and enable it.
	at hudson.PluginWrapper.resolvePluginDependencies(PluginWrapper.java:797)
	at hudson.PluginManager$2$1$1.run(PluginManager.java:543)
	at org.jvnet.hudson.reactor.TaskGraphBuilder$TaskImpl.run(TaskGraphBuilder.java:169)
	at org.jvnet.hudson.reactor.Reactor.runTask(Reactor.java:296)
	at jenkins.model.Jenkins$5.runTask(Jenkins.java:1083)
	at org.jvnet.hudson.reactor.Reactor$2.run(Reactor.java:214)
	at org.jvnet.hudson.reactor.Reactor$Node.run(Reactor.java:117)
	at java.base/java.util.concurrent.ThreadPoolExecutor.runWorker(ThreadPoolExecutor.java:1128)
	at java.base/java.util.concurrent.ThreadPoolExecutor$Worker.run(ThreadPoolExecutor.java:628)
	at java.base/java.lang.Thread.run(Thread.java:834)

Dec 13, 2018 12:08:43 PM jenkins.InitReactorRunner$1 onTaskFailed
SEVERE: Failed Loading plugin Pipeline: Nodes and Processes v2.4 (workflow-durable-task-step)
java.io.IOException: Pipeline: Nodes and Processes v2.4 failed to load.
 - Pipeline: Supporting APIs v2.1 failed to load. Fix this plugin first.
	at hudson.PluginWrapper.resolvePluginDependencies(PluginWrapper.java:797)
	at hudson.PluginManager$2$1$1.run(PluginManager.java:543)
	at org.jvnet.hudson.reactor.TaskGraphBuilder$TaskImpl.run(TaskGraphBuilder.java:169)
	at org.jvnet.hudson.reactor.Reactor.runTask(Reactor.java:296)
	at jenkins.model.Jenkins$5.runTask(Jenkins.java:1083)
	at org.jvnet.hudson.reactor.Reactor$2.run(Reactor.java:214)
	at org.jvnet.hudson.reactor.Reactor$Node.run(Reactor.java:117)
	at java.base/java.util.concurrent.ThreadPoolExecutor.runWorker(ThreadPoolExecutor.java:1128)
	at java.base/java.util.concurrent.ThreadPoolExecutor$Worker.run(ThreadPoolExecutor.java:628)
	at java.base/java.lang.Thread.run(Thread.java:834)

Dec 13, 2018 12:08:43 PM jenkins.InitReactorRunner$1 onTaskFailed
SEVERE: Failed Loading plugin Matrix Project Plugin v1.7.1 (matrix-project)
java.io.IOException: Matrix Project Plugin v1.7.1 failed to load.
 - JUnit Plugin is disabled. To fix, enable it.
 - Script Security Plugin is disabled. To fix, enable it.
	at hudson.PluginWrapper.resolvePluginDependencies(PluginWrapper.java:797)
	at hudson.PluginManager$2$1$1.run(PluginManager.java:543)
	at org.jvnet.hudson.reactor.TaskGraphBuilder$TaskImpl.run(TaskGraphBuilder.java:169)
	at org.jvnet.hudson.reactor.Reactor.runTask(Reactor.java:296)
	at jenkins.model.Jenkins$5.runTask(Jenkins.java:1083)
	at org.jvnet.hudson.reactor.Reactor$2.run(Reactor.java:214)
	at org.jvnet.hudson.reactor.Reactor$Node.run(Reactor.java:117)
	at java.base/java.util.concurrent.ThreadPoolExecutor.runWorker(ThreadPoolExecutor.java:1128)
	at java.base/java.util.concurrent.ThreadPoolExecutor$Worker.run(ThreadPoolExecutor.java:628)
	at java.base/java.lang.Thread.run(Thread.java:834)

Dec 13, 2018 12:08:43 PM jenkins.InitReactorRunner$1 onTaskFailed
SEVERE: Failed Loading plugin Jenkins Workspace Cleanup Plugin v0.36 (ws-cleanup)
java.io.IOException: Jenkins Workspace Cleanup Plugin v0.36 failed to load.
 - Pipeline: Nodes and Processes v2.4 failed to load. Fix this plugin first.
	at hudson.PluginWrapper.resolvePluginDependencies(PluginWrapper.java:797)
	at hudson.PluginManager$2$1$1.run(PluginManager.java:543)
	at org.jvnet.hudson.reactor.TaskGraphBuilder$TaskImpl.run(TaskGraphBuilder.java:169)
	at org.jvnet.hudson.reactor.Reactor.runTask(Reactor.java:296)
	at jenkins.model.Jenkins$5.runTask(Jenkins.java:1083)
	at org.jvnet.hudson.reactor.Reactor$2.run(Reactor.java:214)
	at org.jvnet.hudson.reactor.Reactor$Node.run(Reactor.java:117)
	at java.base/java.util.concurrent.ThreadPoolExecutor.runWorker(ThreadPoolExecutor.java:1128)
	at java.base/java.util.concurrent.ThreadPoolExecutor$Worker.run(ThreadPoolExecutor.java:628)
	at java.base/java.lang.Thread.run(Thread.java:834)

Dec 13, 2018 12:08:43 PM jenkins.InitReactorRunner$1 onTaskFailed
SEVERE: Failed Loading plugin Pipeline: Job v2.4 (workflow-job)
java.io.IOException: Pipeline: Job v2.4 failed to load.
 - Pipeline: Supporting APIs v2.1 failed to load. Fix this plugin first.
	at hudson.PluginWrapper.resolvePluginDependencies(PluginWrapper.java:797)
	at hudson.PluginManager$2$1$1.run(PluginManager.java:543)
	at org.jvnet.hudson.reactor.TaskGraphBuilder$TaskImpl.run(TaskGraphBuilder.java:169)
	at org.jvnet.hudson.reactor.Reactor.runTask(Reactor.java:296)
	at jenkins.model.Jenkins$5.runTask(Jenkins.java:1083)
	at org.jvnet.hudson.reactor.Reactor$2.run(Reactor.java:214)
	at org.jvnet.hudson.reactor.Reactor$Node.run(Reactor.java:117)
	at java.base/java.util.concurrent.ThreadPoolExecutor.runWorker(ThreadPoolExecutor.java:1128)
	at java.base/java.util.concurrent.ThreadPoolExecutor$Worker.run(ThreadPoolExecutor.java:628)
	at java.base/java.lang.Thread.run(Thread.java:834)

Dec 13, 2018 12:08:43 PM jenkins.InitReactorRunner$1 onTaskFailed
SEVERE: Failed Loading plugin Pipeline: Groovy v2.10 (workflow-cps)
java.io.IOException: Pipeline: Groovy v2.10 failed to load.
 - Script Security Plugin v1.13 is disabled and older than required. To fix, install v1.18 or later and enable it.
 - Pipeline: Supporting APIs v2.1 failed to load. Fix this plugin first.
	at hudson.PluginWrapper.resolvePluginDependencies(PluginWrapper.java:797)
	at hudson.PluginManager$2$1$1.run(PluginManager.java:543)
	at org.jvnet.hudson.reactor.TaskGraphBuilder$TaskImpl.run(TaskGraphBuilder.java:169)
	at org.jvnet.hudson.reactor.Reactor.runTask(Reactor.java:296)
	at jenkins.model.Jenkins$5.runTask(Jenkins.java:1083)
	at org.jvnet.hudson.reactor.Reactor$2.run(Reactor.java:214)
	at org.jvnet.hudson.reactor.Reactor$Node.run(Reactor.java:117)
	at java.base/java.util.concurrent.ThreadPoolExecutor.runWorker(ThreadPoolExecutor.java:1128)
	at java.base/java.util.concurrent.ThreadPoolExecutor$Worker.run(ThreadPoolExecutor.java:628)
	at java.base/java.lang.Thread.run(Thread.java:834)

Dec 13, 2018 12:08:44 PM jenkins.InitReactorRunner$1 onAttained
INFO: Prepared all plugins
Dec 13, 2018 12:08:44 PM jenkins.InitReactorRunner$1 onAttained
INFO: Started all plugins
Dec 13, 2018 12:08:44 PM jenkins.InitReactorRunner$1 onAttained
INFO: Augmented all extensions
Dec 13, 2018 12:08:44 PM hudson.ExtensionFinder$GuiceFinder$FaultTolerantScope$1 error
INFO: Failed to instantiate optional component org.jenkinsci.plugins.workflow.steps.scm.SubversionStep$DescriptorImpl; skipping
Dec 13, 2018 12:08:45 PM jenkins.InitReactorRunner$1 onAttained
INFO: Loaded all jobs
Dec 13, 2018 12:08:45 PM jenkins.InitReactorRunner$1 onAttained
INFO: Completed initialization
=== Starting doNotRunExternalCommandWhenNull(hudson.plugins.ws_cleanup.CleanupTest)
Dec 13, 2018 12:08:46 PM org.jenkinsci.remoting.util.AnonymousClassWarnings warn
WARNING: Attempt to (de-)serialize anonymous class hudson.plugins.ws_cleanup.CleanupTest$1 in file:/Users/kevinearls/sources/jenkinsci/forks/plugin-compat-tester/work/ws-cleanup/target/test-classes/; see: https://jenkins.io/redirect/serialization-of-anonymous-classes/
Dec 13, 2018 12:08:46 PM hudson.model.Run execute
INFO: sut #1 main build action completed: SUCCESS
Dec 13, 2018 12:08:46 PM hudson.model.Run execute
INFO: sut #2 main build action completed: SUCCESS
Dec 13, 2018 12:08:46 PM jenkins.model.Jenkins cleanUp
INFO: Stopping Jenkins
WARN: The method class org.apache.commons.logging.impl.SLF4JLogFactory#release() was invoked.
WARN: Please see http://www.slf4j.org/codes.html#release for an explanation.
Dec 13, 2018 12:10:01 PM jenkins.model.Jenkins cleanUp
INFO: Jenkins stopped
Dec 13, 2018 12:10:01 PM org.jvnet.hudson.test.JenkinsRule createWebServer
INFO: Running on http://localhost:63950/jenkins/
Dec 13, 2018 12:10:02 PM jenkins.InitReactorRunner$1 onAttained
INFO: Started initialization
Dec 13, 2018 12:10:02 PM jenkins.InitReactorRunner$1 onAttained
INFO: Listed all plugins
Dec 13, 2018 12:10:02 PM jenkins.InitReactorRunner$1 onAttained
INFO: Prepared all plugins
Dec 13, 2018 12:10:02 PM jenkins.InitReactorRunner$1 onAttained
INFO: Started all plugins
Dec 13, 2018 12:10:02 PM jenkins.InitReactorRunner$1 onAttained
INFO: Augmented all extensions
Dec 13, 2018 12:10:02 PM hudson.ExtensionFinder$GuiceFinder$FaultTolerantScope$1 error
INFO: Failed to instantiate optional component org.jenkinsci.plugins.workflow.steps.scm.SubversionStep$DescriptorImpl; skipping
Dec 13, 2018 12:10:02 PM jenkins.InitReactorRunner$1 onAttained
INFO: Loaded all jobs
Dec 13, 2018 12:10:02 PM jenkins.InitReactorRunner$1 onAttained
INFO: Completed initialization
=== Starting wipeOutWholeWorkspaceAfterBuild(hudson.plugins.ws_cleanup.CleanupTest)
Dec 13, 2018 12:10:02 PM hudson.model.Run execute
INFO: sut #1 main build action completed: SUCCESS
Dec 13, 2018 12:10:02 PM jenkins.model.Jenkins cleanUp
INFO: Stopping Jenkins
Dec 13, 2018 12:11:18 PM jenkins.model.Jenkins cleanUp
INFO: Jenkins stopped
Dec 13, 2018 12:11:18 PM org.jvnet.hudson.test.JenkinsRule createWebServer
INFO: Running on http://localhost:63987/jenkins/
Dec 13, 2018 12:11:18 PM jenkins.InitReactorRunner$1 onAttained
INFO: Started initialization
Dec 13, 2018 12:11:18 PM jenkins.InitReactorRunner$1 onAttained
INFO: Listed all plugins
Dec 13, 2018 12:11:18 PM jenkins.InitReactorRunner$1 onAttained
INFO: Prepared all plugins
Dec 13, 2018 12:11:18 PM jenkins.InitReactorRunner$1 onAttained
INFO: Started all plugins
Dec 13, 2018 12:11:18 PM jenkins.InitReactorRunner$1 onAttained
INFO: Augmented all extensions
Dec 13, 2018 12:11:18 PM hudson.ExtensionFinder$GuiceFinder$FaultTolerantScope$1 error
INFO: Failed to instantiate optional component org.jenkinsci.plugins.workflow.steps.scm.SubversionStep$DescriptorImpl; skipping
Dec 13, 2018 12:11:18 PM jenkins.InitReactorRunner$1 onAttained
INFO: Loaded all jobs
Dec 13, 2018 12:11:18 PM jenkins.InitReactorRunner$1 onAttained
INFO: Completed initialization
=== Starting wipeOutWholeWorkspaceBeforeBuild(hudson.plugins.ws_cleanup.CleanupTest)
Dec 13, 2018 12:11:18 PM hudson.model.Run execute
INFO: sut #1 main build action completed: SUCCESS
Dec 13, 2018 12:11:18 PM hudson.model.Run execute
INFO: sut #2 main build action completed: SUCCESS
Dec 13, 2018 12:11:18 PM jenkins.model.Jenkins cleanUp
INFO: Stopping Jenkins
Dec 13, 2018 12:12:34 PM jenkins.model.Jenkins cleanUp
INFO: Jenkins stopped
Dec 13, 2018 12:12:34 PM org.jvnet.hudson.test.JenkinsRule createWebServer
INFO: Running on http://localhost:64001/jenkins/
Dec 13, 2018 12:12:34 PM jenkins.InitReactorRunner$1 onAttained
INFO: Started initialization
Dec 13, 2018 12:12:34 PM jenkins.InitReactorRunner$1 onAttained
INFO: Listed all plugins
Dec 13, 2018 12:12:34 PM jenkins.InitReactorRunner$1 onAttained
INFO: Prepared all plugins
Dec 13, 2018 12:12:34 PM jenkins.InitReactorRunner$1 onAttained
INFO: Started all plugins
Dec 13, 2018 12:12:34 PM jenkins.InitReactorRunner$1 onAttained
INFO: Augmented all extensions
Dec 13, 2018 12:12:34 PM hudson.ExtensionFinder$GuiceFinder$FaultTolerantScope$1 error
INFO: Failed to instantiate optional component org.jenkinsci.plugins.workflow.steps.scm.SubversionStep$DescriptorImpl; skipping
Dec 13, 2018 12:12:34 PM jenkins.InitReactorRunner$1 onAttained
INFO: Loaded all jobs
Dec 13, 2018 12:12:34 PM jenkins.InitReactorRunner$1 onAttained
INFO: Completed initialization
=== Starting pipelineWorkspaceCleanup(hudson.plugins.ws_cleanup.CleanupTest)
Dec 13, 2018 12:12:35 PM hudson.ExtensionFinder$GuiceFinder$FaultTolerantScope$1 error
INFO: Failed to instantiate optional component org.jenkinsci.plugins.workflow.steps.scm.SubversionStep$DescriptorImpl; skipping
Dec 13, 2018 12:12:36 PM org.jenkinsci.plugins.workflow.job.WorkflowRun finish
INFO: p #1 completed: SUCCESS
Dec 13, 2018 12:12:36 PM jenkins.model.Jenkins cleanUp
INFO: Stopping Jenkins
Dec 13, 2018 12:13:54 PM jenkins.model.Jenkins cleanUp
INFO: Jenkins stopped
Dec 13, 2018 12:13:54 PM org.jvnet.hudson.test.JenkinsRule createWebServer
INFO: Running on http://localhost:64362/jenkins/
Dec 13, 2018 12:13:54 PM jenkins.InitReactorRunner$1 onAttained
INFO: Started initialization
Dec 13, 2018 12:13:54 PM jenkins.InitReactorRunner$1 onAttained
INFO: Listed all plugins
Dec 13, 2018 12:13:54 PM jenkins.InitReactorRunner$1 onAttained
INFO: Prepared all plugins
Dec 13, 2018 12:13:54 PM jenkins.InitReactorRunner$1 onAttained
INFO: Started all plugins
Dec 13, 2018 12:13:54 PM jenkins.InitReactorRunner$1 onAttained
INFO: Augmented all extensions
Dec 13, 2018 12:13:54 PM hudson.ExtensionFinder$GuiceFinder$FaultTolerantScope$1 error
INFO: Failed to instantiate optional component org.jenkinsci.plugins.workflow.steps.scm.SubversionStep$DescriptorImpl; skipping
Dec 13, 2018 12:13:55 PM jenkins.InitReactorRunner$1 onAttained
INFO: Loaded all jobs
Dec 13, 2018 12:13:55 PM jenkins.InitReactorRunner$1 onAttained
INFO: Completed initialization
=== Starting wipeOutWholeWorkspaceAfterBuildMatrix(hudson.plugins.ws_cleanup.CleanupTest)
Dec 13, 2018 12:13:55 PM hudson.model.Run execute
INFO: sut/name=a #1 main build action completed: SUCCESS
Dec 13, 2018 12:13:55 PM hudson.model.Run execute
INFO: sut/name=b #1 main build action completed: SUCCESS
Dec 13, 2018 12:13:56 PM hudson.model.Run execute
INFO: sut #1 main build action completed: SUCCESS
Dec 13, 2018 12:13:56 PM jenkins.model.Jenkins cleanUp
INFO: Stopping Jenkins
Dec 13, 2018 12:15:13 PM jenkins.model.Jenkins cleanUp
INFO: Jenkins stopped
Dec 13, 2018 12:15:13 PM org.jvnet.hudson.test.JenkinsRule createWebServer
INFO: Running on http://localhost:64464/jenkins/
Dec 13, 2018 12:15:13 PM jenkins.InitReactorRunner$1 onAttained
INFO: Started initialization
Dec 13, 2018 12:15:13 PM jenkins.InitReactorRunner$1 onAttained
INFO: Listed all plugins
Dec 13, 2018 12:15:13 PM jenkins.InitReactorRunner$1 onAttained
INFO: Prepared all plugins
Dec 13, 2018 12:15:13 PM jenkins.InitReactorRunner$1 onAttained
INFO: Started all plugins
Dec 13, 2018 12:15:13 PM jenkins.InitReactorRunner$1 onAttained
INFO: Augmented all extensions
Dec 13, 2018 12:15:13 PM hudson.ExtensionFinder$GuiceFinder$FaultTolerantScope$1 error
INFO: Failed to instantiate optional component org.jenkinsci.plugins.workflow.steps.scm.SubversionStep$DescriptorImpl; skipping
Dec 13, 2018 12:15:13 PM jenkins.InitReactorRunner$1 onAttained
INFO: Loaded all jobs
Dec 13, 2018 12:15:13 PM jenkins.InitReactorRunner$1 onAttained
INFO: Completed initialization
=== Starting doNotRunExternalCommandWhenWhitespace(hudson.plugins.ws_cleanup.CleanupTest)
Dec 13, 2018 12:15:14 PM hudson.model.Run execute
INFO: sut #1 main build action completed: SUCCESS
Dec 13, 2018 12:15:14 PM hudson.model.Run execute
INFO: sut #2 main build action completed: SUCCESS
Dec 13, 2018 12:15:14 PM jenkins.model.Jenkins cleanUp
INFO: Stopping Jenkins
Dec 13, 2018 12:16:30 PM jenkins.model.Jenkins cleanUp
INFO: Jenkins stopped
Dec 13, 2018 12:16:30 PM org.jvnet.hudson.test.JenkinsRule createWebServer
INFO: Running on http://localhost:64492/jenkins/
Dec 13, 2018 12:16:30 PM jenkins.InitReactorRunner$1 onAttained
INFO: Started initialization
Dec 13, 2018 12:16:30 PM jenkins.InitReactorRunner$1 onAttained
INFO: Listed all plugins
Dec 13, 2018 12:16:30 PM jenkins.InitReactorRunner$1 onAttained
INFO: Prepared all plugins
Dec 13, 2018 12:16:30 PM jenkins.InitReactorRunner$1 onAttained
INFO: Started all plugins
Dec 13, 2018 12:16:30 PM jenkins.InitReactorRunner$1 onAttained
INFO: Augmented all extensions
Dec 13, 2018 12:16:30 PM hudson.ExtensionFinder$GuiceFinder$FaultTolerantScope$1 error
INFO: Failed to instantiate optional component org.jenkinsci.plugins.workflow.steps.scm.SubversionStep$DescriptorImpl; skipping
Dec 13, 2018 12:16:30 PM jenkins.InitReactorRunner$1 onAttained
INFO: Loaded all jobs
Dec 13, 2018 12:16:30 PM jenkins.InitReactorRunner$1 onAttained
INFO: Completed initialization
=== Starting deferredWipeoutAfterBuild(hudson.plugins.ws_cleanup.CleanupTest)
Dec 13, 2018 12:16:30 PM hudson.model.Run execute
INFO: sut1 #1 main build action completed: SUCCESS
Dec 13, 2018 12:16:31 PM hudson.model.Run execute
INFO: sut2 #1 main build action completed: SUCCESS
Dec 13, 2018 12:16:31 PM hudson.model.Run execute
INFO: sut3 #1 main build action completed: SUCCESS
Dec 13, 2018 12:16:31 PM hudson.model.Run execute
INFO: sut4 #1 main build action completed: SUCCESS
Dec 13, 2018 12:16:31 PM hudson.model.Run execute
INFO: sut5 #1 main build action completed: SUCCESS
Dec 13, 2018 12:16:31 PM hudson.model.Run execute
INFO: sut6 #1 main build action completed: SUCCESS
Dec 13, 2018 12:16:31 PM jenkins.model.Jenkins cleanUp
INFO: Stopping Jenkins
Dec 13, 2018 12:17:47 PM jenkins.model.Jenkins cleanUp
INFO: Jenkins stopped
Dec 13, 2018 12:17:47 PM org.jvnet.hudson.test.JenkinsRule createWebServer
INFO: Running on http://localhost:64518/jenkins/
Dec 13, 2018 12:17:47 PM jenkins.InitReactorRunner$1 onAttained
INFO: Started initialization
Dec 13, 2018 12:17:47 PM jenkins.InitReactorRunner$1 onAttained
INFO: Listed all plugins
Dec 13, 2018 12:17:47 PM jenkins.InitReactorRunner$1 onAttained
INFO: Prepared all plugins
Dec 13, 2018 12:17:47 PM jenkins.InitReactorRunner$1 onAttained
INFO: Started all plugins
Dec 13, 2018 12:17:47 PM jenkins.InitReactorRunner$1 onAttained
INFO: Augmented all extensions
Dec 13, 2018 12:17:47 PM hudson.ExtensionFinder$GuiceFinder$FaultTolerantScope$1 error
INFO: Failed to instantiate optional component org.jenkinsci.plugins.workflow.steps.scm.SubversionStep$DescriptorImpl; skipping
Dec 13, 2018 12:17:48 PM jenkins.InitReactorRunner$1 onAttained
INFO: Loaded all jobs
Dec 13, 2018 12:17:48 PM jenkins.InitReactorRunner$1 onAttained
INFO: Completed initialization
=== Starting doNotTreatFilenameAsRegexReplaceWhenUsingCustomCommand(hudson.plugins.ws_cleanup.CleanupTest)
Dec 13, 2018 12:17:48 PM hudson.model.Run execute
INFO: sut #1 main build action completed: SUCCESS
Dec 13, 2018 12:17:48 PM hudson.model.Run execute
INFO: sut #2 main build action completed: SUCCESS
Dec 13, 2018 12:17:48 PM jenkins.model.Jenkins cleanUp
INFO: Stopping Jenkins
Dec 13, 2018 12:19:04 PM jenkins.model.Jenkins cleanUp
INFO: Jenkins stopped
Dec 13, 2018 12:19:04 PM org.jvnet.hudson.test.JenkinsRule createWebServer
INFO: Running on http://localhost:64542/jenkins/
Dec 13, 2018 12:19:04 PM jenkins.InitReactorRunner$1 onAttained
INFO: Started initialization
Dec 13, 2018 12:19:04 PM jenkins.InitReactorRunner$1 onAttained
INFO: Listed all plugins
Dec 13, 2018 12:19:04 PM jenkins.InitReactorRunner$1 onAttained
INFO: Prepared all plugins
Dec 13, 2018 12:19:04 PM jenkins.InitReactorRunner$1 onAttained
INFO: Started all plugins
Dec 13, 2018 12:19:04 PM jenkins.InitReactorRunner$1 onAttained
INFO: Augmented all extensions
Dec 13, 2018 12:19:04 PM hudson.ExtensionFinder$GuiceFinder$FaultTolerantScope$1 error
INFO: Failed to instantiate optional component org.jenkinsci.plugins.workflow.steps.scm.SubversionStep$DescriptorImpl; skipping
Dec 13, 2018 12:19:05 PM jenkins.InitReactorRunner$1 onAttained
INFO: Loaded all jobs
Dec 13, 2018 12:19:05 PM jenkins.InitReactorRunner$1 onAttained
INFO: Completed initialization
=== Starting symbolAnnotationWorkspaceCleanupUnlessBuildFails(hudson.plugins.ws_cleanup.CleanupTest)
Dec 13, 2018 12:19:05 PM hudson.ExtensionFinder$GuiceFinder$FaultTolerantScope$1 error
INFO: Failed to instantiate optional component org.jenkinsci.plugins.workflow.steps.scm.SubversionStep$DescriptorImpl; skipping
Dec 13, 2018 12:19:06 PM org.jenkinsci.plugins.workflow.job.WorkflowRun finish
INFO: p #1 completed: FAILURE
Dec 13, 2018 12:19:06 PM jenkins.model.Jenkins cleanUp
INFO: Stopping Jenkins
Dec 13, 2018 12:20:22 PM jenkins.model.Jenkins cleanUp
INFO: Jenkins stopped
Dec 13, 2018 12:20:22 PM org.jvnet.hudson.test.JenkinsRule createWebServer
INFO: Running on http://localhost:64576/jenkins/
Dec 13, 2018 12:20:22 PM jenkins.InitReactorRunner$1 onAttained
INFO: Started initialization
Dec 13, 2018 12:20:22 PM jenkins.InitReactorRunner$1 onAttained
INFO: Listed all plugins
Dec 13, 2018 12:20:22 PM jenkins.InitReactorRunner$1 onAttained
INFO: Prepared all plugins
Dec 13, 2018 12:20:22 PM jenkins.InitReactorRunner$1 onAttained
INFO: Started all plugins
Dec 13, 2018 12:20:22 PM jenkins.InitReactorRunner$1 onAttained
INFO: Augmented all extensions
Dec 13, 2018 12:20:22 PM hudson.ExtensionFinder$GuiceFinder$FaultTolerantScope$1 error
INFO: Failed to instantiate optional component org.jenkinsci.plugins.workflow.steps.scm.SubversionStep$DescriptorImpl; skipping
Dec 13, 2018 12:20:23 PM jenkins.InitReactorRunner$1 onAttained
INFO: Loaded all jobs
Dec 13, 2018 12:20:23 PM jenkins.InitReactorRunner$1 onAttained
INFO: Completed initialization
=== Starting symbolWorkspaceCleanupAnnotationUsingPattern(hudson.plugins.ws_cleanup.CleanupTest)
Dec 13, 2018 12:20:23 PM hudson.ExtensionFinder$GuiceFinder$FaultTolerantScope$1 error
INFO: Failed to instantiate optional component org.jenkinsci.plugins.workflow.steps.scm.SubversionStep$DescriptorImpl; skipping
Dec 13, 2018 12:20:24 PM org.jenkinsci.plugins.workflow.job.WorkflowRun finish
INFO: p #1 completed: SUCCESS
Dec 13, 2018 12:20:24 PM jenkins.model.Jenkins cleanUp
INFO: Stopping Jenkins
Dec 13, 2018 12:21:40 PM jenkins.model.Jenkins cleanUp
INFO: Jenkins stopped
Dec 13, 2018 12:21:40 PM org.jvnet.hudson.test.JenkinsRule createWebServer
INFO: Running on http://localhost:64594/jenkins/
Dec 13, 2018 12:21:40 PM jenkins.InitReactorRunner$1 onAttained
INFO: Started initialization
Dec 13, 2018 12:21:40 PM jenkins.InitReactorRunner$1 onAttained
INFO: Listed all plugins
Dec 13, 2018 12:21:40 PM jenkins.InitReactorRunner$1 onAttained
INFO: Prepared all plugins
Dec 13, 2018 12:21:40 PM jenkins.InitReactorRunner$1 onAttained
INFO: Started all plugins
Dec 13, 2018 12:21:40 PM jenkins.InitReactorRunner$1 onAttained
INFO: Augmented all extensions
Dec 13, 2018 12:21:40 PM hudson.ExtensionFinder$GuiceFinder$FaultTolerantScope$1 error
INFO: Failed to instantiate optional component org.jenkinsci.plugins.workflow.steps.scm.SubversionStep$DescriptorImpl; skipping
Dec 13, 2018 12:21:40 PM jenkins.InitReactorRunner$1 onAttained
INFO: Loaded all jobs
Dec 13, 2018 12:21:40 PM jenkins.InitReactorRunner$1 onAttained
INFO: Completed initialization
=== Starting workspaceShouldNotBeManipulated(hudson.plugins.ws_cleanup.CleanupTest)
Dec 13, 2018 12:21:42 PM hudson.model.Run execute
INFO: sut #1 main build action completed: SUCCESS
Dec 13, 2018 12:21:43 PM hudson.model.Run execute
INFO: sut #2 main build action completed: SUCCESS
Dec 13, 2018 12:21:45 PM hudson.model.Run execute
INFO: sut #3 main build action completed: SUCCESS
Dec 13, 2018 12:21:45 PM hudson.model.Run execute
INFO: sut #5 main build action completed: SUCCESS
Dec 13, 2018 12:21:46 PM hudson.model.Run execute
INFO: sut #6 main build action completed: SUCCESS
Dec 13, 2018 12:21:47 PM hudson.model.Run execute
INFO: sut #4 main build action completed: SUCCESS
Dec 13, 2018 12:21:48 PM hudson.model.Run execute
INFO: sut #7 main build action completed: SUCCESS
Dec 13, 2018 12:21:50 PM hudson.model.Run execute
INFO: sut #8 main build action completed: SUCCESS
Dec 13, 2018 12:21:50 PM hudson.model.Run execute
INFO: sut #10 main build action completed: SUCCESS
Dec 13, 2018 12:21:51 PM hudson.model.Run execute
INFO: sut #11 main build action completed: SUCCESS
Dec 13, 2018 12:21:52 PM hudson.model.Run execute
INFO: sut #9 main build action completed: SUCCESS
Dec 13, 2018 12:21:53 PM hudson.model.Run execute
INFO: sut #12 main build action completed: SUCCESS
Dec 13, 2018 12:21:55 PM hudson.model.Run execute
INFO: sut #13 main build action completed: SUCCESS
Dec 13, 2018 12:21:55 PM hudson.model.Run execute
INFO: sut #15 main build action completed: SUCCESS
Dec 13, 2018 12:21:57 PM hudson.model.Run execute
INFO: sut #16 main build action completed: SUCCESS
Dec 13, 2018 12:21:57 PM hudson.model.Run execute
INFO: sut #14 main build action completed: SUCCESS
Dec 13, 2018 12:21:59 PM hudson.model.Run execute
INFO: sut #17 main build action completed: SUCCESS
Dec 13, 2018 12:22:00 PM hudson.model.Run execute
INFO: sut #18 main build action completed: SUCCESS
Dec 13, 2018 12:22:01 PM hudson.model.Run execute
INFO: sut #20 main build action completed: SUCCESS
Dec 13, 2018 12:22:02 PM hudson.model.Run execute
INFO: sut #21 main build action completed: SUCCESS
Dec 13, 2018 12:22:03 PM hudson.model.Run execute
INFO: sut #19 main build action completed: SUCCESS
Dec 13, 2018 12:22:04 PM hudson.model.Run execute
INFO: sut #22 main build action completed: SUCCESS
Dec 13, 2018 12:22:06 PM hudson.model.Run execute
INFO: sut #23 main build action completed: SUCCESS
Dec 13, 2018 12:22:06 PM hudson.model.Run execute
INFO: sut #25 main build action completed: SUCCESS
Dec 13, 2018 12:22:07 PM hudson.model.Run execute
INFO: sut #26 main build action completed: SUCCESS
Dec 13, 2018 12:22:08 PM hudson.model.Run execute
INFO: sut #24 main build action completed: SUCCESS
Dec 13, 2018 12:22:09 PM hudson.model.Run execute
INFO: sut #27 main build action completed: SUCCESS
Dec 13, 2018 12:22:11 PM hudson.model.Run execute
INFO: sut #28 main build action completed: SUCCESS
Dec 13, 2018 12:22:11 PM hudson.model.Run execute
INFO: sut #30 main build action completed: SUCCESS
Dec 13, 2018 12:22:12 PM hudson.model.Run execute
INFO: sut #31 main build action completed: SUCCESS
Dec 13, 2018 12:22:13 PM hudson.model.Run execute
INFO: sut #29 main build action completed: SUCCESS
Dec 13, 2018 12:22:14 PM hudson.model.Run execute
INFO: sut #32 main build action completed: SUCCESS
Dec 13, 2018 12:22:17 PM hudson.model.Run execute
INFO: sut #33 main build action completed: SUCCESS
Dec 13, 2018 12:22:17 PM hudson.model.Run execute
INFO: sut #35 main build action completed: SUCCESS
Dec 13, 2018 12:22:18 PM hudson.model.Run execute
INFO: sut #36 main build action completed: SUCCESS
Dec 13, 2018 12:22:19 PM hudson.model.Run execute
INFO: sut #34 main build action completed: SUCCESS
Dec 13, 2018 12:22:20 PM hudson.model.Run execute
INFO: sut #37 main build action completed: SUCCESS
Dec 13, 2018 12:22:22 PM hudson.model.Run execute
INFO: sut #38 main build action completed: SUCCESS
Dec 13, 2018 12:22:22 PM hudson.model.Run execute
INFO: sut #40 main build action completed: SUCCESS
Dec 13, 2018 12:22:23 PM hudson.model.Run execute
INFO: sut #41 main build action completed: SUCCESS
Dec 13, 2018 12:22:24 PM hudson.model.Run execute
INFO: sut #39 main build action completed: SUCCESS
Dec 13, 2018 12:22:25 PM hudson.model.Run execute
INFO: sut #42 main build action completed: SUCCESS
Dec 13, 2018 12:22:27 PM hudson.model.Run execute
INFO: sut #43 main build action completed: SUCCESS
Dec 13, 2018 12:22:27 PM hudson.model.Run execute
INFO: sut #45 main build action completed: SUCCESS
Dec 13, 2018 12:22:29 PM hudson.model.Run execute
INFO: sut #46 main build action completed: SUCCESS
Dec 13, 2018 12:22:29 PM hudson.model.Run execute
INFO: sut #44 main build action completed: SUCCESS
Dec 13, 2018 12:22:31 PM hudson.model.Run execute
INFO: sut #47 main build action completed: SUCCESS
Dec 13, 2018 12:22:32 PM hudson.model.Run execute
INFO: sut #48 main build action completed: SUCCESS
Dec 13, 2018 12:22:33 PM hudson.model.Run execute
INFO: sut #50 main build action completed: SUCCESS
Dec 13, 2018 12:22:35 PM hudson.model.Run execute
INFO: sut #49 main build action completed: SUCCESS
Dec 13, 2018 12:22:35 PM jenkins.model.Jenkins cleanUp
INFO: Stopping Jenkins
Dec 13, 2018 12:23:50 PM jenkins.model.Jenkins cleanUp
INFO: Jenkins stopped
Dec 13, 2018 12:23:50 PM org.jvnet.hudson.test.JenkinsRule createWebServer
INFO: Running on http://localhost:64623/jenkins/
Dec 13, 2018 12:23:50 PM jenkins.InitReactorRunner$1 onAttained
INFO: Started initialization
Dec 13, 2018 12:23:51 PM jenkins.InitReactorRunner$1 onAttained
INFO: Listed all plugins
Dec 13, 2018 12:23:51 PM jenkins.InitReactorRunner$1 onAttained
INFO: Prepared all plugins
Dec 13, 2018 12:23:51 PM jenkins.InitReactorRunner$1 onAttained
INFO: Started all plugins
Dec 13, 2018 12:23:51 PM jenkins.InitReactorRunner$1 onAttained
INFO: Augmented all extensions
Dec 13, 2018 12:23:51 PM hudson.ExtensionFinder$GuiceFinder$FaultTolerantScope$1 error
INFO: Failed to instantiate optional component org.jenkinsci.plugins.workflow.steps.scm.SubversionStep$DescriptorImpl; skipping
Dec 13, 2018 12:23:51 PM jenkins.InitReactorRunner$1 onAttained
INFO: Loaded all jobs
Dec 13, 2018 12:23:51 PM jenkins.InitReactorRunner$1 onAttained
INFO: Completed initialization
=== Starting reportCleanupCommandFailure(hudson.plugins.ws_cleanup.CleanupTest)
Dec 13, 2018 12:23:51 PM hudson.model.Run execute
INFO: sut #1 main build action completed: SUCCESS
Dec 13, 2018 12:23:51 PM hudson.model.Run execute
INFO: sut #2 main build action completed: SUCCESS
Dec 13, 2018 12:23:51 PM jenkins.model.Jenkins cleanUp
INFO: Stopping Jenkins
Dec 13, 2018 12:25:07 PM jenkins.model.Jenkins cleanUp
INFO: Jenkins stopped
Dec 13, 2018 12:25:07 PM org.jvnet.hudson.test.JenkinsRule createWebServer
INFO: Running on http://localhost:64642/jenkins/
Dec 13, 2018 12:25:07 PM jenkins.InitReactorRunner$1 onAttained
INFO: Started initialization
Dec 13, 2018 12:25:07 PM jenkins.InitReactorRunner$1 onAttained
INFO: Listed all plugins
Dec 13, 2018 12:25:07 PM jenkins.InitReactorRunner$1 onAttained
INFO: Prepared all plugins
Dec 13, 2018 12:25:07 PM jenkins.InitReactorRunner$1 onAttained
INFO: Started all plugins
Dec 13, 2018 12:25:07 PM jenkins.InitReactorRunner$1 onAttained
INFO: Augmented all extensions
Dec 13, 2018 12:25:07 PM hudson.ExtensionFinder$GuiceFinder$FaultTolerantScope$1 error
INFO: Failed to instantiate optional component org.jenkinsci.plugins.workflow.steps.scm.SubversionStep$DescriptorImpl; skipping
Dec 13, 2018 12:25:07 PM jenkins.InitReactorRunner$1 onAttained
INFO: Loaded all jobs
Dec 13, 2018 12:25:07 PM jenkins.InitReactorRunner$1 onAttained
INFO: Completed initialization
=== Starting doNotFailToWipeoutWhenRenameFails(hudson.plugins.ws_cleanup.CleanupTest)
Dec 13, 2018 12:25:07 PM hudson.model.Run execute
INFO: sut #1 main build action completed: SUCCESS
Dec 13, 2018 12:25:07 PM jenkins.model.Jenkins cleanUp
INFO: Stopping Jenkins
Dec 13, 2018 12:26:23 PM jenkins.model.Jenkins cleanUp
INFO: Jenkins stopped
Dec 13, 2018 12:26:23 PM org.jvnet.hudson.test.JenkinsRule createWebServer
INFO: Running on http://localhost:64659/jenkins/
Dec 13, 2018 12:26:23 PM jenkins.InitReactorRunner$1 onAttained
INFO: Started initialization
Dec 13, 2018 12:26:23 PM jenkins.InitReactorRunner$1 onAttained
INFO: Listed all plugins
Dec 13, 2018 12:26:23 PM jenkins.InitReactorRunner$1 onAttained
INFO: Prepared all plugins
Dec 13, 2018 12:26:23 PM jenkins.InitReactorRunner$1 onAttained
INFO: Started all plugins
Dec 13, 2018 12:26:23 PM jenkins.InitReactorRunner$1 onAttained
INFO: Augmented all extensions
Dec 13, 2018 12:26:23 PM hudson.ExtensionFinder$GuiceFinder$FaultTolerantScope$1 error
INFO: Failed to instantiate optional component org.jenkinsci.plugins.workflow.steps.scm.SubversionStep$DescriptorImpl; skipping
Dec 13, 2018 12:26:23 PM jenkins.InitReactorRunner$1 onAttained
INFO: Loaded all jobs
Dec 13, 2018 12:26:23 PM jenkins.InitReactorRunner$1 onAttained
INFO: Completed initialization
=== Starting pipelineWorkspaceCleanupUsingPattern(hudson.plugins.ws_cleanup.CleanupTest)
Dec 13, 2018 12:26:23 PM hudson.ExtensionFinder$GuiceFinder$FaultTolerantScope$1 error
INFO: Failed to instantiate optional component org.jenkinsci.plugins.workflow.steps.scm.SubversionStep$DescriptorImpl; skipping
Dec 13, 2018 12:26:24 PM org.jenkinsci.plugins.workflow.job.WorkflowRun finish
INFO: p #1 completed: SUCCESS
Dec 13, 2018 12:26:24 PM jenkins.model.Jenkins cleanUp
INFO: Stopping Jenkins
Dec 13, 2018 12:27:40 PM jenkins.model.Jenkins cleanUp
INFO: Jenkins stopped
Dec 13, 2018 12:27:40 PM org.jvnet.hudson.test.JenkinsRule createWebServer
INFO: Running on http://localhost:64677/jenkins/
Dec 13, 2018 12:27:40 PM jenkins.InitReactorRunner$1 onAttained
INFO: Started initialization
Dec 13, 2018 12:27:40 PM jenkins.InitReactorRunner$1 onAttained
INFO: Listed all plugins
Dec 13, 2018 12:27:40 PM jenkins.InitReactorRunner$1 onAttained
INFO: Prepared all plugins
Dec 13, 2018 12:27:40 PM jenkins.InitReactorRunner$1 onAttained
INFO: Started all plugins
Dec 13, 2018 12:27:40 PM jenkins.InitReactorRunner$1 onAttained
INFO: Augmented all extensions
Dec 13, 2018 12:27:40 PM hudson.ExtensionFinder$GuiceFinder$FaultTolerantScope$1 error
INFO: Failed to instantiate optional component org.jenkinsci.plugins.workflow.steps.scm.SubversionStep$DescriptorImpl; skipping
Dec 13, 2018 12:27:40 PM jenkins.InitReactorRunner$1 onAttained
INFO: Loaded all jobs
Dec 13, 2018 12:27:40 PM jenkins.InitReactorRunner$1 onAttained
INFO: Completed initialization
=== Starting deleteWorkspaceWithNonAsciiCharacters(hudson.plugins.ws_cleanup.CleanupTest)
Dec 13, 2018 12:27:41 PM hudson.model.Run execute
INFO: sut #1 main build action completed: SUCCESS
Dec 13, 2018 12:27:41 PM jenkins.model.Jenkins cleanUp
INFO: Stopping Jenkins
Dec 13, 2018 12:28:56 PM jenkins.model.Jenkins cleanUp
INFO: Jenkins stopped
Dec 13, 2018 12:28:56 PM org.jvnet.hudson.test.JenkinsRule createWebServer
INFO: Running on http://localhost:64697/jenkins/
Dec 13, 2018 12:28:56 PM jenkins.InitReactorRunner$1 onAttained
INFO: Started initialization
Dec 13, 2018 12:28:56 PM jenkins.InitReactorRunner$1 onAttained
INFO: Listed all plugins
Dec 13, 2018 12:28:57 PM jenkins.InitReactorRunner$1 onAttained
INFO: Prepared all plugins
Dec 13, 2018 12:28:57 PM jenkins.InitReactorRunner$1 onAttained
INFO: Started all plugins
Dec 13, 2018 12:28:57 PM jenkins.InitReactorRunner$1 onAttained
INFO: Augmented all extensions
Dec 13, 2018 12:28:57 PM jenkins.InitReactorRunner$1 onAttained
INFO: Loaded all jobs
Dec 13, 2018 12:28:57 PM hudson.ExtensionFinder$GuiceFinder$FaultTolerantScope$1 error
INFO: Failed to instantiate optional component org.jenkinsci.plugins.workflow.steps.scm.SubversionStep$DescriptorImpl; skipping
Dec 13, 2018 12:28:57 PM jenkins.InitReactorRunner$1 onAttained
INFO: Completed initialization
=== Starting symbolAnnotationWorkspaceCleanup(hudson.plugins.ws_cleanup.CleanupTest)
Dec 13, 2018 12:28:57 PM hudson.ExtensionFinder$GuiceFinder$FaultTolerantScope$1 error
INFO: Failed to instantiate optional component org.jenkinsci.plugins.workflow.steps.scm.SubversionStep$DescriptorImpl; skipping
Dec 13, 2018 12:28:58 PM org.jenkinsci.plugins.workflow.job.WorkflowRun finish
INFO: p #1 completed: SUCCESS
Dec 13, 2018 12:28:58 PM jenkins.model.Jenkins cleanUp
INFO: Stopping Jenkins
Dec 13, 2018 12:30:14 PM jenkins.model.Jenkins cleanUp
INFO: Jenkins stopped
Dec 13, 2018 12:30:14 PM org.jvnet.hudson.test.JenkinsRule createWebServer
INFO: Running on http://localhost:64723/jenkins/
Dec 13, 2018 12:30:14 PM jenkins.InitReactorRunner$1 onAttained
INFO: Started initialization
Dec 13, 2018 12:30:14 PM jenkins.InitReactorRunner$1 onAttained
INFO: Listed all plugins
Dec 13, 2018 12:30:15 PM jenkins.InitReactorRunner$1 onAttained
INFO: Prepared all plugins
Dec 13, 2018 12:30:15 PM jenkins.InitReactorRunner$1 onAttained
INFO: Started all plugins
Dec 13, 2018 12:30:15 PM jenkins.InitReactorRunner$1 onAttained
INFO: Augmented all extensions
Dec 13, 2018 12:30:15 PM hudson.ExtensionFinder$GuiceFinder$FaultTolerantScope$1 error
INFO: Failed to instantiate optional component org.jenkinsci.plugins.workflow.steps.scm.SubversionStep$DescriptorImpl; skipping
Dec 13, 2018 12:30:15 PM jenkins.InitReactorRunner$1 onAttained
INFO: Loaded all jobs
Dec 13, 2018 12:30:15 PM jenkins.InitReactorRunner$1 onAttained
INFO: Completed initialization
=== Starting pipelineWorkspaceCleanupUnlessBuildFails(hudson.plugins.ws_cleanup.CleanupTest)
Dec 13, 2018 12:30:16 PM hudson.ExtensionFinder$GuiceFinder$FaultTolerantScope$1 error
INFO: Failed to instantiate optional component org.jenkinsci.plugins.workflow.steps.scm.SubversionStep$DescriptorImpl; skipping
Dec 13, 2018 12:30:17 PM org.jenkinsci.plugins.workflow.job.WorkflowRun finish
INFO: p #1 completed: FAILURE
Dec 13, 2018 12:30:18 PM jenkins.model.Jenkins cleanUp
INFO: Stopping Jenkins
Dec 13, 2018 12:31:34 PM jenkins.model.Jenkins cleanUp
INFO: Jenkins stopped
Dec 13, 2018 12:31:34 PM org.jvnet.hudson.test.JenkinsRule createWebServer
INFO: Running on http://localhost:64757/jenkins/
Dec 13, 2018 12:31:34 PM jenkins.InitReactorRunner$1 onAttained
INFO: Started initialization
Dec 13, 2018 12:31:34 PM jenkins.InitReactorRunner$1 onAttained
INFO: Listed all plugins
Dec 13, 2018 12:31:34 PM jenkins.InitReactorRunner$1 onAttained
INFO: Prepared all plugins
Dec 13, 2018 12:31:34 PM jenkins.InitReactorRunner$1 onAttained
INFO: Started all plugins
Dec 13, 2018 12:31:34 PM jenkins.InitReactorRunner$1 onAttained
INFO: Augmented all extensions
Dec 13, 2018 12:31:34 PM hudson.ExtensionFinder$GuiceFinder$FaultTolerantScope$1 error
INFO: Failed to instantiate optional component org.jenkinsci.plugins.workflow.steps.scm.SubversionStep$DescriptorImpl; skipping
Dec 13, 2018 12:31:35 PM jenkins.InitReactorRunner$1 onAttained
INFO: Loaded all jobs
Dec 13, 2018 12:31:35 PM jenkins.InitReactorRunner$1 onAttained
INFO: Completed initialization
=== Starting reportCleanupCommandFailure(hudson.plugins.ws_cleanup.CleanupTest)
Dec 13, 2018 12:31:35 PM hudson.model.Run execute
INFO: sut #1 main build action completed: SUCCESS
Dec 13, 2018 12:31:35 PM hudson.model.Run execute
INFO: sut #2 main build action completed: SUCCESS
Dec 13, 2018 12:31:35 PM jenkins.model.Jenkins cleanUp
INFO: Stopping Jenkins
Dec 13, 2018 12:32:51 PM jenkins.model.Jenkins cleanUp
INFO: Jenkins stopped
Dec 13, 2018 12:32:51 PM org.jvnet.hudson.test.JenkinsRule createWebServer
INFO: Running on http://localhost:64769/jenkins/
Dec 13, 2018 12:32:51 PM jenkins.InitReactorRunner$1 onAttained
INFO: Started initialization
Dec 13, 2018 12:32:51 PM jenkins.InitReactorRunner$1 onAttained
INFO: Listed all plugins
Dec 13, 2018 12:32:51 PM jenkins.InitReactorRunner$1 onAttained
INFO: Prepared all plugins
Dec 13, 2018 12:32:51 PM jenkins.InitReactorRunner$1 onAttained
INFO: Started all plugins
Dec 13, 2018 12:32:51 PM jenkins.InitReactorRunner$1 onAttained
INFO: Augmented all extensions
Dec 13, 2018 12:32:51 PM hudson.ExtensionFinder$GuiceFinder$FaultTolerantScope$1 error
INFO: Failed to instantiate optional component org.jenkinsci.plugins.workflow.steps.scm.SubversionStep$DescriptorImpl; skipping
Dec 13, 2018 12:32:51 PM jenkins.InitReactorRunner$1 onAttained
INFO: Loaded all jobs
Dec 13, 2018 12:32:51 PM jenkins.InitReactorRunner$1 onAttained
INFO: Completed initialization
=== Starting doNotFailToWipeoutWhenRenameFails(hudson.plugins.ws_cleanup.CleanupTest)
Dec 13, 2018 12:32:52 PM hudson.model.Run execute
INFO: sut #1 main build action completed: SUCCESS
Dec 13, 2018 12:32:52 PM jenkins.model.Jenkins cleanUp
INFO: Stopping Jenkins
Dec 13, 2018 12:34:11 PM jenkins.model.Jenkins cleanUp
INFO: Jenkins stopped
Dec 13, 2018 12:34:11 PM org.jvnet.hudson.test.JenkinsRule createWebServer
INFO: Running on http://localhost:64817/jenkins/
Dec 13, 2018 12:34:11 PM jenkins.InitReactorRunner$1 onAttained
INFO: Started initialization
Dec 13, 2018 12:34:11 PM jenkins.InitReactorRunner$1 onAttained
INFO: Listed all plugins
Dec 13, 2018 12:34:12 PM jenkins.InitReactorRunner$1 onAttained
INFO: Prepared all plugins
Dec 13, 2018 12:34:12 PM jenkins.InitReactorRunner$1 onAttained
INFO: Started all plugins
Dec 13, 2018 12:34:12 PM jenkins.InitReactorRunner$1 onAttained
INFO: Augmented all extensions
Dec 13, 2018 12:34:12 PM hudson.ExtensionFinder$GuiceFinder$FaultTolerantScope$1 error
INFO: Failed to instantiate optional component org.jenkinsci.plugins.workflow.steps.scm.SubversionStep$DescriptorImpl; skipping
Dec 13, 2018 12:34:12 PM jenkins.InitReactorRunner$1 onAttained
INFO: Loaded all jobs
Dec 13, 2018 12:34:12 PM jenkins.InitReactorRunner$1 onAttained
INFO: Completed initialization
=== Starting doNotFailToWipeoutWhenRenameFails(hudson.plugins.ws_cleanup.CleanupTest)
Dec 13, 2018 12:34:12 PM hudson.model.Run execute
INFO: sut #1 main build action completed: SUCCESS
Dec 13, 2018 12:34:12 PM jenkins.model.Jenkins cleanUp
INFO: Stopping Jenkins
Dec 13, 2018 12:35:37 PM jenkins.model.Jenkins cleanUp
INFO: Jenkins stopped
Dec 13, 2018 12:35:37 PM org.jvnet.hudson.test.JenkinsRule createWebServer
INFO: Running on http://localhost:64908/jenkins/
Dec 13, 2018 12:35:37 PM jenkins.InitReactorRunner$1 onAttained
INFO: Started initialization
Dec 13, 2018 12:35:37 PM jenkins.InitReactorRunner$1 onAttained
INFO: Listed all plugins
Dec 13, 2018 12:35:37 PM jenkins.InitReactorRunner$1 onAttained
INFO: Prepared all plugins
Dec 13, 2018 12:35:37 PM jenkins.InitReactorRunner$1 onAttained
INFO: Started all plugins
Dec 13, 2018 12:35:37 PM jenkins.InitReactorRunner$1 onAttained
INFO: Augmented all extensions
Dec 13, 2018 12:35:37 PM hudson.ExtensionFinder$GuiceFinder$FaultTolerantScope$1 error
INFO: Failed to instantiate optional component org.jenkinsci.plugins.workflow.steps.scm.SubversionStep$DescriptorImpl; skipping
Dec 13, 2018 12:35:37 PM jenkins.InitReactorRunner$1 onAttained
INFO: Loaded all jobs
Dec 13, 2018 12:35:37 PM jenkins.InitReactorRunner$1 onAttained
INFO: Completed initialization
=== Starting reportCleanupCommandFailure(hudson.plugins.ws_cleanup.CleanupTest)
Dec 13, 2018 12:35:38 PM hudson.model.Run execute
INFO: sut #1 main build action completed: SUCCESS
Dec 13, 2018 12:35:38 PM hudson.model.Run execute
INFO: sut #2 main build action completed: SUCCESS
Dec 13, 2018 12:35:38 PM jenkins.model.Jenkins cleanUp
INFO: Stopping Jenkins
Dec 13, 2018 12:37:00 PM jenkins.model.Jenkins cleanUp
INFO: Jenkins stopped
Dec 13, 2018 12:37:00 PM org.jvnet.hudson.test.JenkinsRule createWebServer
INFO: Running on http://localhost:64928/jenkins/
Dec 13, 2018 12:37:00 PM jenkins.InitReactorRunner$1 onAttained
INFO: Started initialization
Dec 13, 2018 12:37:00 PM jenkins.InitReactorRunner$1 onAttained
INFO: Listed all plugins
Dec 13, 2018 12:37:00 PM jenkins.InitReactorRunner$1 onAttained
INFO: Prepared all plugins
Dec 13, 2018 12:37:00 PM jenkins.InitReactorRunner$1 onAttained
INFO: Started all plugins
Dec 13, 2018 12:37:00 PM jenkins.InitReactorRunner$1 onAttained
INFO: Augmented all extensions
Dec 13, 2018 12:37:00 PM hudson.ExtensionFinder$GuiceFinder$FaultTolerantScope$1 error
INFO: Failed to instantiate optional component org.jenkinsci.plugins.workflow.steps.scm.SubversionStep$DescriptorImpl; skipping
Dec 13, 2018 12:37:01 PM jenkins.InitReactorRunner$1 onAttained
INFO: Loaded all jobs
Dec 13, 2018 12:37:01 PM jenkins.InitReactorRunner$1 onAttained
INFO: Completed initialization
=== Starting doNotFailToWipeoutWhenRenameFails(hudson.plugins.ws_cleanup.CleanupTest)
Dec 13, 2018 12:37:01 PM hudson.model.Run execute
INFO: sut #1 main build action completed: SUCCESS
Dec 13, 2018 12:37:01 PM jenkins.model.Jenkins cleanUp
INFO: Stopping Jenkins
Dec 13, 2018 12:38:26 PM jenkins.model.Jenkins cleanUp
INFO: Jenkins stopped
Dec 13, 2018 12:38:27 PM org.jvnet.hudson.test.JenkinsRule createWebServer
INFO: Running on http://localhost:64967/jenkins/
Dec 13, 2018 12:38:27 PM jenkins.InitReactorRunner$1 onAttained
INFO: Started initialization
Dec 13, 2018 12:38:27 PM jenkins.InitReactorRunner$1 onAttained
INFO: Listed all plugins
Dec 13, 2018 12:38:27 PM jenkins.InitReactorRunner$1 onAttained
INFO: Prepared all plugins
Dec 13, 2018 12:38:27 PM jenkins.InitReactorRunner$1 onAttained
INFO: Started all plugins
Dec 13, 2018 12:38:27 PM jenkins.InitReactorRunner$1 onAttained
INFO: Augmented all extensions
Dec 13, 2018 12:38:27 PM hudson.ExtensionFinder$GuiceFinder$FaultTolerantScope$1 error
INFO: Failed to instantiate optional component org.jenkinsci.plugins.workflow.steps.scm.SubversionStep$DescriptorImpl; skipping
Dec 13, 2018 12:38:27 PM jenkins.InitReactorRunner$1 onAttained
INFO: Loaded all jobs
Dec 13, 2018 12:38:27 PM jenkins.InitReactorRunner$1 onAttained
INFO: Completed initialization
=== Starting reportCleanupCommandFailure(hudson.plugins.ws_cleanup.CleanupTest)
Dec 13, 2018 12:38:27 PM hudson.model.Run execute
INFO: sut #1 main build action completed: SUCCESS
Dec 13, 2018 12:38:27 PM hudson.model.Run execute
INFO: sut #2 main build action completed: SUCCESS
Dec 13, 2018 12:38:27 PM jenkins.model.Jenkins cleanUp
INFO: Stopping Jenkins
Dec 13, 2018 12:39:52 PM jenkins.model.Jenkins cleanUp
INFO: Jenkins stopped
Dec 13, 2018 12:39:53 PM org.jvnet.hudson.test.JenkinsRule createWebServer
INFO: Running on http://localhost:65002/jenkins/
Dec 13, 2018 12:39:53 PM jenkins.InitReactorRunner$1 onAttained
INFO: Started initialization
Dec 13, 2018 12:39:53 PM jenkins.InitReactorRunner$1 onAttained
INFO: Listed all plugins
Dec 13, 2018 12:39:54 PM jenkins.InitReactorRunner$1 onAttained
INFO: Prepared all plugins
Dec 13, 2018 12:39:54 PM jenkins.InitReactorRunner$1 onAttained
INFO: Started all plugins
Dec 13, 2018 12:39:54 PM jenkins.InitReactorRunner$1 onAttained
INFO: Augmented all extensions
Dec 13, 2018 12:39:54 PM hudson.ExtensionFinder$GuiceFinder$FaultTolerantScope$1 error
INFO: Failed to instantiate optional component org.jenkinsci.plugins.workflow.steps.scm.SubversionStep$DescriptorImpl; skipping
Dec 13, 2018 12:39:54 PM jenkins.InitReactorRunner$1 onAttained
INFO: Loaded all jobs
Dec 13, 2018 12:39:54 PM jenkins.InitReactorRunner$1 onAttained
INFO: Completed initialization
=== Starting doNotFailToWipeoutWhenRenameFails(hudson.plugins.ws_cleanup.CleanupTest)
Dec 13, 2018 12:39:54 PM hudson.model.Run execute
INFO: sut #1 main build action completed: SUCCESS
Dec 13, 2018 12:39:54 PM jenkins.model.Jenkins cleanUp
INFO: Stopping Jenkins
Dec 13, 2018 12:41:19 PM jenkins.model.Jenkins cleanUp
INFO: Jenkins stopped
Dec 13, 2018 12:41:19 PM org.jvnet.hudson.test.JenkinsRule createWebServer
INFO: Running on http://localhost:65038/jenkins/
Dec 13, 2018 12:41:19 PM jenkins.InitReactorRunner$1 onAttained
INFO: Started initialization
Dec 13, 2018 12:41:19 PM jenkins.InitReactorRunner$1 onAttained
INFO: Listed all plugins
Dec 13, 2018 12:41:20 PM jenkins.InitReactorRunner$1 onAttained
INFO: Prepared all plugins
Dec 13, 2018 12:41:20 PM jenkins.InitReactorRunner$1 onAttained
INFO: Started all plugins
Dec 13, 2018 12:41:20 PM jenkins.InitReactorRunner$1 onAttained
INFO: Augmented all extensions
Dec 13, 2018 12:41:20 PM hudson.ExtensionFinder$GuiceFinder$FaultTolerantScope$1 error
INFO: Failed to instantiate optional component org.jenkinsci.plugins.workflow.steps.scm.SubversionStep$DescriptorImpl; skipping
Dec 13, 2018 12:41:20 PM jenkins.InitReactorRunner$1 onAttained
INFO: Loaded all jobs
Dec 13, 2018 12:41:20 PM jenkins.InitReactorRunner$1 onAttained
INFO: Completed initialization
=== Starting reportCleanupCommandFailure(hudson.plugins.ws_cleanup.CleanupTest)
Dec 13, 2018 12:41:20 PM hudson.model.Run execute
INFO: sut #1 main build action completed: SUCCESS
Dec 13, 2018 12:41:20 PM hudson.model.Run execute
INFO: sut #2 main build action completed: SUCCESS
Dec 13, 2018 12:41:20 PM jenkins.model.Jenkins cleanUp
INFO: Stopping Jenkins
Dec 13, 2018 12:42:37 PM jenkins.model.Jenkins cleanUp
INFO: Jenkins stopped
[ERROR] Tests run: 25, Failures: 5, Errors: 5, Skipped: 0, Time elapsed: 2,039.654 s <<< FAILURE! - in hudson.plugins.ws_cleanup.CleanupTest
[ERROR] reportCleanupCommandFailure(hudson.plugins.ws_cleanup.CleanupTest)  Time elapsed: 76.236 s  <<< FAILURE!
java.lang.AssertionError: 

Expected: a string containing "mkdir: cannot create directory"
     but: was "Legacy code started this job.  No cause information is available
Building in workspace /var/folders/m8/w718fn411xzcy4q628140t980000gn/T/jenkinsTests.tmp/jenkins15305556418452299047test/workspace/sut
[WS-CLEANUP] Deleting project workspace...
ERROR: Cleanup command 'mkdir /var/folders/m8/w718fn411xzcy4q628140t980000gn/T/jenkinsTests.tmp/jenkins15305556418452299047test/workspace/sut/post-build' failed with code 1:
mkdir: /var/folders/m8/w718fn411xzcy4q628140t980000gn/T/jenkinsTests.tmp/jenkins15305556418452299047test/workspace/sut/post-build: File exists
ERROR: Cleanup command 'mkdir /var/folders/m8/w718fn411xzcy4q628140t980000gn/T/jenkinsTests.tmp/jenkins15305556418452299047test/workspace/sut/pre-build' failed with code 1:
mkdir: /var/folders/m8/w718fn411xzcy4q628140t980000gn/T/jenkinsTests.tmp/jenkins15305556418452299047test/workspace/sut/pre-build: File exists
[WS-CLEANUP] Done
[WS-CLEANUP] Deleting project workspace...
ERROR: Cleanup command 'mkdir /var/folders/m8/w718fn411xzcy4q628140t980000gn/T/jenkinsTests.tmp/jenkins15305556418452299047test/workspace/sut/post-build' failed with code 1:
mkdir: /var/folders/m8/w718fn411xzcy4q628140t980000gn/T/jenkinsTests.tmp/jenkins15305556418452299047test/workspace/sut/post-build: File exists
ERROR: Cleanup command 'mkdir /var/folders/m8/w718fn411xzcy4q628140t980000gn/T/jenkinsTests.tmp/jenkins15305556418452299047test/workspace/sut/pre-build' failed with code 1:
mkdir: /var/folders/m8/w718fn411xzcy4q628140t980000gn/T/jenkinsTests.tmp/jenkins15305556418452299047test/workspace/sut/pre-build: File exists
[WS-CLEANUP] done
Finished: SUCCESS
"
	at org.hamcrest.MatcherAssert.assertThat(MatcherAssert.java:20)
	at org.junit.Assert.assertThat(Assert.java:956)
	at org.junit.Assert.assertThat(Assert.java:923)
	at hudson.plugins.ws_cleanup.CleanupTest.reportCleanupCommandFailure(CleanupTest.java:218)
	at java.base/jdk.internal.reflect.NativeMethodAccessorImpl.invoke0(Native Method)
	at java.base/jdk.internal.reflect.NativeMethodAccessorImpl.invoke(NativeMethodAccessorImpl.java:62)
	at java.base/jdk.internal.reflect.DelegatingMethodAccessorImpl.invoke(DelegatingMethodAccessorImpl.java:43)
	at java.base/java.lang.reflect.Method.invoke(Method.java:566)
	at org.junit.runners.model.FrameworkMethod$1.runReflectiveCall(FrameworkMethod.java:50)
	at org.junit.internal.runners.model.ReflectiveCallable.run(ReflectiveCallable.java:12)
	at org.junit.runners.model.FrameworkMethod.invokeExplosively(FrameworkMethod.java:47)
	at org.junit.internal.runners.statements.InvokeMethod.evaluate(InvokeMethod.java:17)
	at org.jvnet.hudson.test.JenkinsRule$2.evaluate(JenkinsRule.java:550)
	at org.junit.rules.ExternalResource$1.evaluate(ExternalResource.java:48)
	at org.junit.rules.RunRules.evaluate(RunRules.java:20)
	at org.junit.runners.ParentRunner.runLeaf(ParentRunner.java:325)
	at org.junit.runners.BlockJUnit4ClassRunner.runChild(BlockJUnit4ClassRunner.java:78)
	at org.junit.runners.BlockJUnit4ClassRunner.runChild(BlockJUnit4ClassRunner.java:57)
	at org.junit.runners.ParentRunner$3.run(ParentRunner.java:290)
	at org.junit.runners.ParentRunner$1.schedule(ParentRunner.java:71)
	at org.junit.runners.ParentRunner.runChildren(ParentRunner.java:288)
	at org.junit.runners.ParentRunner.access$000(ParentRunner.java:58)
	at org.junit.runners.ParentRunner$2.evaluate(ParentRunner.java:268)
	at org.junit.runners.ParentRunner.run(ParentRunner.java:363)
	at org.apache.maven.surefire.junit4.JUnit4Provider.execute(JUnit4Provider.java:365)
	at org.apache.maven.surefire.junit4.JUnit4Provider.executeWithRerun(JUnit4Provider.java:272)
	at org.apache.maven.surefire.junit4.JUnit4Provider.executeTestSet(JUnit4Provider.java:236)
	at org.apache.maven.surefire.junit4.JUnit4Provider.invoke(JUnit4Provider.java:159)
	at org.apache.maven.surefire.booter.ForkedBooter.invokeProviderInSameClassLoader(ForkedBooter.java:386)
	at org.apache.maven.surefire.booter.ForkedBooter.runSuitesInProcess(ForkedBooter.java:323)
	at org.apache.maven.surefire.booter.ForkedBooter.main(ForkedBooter.java:143)

[ERROR] doNotFailToWipeoutWhenRenameFails(hudson.plugins.ws_cleanup.CleanupTest)  Time elapsed: 76.093 s  <<< ERROR!
java.nio.file.AccessDeniedException: /var/folders/m8/w718fn411xzcy4q628140t980000gn/T/jenkinsTests.tmp/jenkins6735043282985164921test/workspace/sut -> /var/folders/m8/w718fn411xzcy4q628140t980000gn/T/jenkinsTests.tmp/jenkins6735043282985164921test/workspace/sut2
	at java.base/sun.nio.fs.UnixException.translateToIOException(UnixException.java:90)
	at java.base/sun.nio.fs.UnixException.rethrowAsIOException(UnixException.java:111)
	at java.base/sun.nio.fs.UnixCopyFile.move(UnixCopyFile.java:478)
	at java.base/sun.nio.fs.UnixFileSystemProvider.move(UnixFileSystemProvider.java:263)
	at java.base/java.nio.file.Files.move(Files.java:1421)
	at hudson.FilePath$RenameTo.invoke(FilePath.java:2183)
	at hudson.FilePath$RenameTo.invoke(FilePath.java:2175)
	at hudson.FilePath.act(FilePath.java:1078)
	at hudson.FilePath.act(FilePath.java:1061)
	at hudson.FilePath.renameTo(FilePath.java:2173)
	at hudson.plugins.ws_cleanup.CleanupTest.doNotFailToWipeoutWhenRenameFails(CleanupTest.java:182)
	at java.base/jdk.internal.reflect.NativeMethodAccessorImpl.invoke0(Native Method)
	at java.base/jdk.internal.reflect.NativeMethodAccessorImpl.invoke(NativeMethodAccessorImpl.java:62)
	at java.base/jdk.internal.reflect.DelegatingMethodAccessorImpl.invoke(DelegatingMethodAccessorImpl.java:43)
	at java.base/java.lang.reflect.Method.invoke(Method.java:566)
	at org.junit.runners.model.FrameworkMethod$1.runReflectiveCall(FrameworkMethod.java:50)
	at org.junit.internal.runners.model.ReflectiveCallable.run(ReflectiveCallable.java:12)
	at org.junit.runners.model.FrameworkMethod.invokeExplosively(FrameworkMethod.java:47)
	at org.junit.internal.runners.statements.InvokeMethod.evaluate(InvokeMethod.java:17)
	at org.jvnet.hudson.test.JenkinsRule$2.evaluate(JenkinsRule.java:550)
	at org.junit.rules.ExternalResource$1.evaluate(ExternalResource.java:48)
	at org.junit.rules.RunRules.evaluate(RunRules.java:20)
	at org.junit.runners.ParentRunner.runLeaf(ParentRunner.java:325)
	at org.junit.runners.BlockJUnit4ClassRunner.runChild(BlockJUnit4ClassRunner.java:78)
	at org.junit.runners.BlockJUnit4ClassRunner.runChild(BlockJUnit4ClassRunner.java:57)
	at org.junit.runners.ParentRunner$3.run(ParentRunner.java:290)
	at org.junit.runners.ParentRunner$1.schedule(ParentRunner.java:71)
	at org.junit.runners.ParentRunner.runChildren(ParentRunner.java:288)
	at org.junit.runners.ParentRunner.access$000(ParentRunner.java:58)
	at org.junit.runners.ParentRunner$2.evaluate(ParentRunner.java:268)
	at org.junit.runners.ParentRunner.run(ParentRunner.java:363)
	at org.apache.maven.surefire.junit4.JUnit4Provider.execute(JUnit4Provider.java:365)
	at org.apache.maven.surefire.junit4.JUnit4Provider.executeWithRerun(JUnit4Provider.java:272)
	at org.apache.maven.surefire.junit4.JUnit4Provider.executeTestSet(JUnit4Provider.java:236)
	at org.apache.maven.surefire.junit4.JUnit4Provider.invoke(JUnit4Provider.java:159)
	at org.apache.maven.surefire.booter.ForkedBooter.invokeProviderInSameClassLoader(ForkedBooter.java:386)
	at org.apache.maven.surefire.booter.ForkedBooter.runSuitesInProcess(ForkedBooter.java:323)
	at org.apache.maven.surefire.booter.ForkedBooter.main(ForkedBooter.java:143)

[ERROR] reportCleanupCommandFailure(hudson.plugins.ws_cleanup.CleanupTest)  Time elapsed: 76.834 s  <<< FAILURE!
java.lang.AssertionError: 

Expected: a string containing "mkdir: cannot create directory"
     but: was "Legacy code started this job.  No cause information is available
Building in workspace /var/folders/m8/w718fn411xzcy4q628140t980000gn/T/jenkinsTests.tmp/jenkins9488264546086846626test/workspace/sut
[WS-CLEANUP] Deleting project workspace...
ERROR: Cleanup command 'mkdir /var/folders/m8/w718fn411xzcy4q628140t980000gn/T/jenkinsTests.tmp/jenkins9488264546086846626test/workspace/sut/post-build' failed with code 1:
mkdir: /var/folders/m8/w718fn411xzcy4q628140t980000gn/T/jenkinsTests.tmp/jenkins9488264546086846626test/workspace/sut/post-build: File exists
ERROR: Cleanup command 'mkdir /var/folders/m8/w718fn411xzcy4q628140t980000gn/T/jenkinsTests.tmp/jenkins9488264546086846626test/workspace/sut/pre-build' failed with code 1:
mkdir: /var/folders/m8/w718fn411xzcy4q628140t980000gn/T/jenkinsTests.tmp/jenkins9488264546086846626test/workspace/sut/pre-build: File exists
[WS-CLEANUP] Done
[WS-CLEANUP] Deleting project workspace...
ERROR: Cleanup command 'mkdir /var/folders/m8/w718fn411xzcy4q628140t980000gn/T/jenkinsTests.tmp/jenkins9488264546086846626test/workspace/sut/post-build' failed with code 1:
mkdir: /var/folders/m8/w718fn411xzcy4q628140t980000gn/T/jenkinsTests.tmp/jenkins9488264546086846626test/workspace/sut/post-build: File exists
ERROR: Cleanup command 'mkdir /var/folders/m8/w718fn411xzcy4q628140t980000gn/T/jenkinsTests.tmp/jenkins9488264546086846626test/workspace/sut/pre-build' failed with code 1:
mkdir: /var/folders/m8/w718fn411xzcy4q628140t980000gn/T/jenkinsTests.tmp/jenkins9488264546086846626test/workspace/sut/pre-build: File exists
[WS-CLEANUP] done
Finished: SUCCESS
"
	at org.hamcrest.MatcherAssert.assertThat(MatcherAssert.java:20)
	at org.junit.Assert.assertThat(Assert.java:956)
	at org.junit.Assert.assertThat(Assert.java:923)
	at hudson.plugins.ws_cleanup.CleanupTest.reportCleanupCommandFailure(CleanupTest.java:218)
	at java.base/jdk.internal.reflect.NativeMethodAccessorImpl.invoke0(Native Method)
	at java.base/jdk.internal.reflect.NativeMethodAccessorImpl.invoke(NativeMethodAccessorImpl.java:62)
	at java.base/jdk.internal.reflect.DelegatingMethodAccessorImpl.invoke(DelegatingMethodAccessorImpl.java:43)
	at java.base/java.lang.reflect.Method.invoke(Method.java:566)
	at org.junit.runners.model.FrameworkMethod$1.runReflectiveCall(FrameworkMethod.java:50)
	at org.junit.internal.runners.model.ReflectiveCallable.run(ReflectiveCallable.java:12)
	at org.junit.runners.model.FrameworkMethod.invokeExplosively(FrameworkMethod.java:47)
	at org.junit.internal.runners.statements.InvokeMethod.evaluate(InvokeMethod.java:17)
	at org.jvnet.hudson.test.JenkinsRule$2.evaluate(JenkinsRule.java:550)
	at org.junit.rules.ExternalResource$1.evaluate(ExternalResource.java:48)
	at org.junit.rules.RunRules.evaluate(RunRules.java:20)
	at org.junit.runners.ParentRunner.runLeaf(ParentRunner.java:325)
	at org.junit.runners.BlockJUnit4ClassRunner.runChild(BlockJUnit4ClassRunner.java:78)
	at org.junit.runners.BlockJUnit4ClassRunner.runChild(BlockJUnit4ClassRunner.java:57)
	at org.junit.runners.ParentRunner$3.run(ParentRunner.java:290)
	at org.junit.runners.ParentRunner$1.schedule(ParentRunner.java:71)
	at org.junit.runners.ParentRunner.runChildren(ParentRunner.java:288)
	at org.junit.runners.ParentRunner.access$000(ParentRunner.java:58)
	at org.junit.runners.ParentRunner$2.evaluate(ParentRunner.java:268)
	at org.junit.runners.ParentRunner.run(ParentRunner.java:363)
	at org.apache.maven.surefire.junit4.JUnit4Provider.executeFailedMethod(JUnit4Provider.java:379)
	at org.apache.maven.surefire.junit4.JUnit4Provider.executeWithRerun(JUnit4Provider.java:290)
	at org.apache.maven.surefire.junit4.JUnit4Provider.executeTestSet(JUnit4Provider.java:236)
	at org.apache.maven.surefire.junit4.JUnit4Provider.invoke(JUnit4Provider.java:159)
	at org.apache.maven.surefire.booter.ForkedBooter.invokeProviderInSameClassLoader(ForkedBooter.java:386)
	at org.apache.maven.surefire.booter.ForkedBooter.runSuitesInProcess(ForkedBooter.java:323)
	at org.apache.maven.surefire.booter.ForkedBooter.main(ForkedBooter.java:143)

[ERROR] doNotFailToWipeoutWhenRenameFails(hudson.plugins.ws_cleanup.CleanupTest)  Time elapsed: 80.527 s  <<< ERROR!
java.nio.file.AccessDeniedException: /var/folders/m8/w718fn411xzcy4q628140t980000gn/T/jenkinsTests.tmp/jenkins2701566201861406128test/workspace/sut -> /var/folders/m8/w718fn411xzcy4q628140t980000gn/T/jenkinsTests.tmp/jenkins2701566201861406128test/workspace/sut2
	at java.base/sun.nio.fs.UnixException.translateToIOException(UnixException.java:90)
	at java.base/sun.nio.fs.UnixException.rethrowAsIOException(UnixException.java:111)
	at java.base/sun.nio.fs.UnixCopyFile.move(UnixCopyFile.java:478)
	at java.base/sun.nio.fs.UnixFileSystemProvider.move(UnixFileSystemProvider.java:263)
	at java.base/java.nio.file.Files.move(Files.java:1421)
	at hudson.FilePath$RenameTo.invoke(FilePath.java:2183)
	at hudson.FilePath$RenameTo.invoke(FilePath.java:2175)
	at hudson.FilePath.act(FilePath.java:1078)
	at hudson.FilePath.act(FilePath.java:1061)
	at hudson.FilePath.renameTo(FilePath.java:2173)
	at hudson.plugins.ws_cleanup.CleanupTest.doNotFailToWipeoutWhenRenameFails(CleanupTest.java:182)
	at java.base/jdk.internal.reflect.NativeMethodAccessorImpl.invoke0(Native Method)
	at java.base/jdk.internal.reflect.NativeMethodAccessorImpl.invoke(NativeMethodAccessorImpl.java:62)
	at java.base/jdk.internal.reflect.DelegatingMethodAccessorImpl.invoke(DelegatingMethodAccessorImpl.java:43)
	at java.base/java.lang.reflect.Method.invoke(Method.java:566)
	at org.junit.runners.model.FrameworkMethod$1.runReflectiveCall(FrameworkMethod.java:50)
	at org.junit.internal.runners.model.ReflectiveCallable.run(ReflectiveCallable.java:12)
	at org.junit.runners.model.FrameworkMethod.invokeExplosively(FrameworkMethod.java:47)
	at org.junit.internal.runners.statements.InvokeMethod.evaluate(InvokeMethod.java:17)
	at org.jvnet.hudson.test.JenkinsRule$2.evaluate(JenkinsRule.java:550)
	at org.junit.rules.ExternalResource$1.evaluate(ExternalResource.java:48)
	at org.junit.rules.RunRules.evaluate(RunRules.java:20)
	at org.junit.runners.ParentRunner.runLeaf(ParentRunner.java:325)
	at org.junit.runners.BlockJUnit4ClassRunner.runChild(BlockJUnit4ClassRunner.java:78)
	at org.junit.runners.BlockJUnit4ClassRunner.runChild(BlockJUnit4ClassRunner.java:57)
	at org.junit.runners.ParentRunner$3.run(ParentRunner.java:290)
	at org.junit.runners.ParentRunner$1.schedule(ParentRunner.java:71)
	at org.junit.runners.ParentRunner.runChildren(ParentRunner.java:288)
	at org.junit.runners.ParentRunner.access$000(ParentRunner.java:58)
	at org.junit.runners.ParentRunner$2.evaluate(ParentRunner.java:268)
	at org.junit.runners.ParentRunner.run(ParentRunner.java:363)
	at org.apache.maven.surefire.junit4.JUnit4Provider.executeFailedMethod(JUnit4Provider.java:379)
	at org.apache.maven.surefire.junit4.JUnit4Provider.executeWithRerun(JUnit4Provider.java:290)
	at org.apache.maven.surefire.junit4.JUnit4Provider.executeTestSet(JUnit4Provider.java:236)
	at org.apache.maven.surefire.junit4.JUnit4Provider.invoke(JUnit4Provider.java:159)
	at org.apache.maven.surefire.booter.ForkedBooter.invokeProviderInSameClassLoader(ForkedBooter.java:386)
	at org.apache.maven.surefire.booter.ForkedBooter.runSuitesInProcess(ForkedBooter.java:323)
	at org.apache.maven.surefire.booter.ForkedBooter.main(ForkedBooter.java:143)

[ERROR] doNotFailToWipeoutWhenRenameFails(hudson.plugins.ws_cleanup.CleanupTest)  Time elapsed: 85.431 s  <<< ERROR!
java.nio.file.AccessDeniedException: /var/folders/m8/w718fn411xzcy4q628140t980000gn/T/jenkinsTests.tmp/jenkins1915956399659981113test/workspace/sut -> /var/folders/m8/w718fn411xzcy4q628140t980000gn/T/jenkinsTests.tmp/jenkins1915956399659981113test/workspace/sut2
	at java.base/sun.nio.fs.UnixException.translateToIOException(UnixException.java:90)
	at java.base/sun.nio.fs.UnixException.rethrowAsIOException(UnixException.java:111)
	at java.base/sun.nio.fs.UnixCopyFile.move(UnixCopyFile.java:478)
	at java.base/sun.nio.fs.UnixFileSystemProvider.move(UnixFileSystemProvider.java:263)
	at java.base/java.nio.file.Files.move(Files.java:1421)
	at hudson.FilePath$RenameTo.invoke(FilePath.java:2183)
	at hudson.FilePath$RenameTo.invoke(FilePath.java:2175)
	at hudson.FilePath.act(FilePath.java:1078)
	at hudson.FilePath.act(FilePath.java:1061)
	at hudson.FilePath.renameTo(FilePath.java:2173)
	at hudson.plugins.ws_cleanup.CleanupTest.doNotFailToWipeoutWhenRenameFails(CleanupTest.java:182)
	at java.base/jdk.internal.reflect.NativeMethodAccessorImpl.invoke0(Native Method)
	at java.base/jdk.internal.reflect.NativeMethodAccessorImpl.invoke(NativeMethodAccessorImpl.java:62)
	at java.base/jdk.internal.reflect.DelegatingMethodAccessorImpl.invoke(DelegatingMethodAccessorImpl.java:43)
	at java.base/java.lang.reflect.Method.invoke(Method.java:566)
	at org.junit.runners.model.FrameworkMethod$1.runReflectiveCall(FrameworkMethod.java:50)
	at org.junit.internal.runners.model.ReflectiveCallable.run(ReflectiveCallable.java:12)
	at org.junit.runners.model.FrameworkMethod.invokeExplosively(FrameworkMethod.java:47)
	at org.junit.internal.runners.statements.InvokeMethod.evaluate(InvokeMethod.java:17)
	at org.jvnet.hudson.test.JenkinsRule$2.evaluate(JenkinsRule.java:550)
	at org.junit.rules.ExternalResource$1.evaluate(ExternalResource.java:48)
	at org.junit.rules.RunRules.evaluate(RunRules.java:20)
	at org.junit.runners.ParentRunner.runLeaf(ParentRunner.java:325)
	at org.junit.runners.BlockJUnit4ClassRunner.runChild(BlockJUnit4ClassRunner.java:78)
	at org.junit.runners.BlockJUnit4ClassRunner.runChild(BlockJUnit4ClassRunner.java:57)
	at org.junit.runners.ParentRunner$3.run(ParentRunner.java:290)
	at org.junit.runners.ParentRunner$1.schedule(ParentRunner.java:71)
	at org.junit.runners.ParentRunner.runChildren(ParentRunner.java:288)
	at org.junit.runners.ParentRunner.access$000(ParentRunner.java:58)
	at org.junit.runners.ParentRunner$2.evaluate(ParentRunner.java:268)
	at org.junit.runners.ParentRunner.run(ParentRunner.java:363)
	at org.apache.maven.surefire.junit4.JUnit4Provider.executeFailedMethod(JUnit4Provider.java:379)
	at org.apache.maven.surefire.junit4.JUnit4Provider.executeWithRerun(JUnit4Provider.java:290)
	at org.apache.maven.surefire.junit4.JUnit4Provider.executeTestSet(JUnit4Provider.java:236)
	at org.apache.maven.surefire.junit4.JUnit4Provider.invoke(JUnit4Provider.java:159)
	at org.apache.maven.surefire.booter.ForkedBooter.invokeProviderInSameClassLoader(ForkedBooter.java:386)
	at org.apache.maven.surefire.booter.ForkedBooter.runSuitesInProcess(ForkedBooter.java:323)
	at org.apache.maven.surefire.booter.ForkedBooter.main(ForkedBooter.java:143)

[ERROR] reportCleanupCommandFailure(hudson.plugins.ws_cleanup.CleanupTest)  Time elapsed: 83.139 s  <<< FAILURE!
java.lang.AssertionError: 

Expected: a string containing "mkdir: cannot create directory"
     but: was "Legacy code started this job.  No cause information is available
Building in workspace /var/folders/m8/w718fn411xzcy4q628140t980000gn/T/jenkinsTests.tmp/jenkins6381800730655741244test/workspace/sut
[WS-CLEANUP] Deleting project workspace...
ERROR: Cleanup command 'mkdir /var/folders/m8/w718fn411xzcy4q628140t980000gn/T/jenkinsTests.tmp/jenkins6381800730655741244test/workspace/sut/post-build' failed with code 1:
mkdir: /var/folders/m8/w718fn411xzcy4q628140t980000gn/T/jenkinsTests.tmp/jenkins6381800730655741244test/workspace/sut/post-build: File exists
ERROR: Cleanup command 'mkdir /var/folders/m8/w718fn411xzcy4q628140t980000gn/T/jenkinsTests.tmp/jenkins6381800730655741244test/workspace/sut/pre-build' failed with code 1:
mkdir: /var/folders/m8/w718fn411xzcy4q628140t980000gn/T/jenkinsTests.tmp/jenkins6381800730655741244test/workspace/sut/pre-build: File exists
[WS-CLEANUP] Done
[WS-CLEANUP] Deleting project workspace...
ERROR: Cleanup command 'mkdir /var/folders/m8/w718fn411xzcy4q628140t980000gn/T/jenkinsTests.tmp/jenkins6381800730655741244test/workspace/sut/post-build' failed with code 1:
mkdir: /var/folders/m8/w718fn411xzcy4q628140t980000gn/T/jenkinsTests.tmp/jenkins6381800730655741244test/workspace/sut/post-build: File exists
ERROR: Cleanup command 'mkdir /var/folders/m8/w718fn411xzcy4q628140t980000gn/T/jenkinsTests.tmp/jenkins6381800730655741244test/workspace/sut/pre-build' failed with code 1:
mkdir: /var/folders/m8/w718fn411xzcy4q628140t980000gn/T/jenkinsTests.tmp/jenkins6381800730655741244test/workspace/sut/pre-build: File exists
[WS-CLEANUP] done
Finished: SUCCESS
"
	at org.hamcrest.MatcherAssert.assertThat(MatcherAssert.java:20)
	at org.junit.Assert.assertThat(Assert.java:956)
	at org.junit.Assert.assertThat(Assert.java:923)
	at hudson.plugins.ws_cleanup.CleanupTest.reportCleanupCommandFailure(CleanupTest.java:218)
	at java.base/jdk.internal.reflect.NativeMethodAccessorImpl.invoke0(Native Method)
	at java.base/jdk.internal.reflect.NativeMethodAccessorImpl.invoke(NativeMethodAccessorImpl.java:62)
	at java.base/jdk.internal.reflect.DelegatingMethodAccessorImpl.invoke(DelegatingMethodAccessorImpl.java:43)
	at java.base/java.lang.reflect.Method.invoke(Method.java:566)
	at org.junit.runners.model.FrameworkMethod$1.runReflectiveCall(FrameworkMethod.java:50)
	at org.junit.internal.runners.model.ReflectiveCallable.run(ReflectiveCallable.java:12)
	at org.junit.runners.model.FrameworkMethod.invokeExplosively(FrameworkMethod.java:47)
	at org.junit.internal.runners.statements.InvokeMethod.evaluate(InvokeMethod.java:17)
	at org.jvnet.hudson.test.JenkinsRule$2.evaluate(JenkinsRule.java:550)
	at org.junit.rules.ExternalResource$1.evaluate(ExternalResource.java:48)
	at org.junit.rules.RunRules.evaluate(RunRules.java:20)
	at org.junit.runners.ParentRunner.runLeaf(ParentRunner.java:325)
	at org.junit.runners.BlockJUnit4ClassRunner.runChild(BlockJUnit4ClassRunner.java:78)
	at org.junit.runners.BlockJUnit4ClassRunner.runChild(BlockJUnit4ClassRunner.java:57)
	at org.junit.runners.ParentRunner$3.run(ParentRunner.java:290)
	at org.junit.runners.ParentRunner$1.schedule(ParentRunner.java:71)
	at org.junit.runners.ParentRunner.runChildren(ParentRunner.java:288)
	at org.junit.runners.ParentRunner.access$000(ParentRunner.java:58)
	at org.junit.runners.ParentRunner$2.evaluate(ParentRunner.java:268)
	at org.junit.runners.ParentRunner.run(ParentRunner.java:363)
	at org.apache.maven.surefire.junit4.JUnit4Provider.executeFailedMethod(JUnit4Provider.java:379)
	at org.apache.maven.surefire.junit4.JUnit4Provider.executeWithRerun(JUnit4Provider.java:290)
	at org.apache.maven.surefire.junit4.JUnit4Provider.executeTestSet(JUnit4Provider.java:236)
	at org.apache.maven.surefire.junit4.JUnit4Provider.invoke(JUnit4Provider.java:159)
	at org.apache.maven.surefire.booter.ForkedBooter.invokeProviderInSameClassLoader(ForkedBooter.java:386)
	at org.apache.maven.surefire.booter.ForkedBooter.runSuitesInProcess(ForkedBooter.java:323)
	at org.apache.maven.surefire.booter.ForkedBooter.main(ForkedBooter.java:143)

[ERROR] doNotFailToWipeoutWhenRenameFails(hudson.plugins.ws_cleanup.CleanupTest)  Time elapsed: 86.587 s  <<< ERROR!
java.nio.file.AccessDeniedException: /var/folders/m8/w718fn411xzcy4q628140t980000gn/T/jenkinsTests.tmp/jenkins12773985162236031163test/workspace/sut -> /var/folders/m8/w718fn411xzcy4q628140t980000gn/T/jenkinsTests.tmp/jenkins12773985162236031163test/workspace/sut2
	at java.base/sun.nio.fs.UnixException.translateToIOException(UnixException.java:90)
	at java.base/sun.nio.fs.UnixException.rethrowAsIOException(UnixException.java:111)
	at java.base/sun.nio.fs.UnixCopyFile.move(UnixCopyFile.java:478)
	at java.base/sun.nio.fs.UnixFileSystemProvider.move(UnixFileSystemProvider.java:263)
	at java.base/java.nio.file.Files.move(Files.java:1421)
	at hudson.FilePath$RenameTo.invoke(FilePath.java:2183)
	at hudson.FilePath$RenameTo.invoke(FilePath.java:2175)
	at hudson.FilePath.act(FilePath.java:1078)
	at hudson.FilePath.act(FilePath.java:1061)
	at hudson.FilePath.renameTo(FilePath.java:2173)
	at hudson.plugins.ws_cleanup.CleanupTest.doNotFailToWipeoutWhenRenameFails(CleanupTest.java:182)
	at java.base/jdk.internal.reflect.NativeMethodAccessorImpl.invoke0(Native Method)
	at java.base/jdk.internal.reflect.NativeMethodAccessorImpl.invoke(NativeMethodAccessorImpl.java:62)
	at java.base/jdk.internal.reflect.DelegatingMethodAccessorImpl.invoke(DelegatingMethodAccessorImpl.java:43)
	at java.base/java.lang.reflect.Method.invoke(Method.java:566)
	at org.junit.runners.model.FrameworkMethod$1.runReflectiveCall(FrameworkMethod.java:50)
	at org.junit.internal.runners.model.ReflectiveCallable.run(ReflectiveCallable.java:12)
	at org.junit.runners.model.FrameworkMethod.invokeExplosively(FrameworkMethod.java:47)
	at org.junit.internal.runners.statements.InvokeMethod.evaluate(InvokeMethod.java:17)
	at org.jvnet.hudson.test.JenkinsRule$2.evaluate(JenkinsRule.java:550)
	at org.junit.rules.ExternalResource$1.evaluate(ExternalResource.java:48)
	at org.junit.rules.RunRules.evaluate(RunRules.java:20)
	at org.junit.runners.ParentRunner.runLeaf(ParentRunner.java:325)
	at org.junit.runners.BlockJUnit4ClassRunner.runChild(BlockJUnit4ClassRunner.java:78)
	at org.junit.runners.BlockJUnit4ClassRunner.runChild(BlockJUnit4ClassRunner.java:57)
	at org.junit.runners.ParentRunner$3.run(ParentRunner.java:290)
	at org.junit.runners.ParentRunner$1.schedule(ParentRunner.java:71)
	at org.junit.runners.ParentRunner.runChildren(ParentRunner.java:288)
	at org.junit.runners.ParentRunner.access$000(ParentRunner.java:58)
	at org.junit.runners.ParentRunner$2.evaluate(ParentRunner.java:268)
	at org.junit.runners.ParentRunner.run(ParentRunner.java:363)
	at org.apache.maven.surefire.junit4.JUnit4Provider.executeFailedMethod(JUnit4Provider.java:379)
	at org.apache.maven.surefire.junit4.JUnit4Provider.executeWithRerun(JUnit4Provider.java:290)
	at org.apache.maven.surefire.junit4.JUnit4Provider.executeTestSet(JUnit4Provider.java:236)
	at org.apache.maven.surefire.junit4.JUnit4Provider.invoke(JUnit4Provider.java:159)
	at org.apache.maven.surefire.booter.ForkedBooter.invokeProviderInSameClassLoader(ForkedBooter.java:386)
	at org.apache.maven.surefire.booter.ForkedBooter.runSuitesInProcess(ForkedBooter.java:323)
	at org.apache.maven.surefire.booter.ForkedBooter.main(ForkedBooter.java:143)

[ERROR] reportCleanupCommandFailure(hudson.plugins.ws_cleanup.CleanupTest)  Time elapsed: 86.193 s  <<< FAILURE!
java.lang.AssertionError: 

Expected: a string containing "mkdir: cannot create directory"
     but: was "Legacy code started this job.  No cause information is available
Building in workspace /var/folders/m8/w718fn411xzcy4q628140t980000gn/T/jenkinsTests.tmp/jenkins13817690333082056309test/workspace/sut
[WS-CLEANUP] Deleting project workspace...
ERROR: Cleanup command 'mkdir /var/folders/m8/w718fn411xzcy4q628140t980000gn/T/jenkinsTests.tmp/jenkins13817690333082056309test/workspace/sut/post-build' failed with code 1:
mkdir: /var/folders/m8/w718fn411xzcy4q628140t980000gn/T/jenkinsTests.tmp/jenkins13817690333082056309test/workspace/sut/post-build: File exists
ERROR: Cleanup command 'mkdir /var/folders/m8/w718fn411xzcy4q628140t980000gn/T/jenkinsTests.tmp/jenkins13817690333082056309test/workspace/sut/pre-build' failed with code 1:
mkdir: /var/folders/m8/w718fn411xzcy4q628140t980000gn/T/jenkinsTests.tmp/jenkins13817690333082056309test/workspace/sut/pre-build: File exists
[WS-CLEANUP] Done
[WS-CLEANUP] Deleting project workspace...
ERROR: Cleanup command 'mkdir /var/folders/m8/w718fn411xzcy4q628140t980000gn/T/jenkinsTests.tmp/jenkins13817690333082056309test/workspace/sut/post-build' failed with code 1:
mkdir: /var/folders/m8/w718fn411xzcy4q628140t980000gn/T/jenkinsTests.tmp/jenkins13817690333082056309test/workspace/sut/post-build: File exists
ERROR: Cleanup command 'mkdir /var/folders/m8/w718fn411xzcy4q628140t980000gn/T/jenkinsTests.tmp/jenkins13817690333082056309test/workspace/sut/pre-build' failed with code 1:
mkdir: /var/folders/m8/w718fn411xzcy4q628140t980000gn/T/jenkinsTests.tmp/jenkins13817690333082056309test/workspace/sut/pre-build: File exists
[WS-CLEANUP] done
Finished: SUCCESS
"
	at org.hamcrest.MatcherAssert.assertThat(MatcherAssert.java:20)
	at org.junit.Assert.assertThat(Assert.java:956)
	at org.junit.Assert.assertThat(Assert.java:923)
	at hudson.plugins.ws_cleanup.CleanupTest.reportCleanupCommandFailure(CleanupTest.java:218)
	at java.base/jdk.internal.reflect.NativeMethodAccessorImpl.invoke0(Native Method)
	at java.base/jdk.internal.reflect.NativeMethodAccessorImpl.invoke(NativeMethodAccessorImpl.java:62)
	at java.base/jdk.internal.reflect.DelegatingMethodAccessorImpl.invoke(DelegatingMethodAccessorImpl.java:43)
	at java.base/java.lang.reflect.Method.invoke(Method.java:566)
	at org.junit.runners.model.FrameworkMethod$1.runReflectiveCall(FrameworkMethod.java:50)
	at org.junit.internal.runners.model.ReflectiveCallable.run(ReflectiveCallable.java:12)
	at org.junit.runners.model.FrameworkMethod.invokeExplosively(FrameworkMethod.java:47)
	at org.junit.internal.runners.statements.InvokeMethod.evaluate(InvokeMethod.java:17)
	at org.jvnet.hudson.test.JenkinsRule$2.evaluate(JenkinsRule.java:550)
	at org.junit.rules.ExternalResource$1.evaluate(ExternalResource.java:48)
	at org.junit.rules.RunRules.evaluate(RunRules.java:20)
	at org.junit.runners.ParentRunner.runLeaf(ParentRunner.java:325)
	at org.junit.runners.BlockJUnit4ClassRunner.runChild(BlockJUnit4ClassRunner.java:78)
	at org.junit.runners.BlockJUnit4ClassRunner.runChild(BlockJUnit4ClassRunner.java:57)
	at org.junit.runners.ParentRunner$3.run(ParentRunner.java:290)
	at org.junit.runners.ParentRunner$1.schedule(ParentRunner.java:71)
	at org.junit.runners.ParentRunner.runChildren(ParentRunner.java:288)
	at org.junit.runners.ParentRunner.access$000(ParentRunner.java:58)
	at org.junit.runners.ParentRunner$2.evaluate(ParentRunner.java:268)
	at org.junit.runners.ParentRunner.run(ParentRunner.java:363)
	at org.apache.maven.surefire.junit4.JUnit4Provider.executeFailedMethod(JUnit4Provider.java:379)
	at org.apache.maven.surefire.junit4.JUnit4Provider.executeWithRerun(JUnit4Provider.java:290)
	at org.apache.maven.surefire.junit4.JUnit4Provider.executeTestSet(JUnit4Provider.java:236)
	at org.apache.maven.surefire.junit4.JUnit4Provider.invoke(JUnit4Provider.java:159)
	at org.apache.maven.surefire.booter.ForkedBooter.invokeProviderInSameClassLoader(ForkedBooter.java:386)
	at org.apache.maven.surefire.booter.ForkedBooter.runSuitesInProcess(ForkedBooter.java:323)
	at org.apache.maven.surefire.booter.ForkedBooter.main(ForkedBooter.java:143)

[ERROR] doNotFailToWipeoutWhenRenameFails(hudson.plugins.ws_cleanup.CleanupTest)  Time elapsed: 86.61 s  <<< ERROR!
java.nio.file.AccessDeniedException: /var/folders/m8/w718fn411xzcy4q628140t980000gn/T/jenkinsTests.tmp/jenkins2317855112399666280test/workspace/sut -> /var/folders/m8/w718fn411xzcy4q628140t980000gn/T/jenkinsTests.tmp/jenkins2317855112399666280test/workspace/sut2
	at java.base/sun.nio.fs.UnixException.translateToIOException(UnixException.java:90)
	at java.base/sun.nio.fs.UnixException.rethrowAsIOException(UnixException.java:111)
	at java.base/sun.nio.fs.UnixCopyFile.move(UnixCopyFile.java:478)
	at java.base/sun.nio.fs.UnixFileSystemProvider.move(UnixFileSystemProvider.java:263)
	at java.base/java.nio.file.Files.move(Files.java:1421)
	at hudson.FilePath$RenameTo.invoke(FilePath.java:2183)
	at hudson.FilePath$RenameTo.invoke(FilePath.java:2175)
	at hudson.FilePath.act(FilePath.java:1078)
	at hudson.FilePath.act(FilePath.java:1061)
	at hudson.FilePath.renameTo(FilePath.java:2173)
	at hudson.plugins.ws_cleanup.CleanupTest.doNotFailToWipeoutWhenRenameFails(CleanupTest.java:182)
	at java.base/jdk.internal.reflect.NativeMethodAccessorImpl.invoke0(Native Method)
	at java.base/jdk.internal.reflect.NativeMethodAccessorImpl.invoke(NativeMethodAccessorImpl.java:62)
	at java.base/jdk.internal.reflect.DelegatingMethodAccessorImpl.invoke(DelegatingMethodAccessorImpl.java:43)
	at java.base/java.lang.reflect.Method.invoke(Method.java:566)
	at org.junit.runners.model.FrameworkMethod$1.runReflectiveCall(FrameworkMethod.java:50)
	at org.junit.internal.runners.model.ReflectiveCallable.run(ReflectiveCallable.java:12)
	at org.junit.runners.model.FrameworkMethod.invokeExplosively(FrameworkMethod.java:47)
	at org.junit.internal.runners.statements.InvokeMethod.evaluate(InvokeMethod.java:17)
	at org.jvnet.hudson.test.JenkinsRule$2.evaluate(JenkinsRule.java:550)
	at org.junit.rules.ExternalResource$1.evaluate(ExternalResource.java:48)
	at org.junit.rules.RunRules.evaluate(RunRules.java:20)
	at org.junit.runners.ParentRunner.runLeaf(ParentRunner.java:325)
	at org.junit.runners.BlockJUnit4ClassRunner.runChild(BlockJUnit4ClassRunner.java:78)
	at org.junit.runners.BlockJUnit4ClassRunner.runChild(BlockJUnit4ClassRunner.java:57)
	at org.junit.runners.ParentRunner$3.run(ParentRunner.java:290)
	at org.junit.runners.ParentRunner$1.schedule(ParentRunner.java:71)
	at org.junit.runners.ParentRunner.runChildren(ParentRunner.java:288)
	at org.junit.runners.ParentRunner.access$000(ParentRunner.java:58)
	at org.junit.runners.ParentRunner$2.evaluate(ParentRunner.java:268)
	at org.junit.runners.ParentRunner.run(ParentRunner.java:363)
	at org.apache.maven.surefire.junit4.JUnit4Provider.executeFailedMethod(JUnit4Provider.java:379)
	at org.apache.maven.surefire.junit4.JUnit4Provider.executeWithRerun(JUnit4Provider.java:290)
	at org.apache.maven.surefire.junit4.JUnit4Provider.executeTestSet(JUnit4Provider.java:236)
	at org.apache.maven.surefire.junit4.JUnit4Provider.invoke(JUnit4Provider.java:159)
	at org.apache.maven.surefire.booter.ForkedBooter.invokeProviderInSameClassLoader(ForkedBooter.java:386)
	at org.apache.maven.surefire.booter.ForkedBooter.runSuitesInProcess(ForkedBooter.java:323)
	at org.apache.maven.surefire.booter.ForkedBooter.main(ForkedBooter.java:143)

[ERROR] reportCleanupCommandFailure(hudson.plugins.ws_cleanup.CleanupTest)  Time elapsed: 77.383 s  <<< FAILURE!
java.lang.AssertionError: 

Expected: a string containing "mkdir: cannot create directory"
     but: was "Legacy code started this job.  No cause information is available
Building in workspace /var/folders/m8/w718fn411xzcy4q628140t980000gn/T/jenkinsTests.tmp/jenkins16486633152620725817test/workspace/sut
[WS-CLEANUP] Deleting project workspace...
ERROR: Cleanup command 'mkdir /var/folders/m8/w718fn411xzcy4q628140t980000gn/T/jenkinsTests.tmp/jenkins16486633152620725817test/workspace/sut/post-build' failed with code 1:
mkdir: /var/folders/m8/w718fn411xzcy4q628140t980000gn/T/jenkinsTests.tmp/jenkins16486633152620725817test/workspace/sut/post-build: File exists
ERROR: Cleanup command 'mkdir /var/folders/m8/w718fn411xzcy4q628140t980000gn/T/jenkinsTests.tmp/jenkins16486633152620725817test/workspace/sut/pre-build' failed with code 1:
mkdir: /var/folders/m8/w718fn411xzcy4q628140t980000gn/T/jenkinsTests.tmp/jenkins16486633152620725817test/workspace/sut/pre-build: File exists
[WS-CLEANUP] Done
[WS-CLEANUP] Deleting project workspace...
ERROR: Cleanup command 'mkdir /var/folders/m8/w718fn411xzcy4q628140t980000gn/T/jenkinsTests.tmp/jenkins16486633152620725817test/workspace/sut/post-build' failed with code 1:
mkdir: /var/folders/m8/w718fn411xzcy4q628140t980000gn/T/jenkinsTests.tmp/jenkins16486633152620725817test/workspace/sut/post-build: File exists
ERROR: Cleanup command 'mkdir /var/folders/m8/w718fn411xzcy4q628140t980000gn/T/jenkinsTests.tmp/jenkins16486633152620725817test/workspace/sut/pre-build' failed with code 1:
mkdir: /var/folders/m8/w718fn411xzcy4q628140t980000gn/T/jenkinsTests.tmp/jenkins16486633152620725817test/workspace/sut/pre-build: File exists
[WS-CLEANUP] done
Finished: SUCCESS
"
	at org.hamcrest.MatcherAssert.assertThat(MatcherAssert.java:20)
	at org.junit.Assert.assertThat(Assert.java:956)
	at org.junit.Assert.assertThat(Assert.java:923)
	at hudson.plugins.ws_cleanup.CleanupTest.reportCleanupCommandFailure(CleanupTest.java:218)
	at java.base/jdk.internal.reflect.NativeMethodAccessorImpl.invoke0(Native Method)
	at java.base/jdk.internal.reflect.NativeMethodAccessorImpl.invoke(NativeMethodAccessorImpl.java:62)
	at java.base/jdk.internal.reflect.DelegatingMethodAccessorImpl.invoke(DelegatingMethodAccessorImpl.java:43)
	at java.base/java.lang.reflect.Method.invoke(Method.java:566)
	at org.junit.runners.model.FrameworkMethod$1.runReflectiveCall(FrameworkMethod.java:50)
	at org.junit.internal.runners.model.ReflectiveCallable.run(ReflectiveCallable.java:12)
	at org.junit.runners.model.FrameworkMethod.invokeExplosively(FrameworkMethod.java:47)
	at org.junit.internal.runners.statements.InvokeMethod.evaluate(InvokeMethod.java:17)
	at org.jvnet.hudson.test.JenkinsRule$2.evaluate(JenkinsRule.java:550)
	at org.junit.rules.ExternalResource$1.evaluate(ExternalResource.java:48)
	at org.junit.rules.RunRules.evaluate(RunRules.java:20)
	at org.junit.runners.ParentRunner.runLeaf(ParentRunner.java:325)
	at org.junit.runners.BlockJUnit4ClassRunner.runChild(BlockJUnit4ClassRunner.java:78)
	at org.junit.runners.BlockJUnit4ClassRunner.runChild(BlockJUnit4ClassRunner.java:57)
	at org.junit.runners.ParentRunner$3.run(ParentRunner.java:290)
	at org.junit.runners.ParentRunner$1.schedule(ParentRunner.java:71)
	at org.junit.runners.ParentRunner.runChildren(ParentRunner.java:288)
	at org.junit.runners.ParentRunner.access$000(ParentRunner.java:58)
	at org.junit.runners.ParentRunner$2.evaluate(ParentRunner.java:268)
	at org.junit.runners.ParentRunner.run(ParentRunner.java:363)
	at org.apache.maven.surefire.junit4.JUnit4Provider.executeFailedMethod(JUnit4Provider.java:379)
	at org.apache.maven.surefire.junit4.JUnit4Provider.executeWithRerun(JUnit4Provider.java:290)
	at org.apache.maven.surefire.junit4.JUnit4Provider.executeTestSet(JUnit4Provider.java:236)
	at org.apache.maven.surefire.junit4.JUnit4Provider.invoke(JUnit4Provider.java:159)
	at org.apache.maven.surefire.booter.ForkedBooter.invokeProviderInSameClassLoader(ForkedBooter.java:386)
	at org.apache.maven.surefire.booter.ForkedBooter.runSuitesInProcess(ForkedBooter.java:323)
	at org.apache.maven.surefire.booter.ForkedBooter.main(ForkedBooter.java:143)

[INFO] Running hudson.plugins.ws_cleanup.PreBuildCleanupTest
Dec 13, 2018 12:42:37 PM org.jvnet.hudson.test.JenkinsRule createWebServer
INFO: Running on http://localhost:65059/jenkins/
Loading $JENKINS_HOME from /Users/kevinearls/sources/jenkinsci/forks/plugin-compat-tester/work/ws-cleanup/target/test-classes/hudson/plugins/ws_cleanup/PreBuildCleanupTest/testCleanWorkspaceByDeleteCommandWithoutDirectory.zip
Dec 13, 2018 12:42:37 PM jenkins.InitReactorRunner$1 onAttained
INFO: Started initialization
Dec 13, 2018 12:42:37 PM jenkins.InitReactorRunner$1 onAttained
INFO: Listed all plugins
Dec 13, 2018 12:42:37 PM jenkins.InitReactorRunner$1 onAttained
INFO: Prepared all plugins
Dec 13, 2018 12:42:37 PM jenkins.InitReactorRunner$1 onAttained
INFO: Started all plugins
Dec 13, 2018 12:42:37 PM jenkins.InitReactorRunner$1 onAttained
INFO: Augmented all extensions
Dec 13, 2018 12:42:37 PM hudson.ExtensionFinder$GuiceFinder$FaultTolerantScope$1 error
INFO: Failed to instantiate optional component org.jenkinsci.plugins.workflow.steps.scm.SubversionStep$DescriptorImpl; skipping
Dec 13, 2018 12:42:37 PM jenkins.InitReactorRunner$1 onAttained
INFO: Loaded all jobs
Dec 13, 2018 12:42:38 PM jenkins.InitReactorRunner$1 onAttained
INFO: Completed initialization
=== Starting testCleanWorkspaceByDeleteCommandWithoutDirectory(hudson.plugins.ws_cleanup.PreBuildCleanupTest)
Dec 13, 2018 12:42:38 PM hudson.model.Run execute
INFO: project1 #1 main build action completed: SUCCESS
Dec 13, 2018 12:42:38 PM jenkins.model.Jenkins cleanUp
INFO: Stopping Jenkins
Dec 13, 2018 12:43:54 PM jenkins.model.Jenkins cleanUp
INFO: Jenkins stopped
Dec 13, 2018 12:43:54 PM org.jvnet.hudson.test.JenkinsRule createWebServer
INFO: Running on http://localhost:65076/jenkins/
Loading $JENKINS_HOME from /Users/kevinearls/sources/jenkinsci/forks/plugin-compat-tester/work/ws-cleanup/target/test-classes/hudson/plugins/ws_cleanup/PreBuildCleanupTest/testCleanWorkspaceByPatternWithoutDirectories.zip
Dec 13, 2018 12:43:54 PM jenkins.InitReactorRunner$1 onAttained
INFO: Started initialization
Dec 13, 2018 12:43:54 PM jenkins.InitReactorRunner$1 onAttained
INFO: Listed all plugins
Dec 13, 2018 12:43:54 PM jenkins.InitReactorRunner$1 onAttained
INFO: Prepared all plugins
Dec 13, 2018 12:43:54 PM jenkins.InitReactorRunner$1 onAttained
INFO: Started all plugins
Dec 13, 2018 12:43:54 PM jenkins.InitReactorRunner$1 onAttained
INFO: Augmented all extensions
Dec 13, 2018 12:43:54 PM hudson.ExtensionFinder$GuiceFinder$FaultTolerantScope$1 error
INFO: Failed to instantiate optional component org.jenkinsci.plugins.workflow.steps.scm.SubversionStep$DescriptorImpl; skipping
Dec 13, 2018 12:43:54 PM jenkins.InitReactorRunner$1 onAttained
INFO: Loaded all jobs
Dec 13, 2018 12:43:54 PM jenkins.InitReactorRunner$1 onAttained
INFO: Completed initialization
=== Starting testCleanWorkspaceByPatternWithoutDirectories(hudson.plugins.ws_cleanup.PreBuildCleanupTest)
Dec 13, 2018 12:43:54 PM hudson.model.Run execute
INFO: project1 #1 main build action completed: SUCCESS
Dec 13, 2018 12:43:54 PM jenkins.model.Jenkins cleanUp
INFO: Stopping Jenkins
Dec 13, 2018 12:45:10 PM jenkins.model.Jenkins cleanUp
INFO: Jenkins stopped
Dec 13, 2018 12:45:10 PM org.jvnet.hudson.test.JenkinsRule createWebServer
INFO: Running on http://localhost:65096/jenkins/
Loading $JENKINS_HOME from /Users/kevinearls/sources/jenkinsci/forks/plugin-compat-tester/work/ws-cleanup/target/test-classes/hudson/plugins/ws_cleanup/PreBuildCleanupTest/testCleanWorkspaceByPatternWithDirectories.zip
Dec 13, 2018 12:45:10 PM jenkins.InitReactorRunner$1 onAttained
INFO: Started initialization
Dec 13, 2018 12:45:10 PM jenkins.InitReactorRunner$1 onAttained
INFO: Listed all plugins
Dec 13, 2018 12:45:11 PM jenkins.InitReactorRunner$1 onAttained
INFO: Prepared all plugins
Dec 13, 2018 12:45:11 PM jenkins.InitReactorRunner$1 onAttained
INFO: Started all plugins
Dec 13, 2018 12:45:11 PM jenkins.InitReactorRunner$1 onAttained
INFO: Augmented all extensions
Dec 13, 2018 12:45:11 PM hudson.ExtensionFinder$GuiceFinder$FaultTolerantScope$1 error
INFO: Failed to instantiate optional component org.jenkinsci.plugins.workflow.steps.scm.SubversionStep$DescriptorImpl; skipping
Dec 13, 2018 12:45:11 PM jenkins.InitReactorRunner$1 onAttained
INFO: Loaded all jobs
Dec 13, 2018 12:45:11 PM jenkins.InitReactorRunner$1 onAttained
INFO: Completed initialization
=== Starting testCleanWorkspaceByPatternWithDirectories(hudson.plugins.ws_cleanup.PreBuildCleanupTest)
Dec 13, 2018 12:45:11 PM hudson.model.Run execute
INFO: project1 #1 main build action completed: SUCCESS
Dec 13, 2018 12:45:11 PM jenkins.model.Jenkins cleanUp
INFO: Stopping Jenkins
Dec 13, 2018 12:46:27 PM jenkins.model.Jenkins cleanUp
INFO: Jenkins stopped
Dec 13, 2018 12:46:27 PM org.jvnet.hudson.test.JenkinsRule createWebServer
INFO: Running on http://localhost:65112/jenkins/
Loading $JENKINS_HOME from /Users/kevinearls/sources/jenkinsci/forks/plugin-compat-tester/work/ws-cleanup/target/test-classes/hudson/plugins/ws_cleanup/PreBuildCleanupTest/testCleanWorkspaceByPatternExcludeWithoutDirectories.zip
Dec 13, 2018 12:46:27 PM jenkins.InitReactorRunner$1 onAttained
INFO: Started initialization
Dec 13, 2018 12:46:27 PM jenkins.InitReactorRunner$1 onAttained
INFO: Listed all plugins
Dec 13, 2018 12:46:27 PM jenkins.InitReactorRunner$1 onAttained
INFO: Prepared all plugins
Dec 13, 2018 12:46:27 PM jenkins.InitReactorRunner$1 onAttained
INFO: Started all plugins
Dec 13, 2018 12:46:27 PM jenkins.InitReactorRunner$1 onAttained
INFO: Augmented all extensions
Dec 13, 2018 12:46:27 PM hudson.ExtensionFinder$GuiceFinder$FaultTolerantScope$1 error
INFO: Failed to instantiate optional component org.jenkinsci.plugins.workflow.steps.scm.SubversionStep$DescriptorImpl; skipping
Dec 13, 2018 12:46:27 PM jenkins.InitReactorRunner$1 onAttained
INFO: Loaded all jobs
Dec 13, 2018 12:46:27 PM jenkins.InitReactorRunner$1 onAttained
INFO: Completed initialization
=== Starting testCleanWorkspaceByPatternExcludeWithoutDirectories(hudson.plugins.ws_cleanup.PreBuildCleanupTest)
Dec 13, 2018 12:46:28 PM hudson.model.Run execute
INFO: project1 #1 main build action completed: SUCCESS
Dec 13, 2018 12:46:28 PM jenkins.model.Jenkins cleanUp
INFO: Stopping Jenkins
Dec 13, 2018 12:47:43 PM jenkins.model.Jenkins cleanUp
INFO: Jenkins stopped
Dec 13, 2018 12:47:44 PM org.jvnet.hudson.test.JenkinsRule createWebServer
INFO: Running on http://localhost:65124/jenkins/
Loading $JENKINS_HOME from /Users/kevinearls/sources/jenkinsci/forks/plugin-compat-tester/work/ws-cleanup/target/test-classes/hudson/plugins/ws_cleanup/PreBuildCleanupTest/testCleanWorkspaceByDeleteCommandWithPattern.zip
Dec 13, 2018 12:47:44 PM jenkins.InitReactorRunner$1 onAttained
INFO: Started initialization
Dec 13, 2018 12:47:44 PM jenkins.InitReactorRunner$1 onAttained
INFO: Listed all plugins
Dec 13, 2018 12:47:44 PM jenkins.InitReactorRunner$1 onAttained
INFO: Prepared all plugins
Dec 13, 2018 12:47:44 PM jenkins.InitReactorRunner$1 onAttained
INFO: Started all plugins
Dec 13, 2018 12:47:44 PM jenkins.InitReactorRunner$1 onAttained
INFO: Augmented all extensions
Dec 13, 2018 12:47:44 PM hudson.ExtensionFinder$GuiceFinder$FaultTolerantScope$1 error
INFO: Failed to instantiate optional component org.jenkinsci.plugins.workflow.steps.scm.SubversionStep$DescriptorImpl; skipping
Dec 13, 2018 12:47:44 PM jenkins.InitReactorRunner$1 onAttained
INFO: Loaded all jobs
Dec 13, 2018 12:47:44 PM jenkins.InitReactorRunner$1 onAttained
INFO: Completed initialization
=== Starting testCleanWorkspaceByDeleteCommandWithPattern(hudson.plugins.ws_cleanup.PreBuildCleanupTest)
Dec 13, 2018 12:47:44 PM hudson.model.Run execute
INFO: project1 #1 main build action completed: SUCCESS
Dec 13, 2018 12:47:44 PM jenkins.model.Jenkins cleanUp
INFO: Stopping Jenkins
Dec 13, 2018 12:49:00 PM jenkins.model.Jenkins cleanUp
INFO: Jenkins stopped
Dec 13, 2018 12:49:00 PM org.jvnet.hudson.test.JenkinsRule createWebServer
INFO: Running on http://localhost:65135/jenkins/
Loading $JENKINS_HOME from /Users/kevinearls/sources/jenkinsci/forks/plugin-compat-tester/work/ws-cleanup/target/test-classes/hudson/plugins/ws_cleanup/PreBuildCleanupTest
Dec 13, 2018 12:49:00 PM jenkins.InitReactorRunner$1 onAttained
INFO: Started initialization
Dec 13, 2018 12:49:00 PM jenkins.InitReactorRunner$1 onAttained
INFO: Listed all plugins
Dec 13, 2018 12:49:00 PM jenkins.InitReactorRunner$1 onAttained
INFO: Prepared all plugins
Dec 13, 2018 12:49:00 PM jenkins.InitReactorRunner$1 onAttained
INFO: Started all plugins
Dec 13, 2018 12:49:00 PM jenkins.InitReactorRunner$1 onAttained
INFO: Augmented all extensions
Dec 13, 2018 12:49:00 PM hudson.ExtensionFinder$GuiceFinder$FaultTolerantScope$1 error
INFO: Failed to instantiate optional component org.jenkinsci.plugins.workflow.steps.scm.SubversionStep$DescriptorImpl; skipping
Dec 13, 2018 12:49:01 PM jenkins.InitReactorRunner$1 onAttained
INFO: Loaded all jobs
Dec 13, 2018 12:49:01 PM jenkins.InitReactorRunner$1 onAttained
INFO: Completed initialization
=== Starting disableDeferredWipeout(hudson.plugins.ws_cleanup.PreBuildCleanupTest)
Dec 13, 2018 12:49:01 PM hudson.model.Run execute
INFO: project1 #1 main build action completed: SUCCESS
Dec 13, 2018 12:49:01 PM hudson.model.Run execute
INFO: project2 #1 main build action completed: SUCCESS
Dec 13, 2018 12:49:01 PM hudson.model.Run execute
INFO: project3 #1 main build action completed: SUCCESS
Dec 13, 2018 12:49:01 PM hudson.model.Run execute
INFO: project4 #1 main build action completed: SUCCESS
Dec 13, 2018 12:49:02 PM hudson.model.Run execute
INFO: project5 #1 main build action completed: SUCCESS
Dec 13, 2018 12:49:02 PM hudson.model.Run execute
INFO: project6 #1 main build action completed: SUCCESS
Dec 13, 2018 12:49:02 PM jenkins.model.Jenkins cleanUp
INFO: Stopping Jenkins
Dec 13, 2018 12:50:18 PM jenkins.model.Jenkins cleanUp
INFO: Jenkins stopped
Dec 13, 2018 12:50:18 PM org.jvnet.hudson.test.JenkinsRule createWebServer
INFO: Running on http://localhost:65150/jenkins/
Loading $JENKINS_HOME from /Users/kevinearls/sources/jenkinsci/forks/plugin-compat-tester/work/ws-cleanup/target/test-classes/hudson/plugins/ws_cleanup/PreBuildCleanupTest/testCleanWorkspaceByPatternIncludeWithoutDirectories.zip
Dec 13, 2018 12:50:18 PM jenkins.InitReactorRunner$1 onAttained
INFO: Started initialization
Dec 13, 2018 12:50:18 PM jenkins.InitReactorRunner$1 onAttained
INFO: Listed all plugins
Dec 13, 2018 12:50:18 PM jenkins.InitReactorRunner$1 onAttained
INFO: Prepared all plugins
Dec 13, 2018 12:50:18 PM jenkins.InitReactorRunner$1 onAttained
INFO: Started all plugins
Dec 13, 2018 12:50:18 PM jenkins.InitReactorRunner$1 onAttained
INFO: Augmented all extensions
Dec 13, 2018 12:50:18 PM hudson.ExtensionFinder$GuiceFinder$FaultTolerantScope$1 error
INFO: Failed to instantiate optional component org.jenkinsci.plugins.workflow.steps.scm.SubversionStep$DescriptorImpl; skipping
Dec 13, 2018 12:50:18 PM jenkins.InitReactorRunner$1 onAttained
INFO: Loaded all jobs
Dec 13, 2018 12:50:18 PM jenkins.InitReactorRunner$1 onAttained
INFO: Completed initialization
=== Starting testCleanWorkspaceByPatternIncludeWithoutDirectories(hudson.plugins.ws_cleanup.PreBuildCleanupTest)
Dec 13, 2018 12:50:18 PM hudson.model.Run execute
INFO: project1 #1 main build action completed: SUCCESS
Dec 13, 2018 12:50:18 PM jenkins.model.Jenkins cleanUp
INFO: Stopping Jenkins
Dec 13, 2018 12:51:34 PM jenkins.model.Jenkins cleanUp
INFO: Jenkins stopped
Dec 13, 2018 12:51:34 PM org.jvnet.hudson.test.JenkinsRule createWebServer
INFO: Running on http://localhost:65164/jenkins/
Loading $JENKINS_HOME from /Users/kevinearls/sources/jenkinsci/forks/plugin-compat-tester/work/ws-cleanup/target/test-classes/hudson/plugins/ws_cleanup/PreBuildCleanupTest/testCleanAllWorkspace.zip
Dec 13, 2018 12:51:34 PM jenkins.InitReactorRunner$1 onAttained
INFO: Started initialization
Dec 13, 2018 12:51:34 PM jenkins.InitReactorRunner$1 onAttained
INFO: Listed all plugins
Dec 13, 2018 12:51:35 PM jenkins.InitReactorRunner$1 onAttained
INFO: Prepared all plugins
Dec 13, 2018 12:51:35 PM jenkins.InitReactorRunner$1 onAttained
INFO: Started all plugins
Dec 13, 2018 12:51:35 PM jenkins.InitReactorRunner$1 onAttained
INFO: Augmented all extensions
Dec 13, 2018 12:51:35 PM hudson.ExtensionFinder$GuiceFinder$FaultTolerantScope$1 error
INFO: Failed to instantiate optional component org.jenkinsci.plugins.workflow.steps.scm.SubversionStep$DescriptorImpl; skipping
Dec 13, 2018 12:51:35 PM jenkins.InitReactorRunner$1 onAttained
INFO: Loaded all jobs
Dec 13, 2018 12:51:35 PM jenkins.InitReactorRunner$1 onAttained
INFO: Completed initialization
=== Starting testCleanAllWorkspace(hudson.plugins.ws_cleanup.PreBuildCleanupTest)
Dec 13, 2018 12:51:35 PM hudson.model.Run execute
INFO: project1 #1 main build action completed: SUCCESS
Dec 13, 2018 12:51:35 PM jenkins.model.Jenkins cleanUp
INFO: Stopping Jenkins
Dec 13, 2018 12:52:51 PM jenkins.model.Jenkins cleanUp
INFO: Jenkins stopped
Dec 13, 2018 12:52:51 PM org.jvnet.hudson.test.JenkinsRule createWebServer
INFO: Running on http://localhost:65179/jenkins/
Loading $JENKINS_HOME from /Users/kevinearls/sources/jenkinsci/forks/plugin-compat-tester/work/ws-cleanup/target/test-classes/hudson/plugins/ws_cleanup/PreBuildCleanupTest/testCleanWorkspaceByDeleteCommandInNodePropertyIncludeDirectories.zip
Dec 13, 2018 12:52:51 PM jenkins.InitReactorRunner$1 onAttained
INFO: Started initialization
Dec 13, 2018 12:52:51 PM jenkins.InitReactorRunner$1 onAttained
INFO: Listed all plugins
Dec 13, 2018 12:52:51 PM jenkins.InitReactorRunner$1 onAttained
INFO: Prepared all plugins
Dec 13, 2018 12:52:51 PM jenkins.InitReactorRunner$1 onAttained
INFO: Started all plugins
Dec 13, 2018 12:52:51 PM jenkins.InitReactorRunner$1 onAttained
INFO: Augmented all extensions
Dec 13, 2018 12:52:51 PM hudson.ExtensionFinder$GuiceFinder$FaultTolerantScope$1 error
INFO: Failed to instantiate optional component org.jenkinsci.plugins.workflow.steps.scm.SubversionStep$DescriptorImpl; skipping
Dec 13, 2018 12:52:51 PM jenkins.InitReactorRunner$1 onAttained
INFO: Loaded all jobs
Dec 13, 2018 12:52:51 PM jenkins.InitReactorRunner$1 onAttained
INFO: Completed initialization
=== Starting testCleanWorkspaceByDeleteCommandInNodePropertyIncludeDirectories(hudson.plugins.ws_cleanup.PreBuildCleanupTest)
Dec 13, 2018 12:52:54 PM hudson.slaves.CommandLauncher launch
INFO: agent launched for slave0
Dec 13, 2018 12:52:58 PM hudson.model.Run execute
INFO: project1 #1 main build action completed: SUCCESS
Dec 13, 2018 12:52:58 PM jenkins.model.Jenkins cleanUp
INFO: Stopping Jenkins
Dec 13, 2018 12:54:14 PM jenkins.model.Jenkins cleanUp
INFO: Jenkins stopped
Dec 13, 2018 12:54:14 PM org.jvnet.hudson.test.JenkinsRule createWebServer
INFO: Running on http://localhost:65204/jenkins/
Loading $JENKINS_HOME from /Users/kevinearls/sources/jenkinsci/forks/plugin-compat-tester/work/ws-cleanup/target/test-classes/hudson/plugins/ws_cleanup/PreBuildCleanupTest/testCleanWorkspaceByDeleteCommandIncludeDirectories.zip
Dec 13, 2018 12:54:14 PM jenkins.InitReactorRunner$1 onAttained
INFO: Started initialization
Dec 13, 2018 12:54:14 PM jenkins.InitReactorRunner$1 onAttained
INFO: Listed all plugins
Dec 13, 2018 12:54:14 PM jenkins.InitReactorRunner$1 onAttained
INFO: Prepared all plugins
Dec 13, 2018 12:54:14 PM jenkins.InitReactorRunner$1 onAttained
INFO: Started all plugins
Dec 13, 2018 12:54:14 PM jenkins.InitReactorRunner$1 onAttained
INFO: Augmented all extensions
Dec 13, 2018 12:54:14 PM hudson.ExtensionFinder$GuiceFinder$FaultTolerantScope$1 error
INFO: Failed to instantiate optional component org.jenkinsci.plugins.workflow.steps.scm.SubversionStep$DescriptorImpl; skipping
Dec 13, 2018 12:54:14 PM jenkins.InitReactorRunner$1 onAttained
INFO: Loaded all jobs
Dec 13, 2018 12:54:14 PM jenkins.InitReactorRunner$1 onAttained
INFO: Completed initialization
=== Starting testCleanWorkspaceByDeleteCommandIncludeDirectories(hudson.plugins.ws_cleanup.PreBuildCleanupTest)
Dec 13, 2018 12:54:15 PM hudson.model.Run execute
INFO: project1 #1 main build action completed: SUCCESS
Dec 13, 2018 12:54:15 PM jenkins.model.Jenkins cleanUp
INFO: Stopping Jenkins
Dec 13, 2018 12:55:31 PM jenkins.model.Jenkins cleanUp
INFO: Jenkins stopped
Dec 13, 2018 12:55:31 PM org.jvnet.hudson.test.JenkinsRule createWebServer
INFO: Running on http://localhost:65261/jenkins/
Loading $JENKINS_HOME from /Users/kevinearls/sources/jenkinsci/forks/plugin-compat-tester/work/ws-cleanup/target/test-classes/hudson/plugins/ws_cleanup/PreBuildCleanupTest/testCleanWorkspaceByDeleteCommandInNodePropertyWithoutDirectory.zip
Dec 13, 2018 12:55:31 PM jenkins.InitReactorRunner$1 onAttained
INFO: Started initialization
Dec 13, 2018 12:55:31 PM jenkins.InitReactorRunner$1 onAttained
INFO: Listed all plugins
Dec 13, 2018 12:55:31 PM jenkins.InitReactorRunner$1 onAttained
INFO: Prepared all plugins
Dec 13, 2018 12:55:31 PM jenkins.InitReactorRunner$1 onAttained
INFO: Started all plugins
Dec 13, 2018 12:55:31 PM jenkins.InitReactorRunner$1 onAttained
INFO: Augmented all extensions
Dec 13, 2018 12:55:31 PM hudson.ExtensionFinder$GuiceFinder$FaultTolerantScope$1 error
INFO: Failed to instantiate optional component org.jenkinsci.plugins.workflow.steps.scm.SubversionStep$DescriptorImpl; skipping
Dec 13, 2018 12:55:31 PM jenkins.InitReactorRunner$1 onAttained
INFO: Loaded all jobs
Dec 13, 2018 12:55:32 PM jenkins.InitReactorRunner$1 onAttained
INFO: Completed initialization
=== Starting testCleanWorkspaceByDeleteCommandInNodePropertyWithoutDirectory(hudson.plugins.ws_cleanup.PreBuildCleanupTest)
Dec 13, 2018 12:55:34 PM hudson.slaves.CommandLauncher launch
INFO: agent launched for slave0
Dec 13, 2018 12:55:38 PM hudson.model.Run execute
INFO: project1 #1 main build action completed: SUCCESS
Dec 13, 2018 12:55:38 PM jenkins.model.Jenkins cleanUp
INFO: Stopping Jenkins
Dec 13, 2018 12:56:54 PM jenkins.model.Jenkins cleanUp
INFO: Jenkins stopped
[INFO] Tests run: 11, Failures: 0, Errors: 0, Skipped: 0, Time elapsed: 856.428 s - in hudson.plugins.ws_cleanup.PreBuildCleanupTest
[INFO] Running InjectedTest
Dec 13, 2018 12:56:55 PM org.eclipse.jetty.server.handler.ContextHandler setContextPath
WARNING: Empty contextPath
Dec 13, 2018 12:56:55 PM org.eclipse.jetty.server.Server doStart
INFO: jetty-9.2.15.v20160210
Dec 13, 2018 12:56:55 PM org.eclipse.jetty.webapp.StandardDescriptorProcessor visitServlet
INFO: NO JSP Support for /, did not find org.eclipse.jetty.jsp.JettyJspServlet
Dec 13, 2018 12:56:55 PM org.eclipse.jetty.server.handler.ContextHandler doStart
INFO: Started o.e.j.w.WebAppContext@3dc5eb8f{/,file:/Users/kevinearls/sources/jenkinsci/forks/plugin-compat-tester/work/ws-cleanup/target/jenkins-for-test/,AVAILABLE}{/Users/kevinearls/sources/jenkinsci/forks/plugin-compat-tester/work/ws-cleanup/target/jenkins-for-test}
Dec 13, 2018 12:56:56 PM org.eclipse.jetty.server.AbstractConnector doStart
INFO: Started ServerConnector@76cea3ab{HTTP/1.1}{localhost:65288}
Dec 13, 2018 12:56:56 PM org.eclipse.jetty.server.Server doStart
INFO: Started @2899423ms
Dec 13, 2018 12:56:56 PM jenkins.InitReactorRunner$1 onAttained
INFO: Started initialization
Dec 13, 2018 12:56:56 PM jenkins.InitReactorRunner$1 onAttained
INFO: Listed all plugins
Dec 13, 2018 12:56:56 PM jenkins.InitReactorRunner$1 onAttained
INFO: Prepared all plugins
Dec 13, 2018 12:56:56 PM jenkins.InitReactorRunner$1 onAttained
INFO: Started all plugins
Dec 13, 2018 12:56:56 PM jenkins.InitReactorRunner$1 onAttained
INFO: Augmented all extensions
Dec 13, 2018 12:56:56 PM hudson.ExtensionFinder$GuiceFinder$FaultTolerantScope$1 error
INFO: Failed to instantiate optional component org.jenkinsci.plugins.workflow.steps.scm.SubversionStep$DescriptorImpl; skipping
Dec 13, 2018 12:56:56 PM jenkins.InitReactorRunner$1 onAttained
INFO: Loaded all jobs
Dec 13, 2018 12:56:56 PM jenkins.InitReactorRunner$1 onAttained
INFO: Completed initialization
Dec 13, 2018 12:57:04 PM org.eclipse.jetty.server.AbstractConnector doStop
INFO: Stopped ServerConnector@76cea3ab{HTTP/1.1}{localhost:0}
Dec 13, 2018 12:57:04 PM org.eclipse.jetty.server.handler.ContextHandler doStop
INFO: Stopped o.e.j.w.WebAppContext@3dc5eb8f{/,file:/Users/kevinearls/sources/jenkinsci/forks/plugin-compat-tester/work/ws-cleanup/target/jenkins-for-test/,UNAVAILABLE}{/Users/kevinearls/sources/jenkinsci/forks/plugin-compat-tester/work/ws-cleanup/target/jenkins-for-test}
Dec 13, 2018 12:57:04 PM jenkins.model.Jenkins cleanUp
INFO: Stopping Jenkins
WARN: The method class org.apache.commons.logging.impl.SLF4JLogFactory#release() was invoked.
WARN: Please see http://www.slf4j.org/codes.html#release for an explanation.
Dec 13, 2018 12:58:20 PM jenkins.model.Jenkins cleanUp
INFO: Jenkins stopped
[ERROR] Tests run: 17, Failures: 0, Errors: 5, Skipped: 0, Time elapsed: 86.19 s <<< FAILURE! - in InjectedTest
[ERROR] testPluginActive(org.jvnet.hudson.test.PluginAutomaticTestBuilder$OtherTests)  Time elapsed: 0.009 s  <<< ERROR!
java.lang.Error: Plugin bouncycastle-api failed to start
	at org.jvnet.hudson.test.PluginAutomaticTestBuilder$OtherTests.testPluginActive(PluginAutomaticTestBuilder.java:99)
	at java.base/jdk.internal.reflect.NativeMethodAccessorImpl.invoke0(Native Method)
	at java.base/jdk.internal.reflect.NativeMethodAccessorImpl.invoke(NativeMethodAccessorImpl.java:62)
	at java.base/jdk.internal.reflect.DelegatingMethodAccessorImpl.invoke(DelegatingMethodAccessorImpl.java:43)
	at java.base/java.lang.reflect.Method.invoke(Method.java:566)
	at junit.framework.TestCase.runTest(TestCase.java:176)
	at junit.framework.TestCase.runBare(TestCase.java:141)
	at junit.framework.TestResult$1.protect(TestResult.java:122)
	at junit.framework.TestResult.runProtected(TestResult.java:142)
	at junit.framework.TestResult.run(TestResult.java:125)
	at junit.framework.TestCase.run(TestCase.java:129)
	at junit.framework.TestSuite.runTest(TestSuite.java:252)
	at junit.framework.TestSuite.run(TestSuite.java:247)
	at org.jvnet.hudson.test.junit.GroupedTest.runGroupedTests(GroupedTest.java:67)
	at org.jvnet.hudson.test.JellyTestSuiteBuilder$JellyTestSuite.doTests(JellyTestSuiteBuilder.java:152)
	at org.jvnet.hudson.test.JellyTestSuiteBuilder$JellyTestSuite.access$100(JellyTestSuiteBuilder.java:138)
	at org.jvnet.hudson.test.JellyTestSuiteBuilder$JellyTestSuite$2.call(JellyTestSuiteBuilder.java:160)
	at org.jvnet.hudson.test.HudsonTestCase$WebClient$5.run(HudsonTestCase.java:1501)
	at org.jvnet.hudson.test.ClosureExecuterAction.doIndex(ClosureExecuterAction.java:53)
	at java.base/java.lang.invoke.MethodHandle.invokeWithArguments(MethodHandle.java:710)
	at org.kohsuke.stapler.Function$MethodFunction.invoke(Function.java:396)
	at org.kohsuke.stapler.Function$InstanceFunction.invoke(Function.java:408)
	at org.kohsuke.stapler.Function.bindAndInvoke(Function.java:212)
	at org.kohsuke.stapler.Function.bindAndInvokeAndServeResponse(Function.java:145)
	at org.kohsuke.stapler.IndexDispatcher.dispatch(IndexDispatcher.java:27)
	at org.kohsuke.stapler.Stapler.tryInvoke(Stapler.java:739)
	at org.kohsuke.stapler.Stapler.invoke(Stapler.java:870)
	at org.kohsuke.stapler.MetaClass$9.dispatch(MetaClass.java:458)
	at org.kohsuke.stapler.Stapler.tryInvoke(Stapler.java:739)
	at org.kohsuke.stapler.Stapler.invoke(Stapler.java:870)
	at org.kohsuke.stapler.Stapler.invoke(Stapler.java:668)
	at org.kohsuke.stapler.Stapler.service(Stapler.java:238)
	at javax.servlet.http.HttpServlet.service(HttpServlet.java:790)
	at org.eclipse.jetty.servlet.ServletHolder.handle(ServletHolder.java:812)
	at org.eclipse.jetty.servlet.ServletHandler$CachedChain.doFilter(ServletHandler.java:1669)
	at hudson.util.PluginServletFilter$1.doFilter(PluginServletFilter.java:154)
	at jenkins.telemetry.impl.UserLanguages$AcceptLanguageFilter.doFilter(UserLanguages.java:128)
	at hudson.util.PluginServletFilter$1.doFilter(PluginServletFilter.java:151)
	at hudson.util.PluginServletFilter.doFilter(PluginServletFilter.java:157)
	at org.eclipse.jetty.servlet.ServletHandler$CachedChain.doFilter(ServletHandler.java:1652)
	at hudson.security.csrf.CrumbFilter.doFilter(CrumbFilter.java:105)
	at org.eclipse.jetty.servlet.ServletHandler$CachedChain.doFilter(ServletHandler.java:1652)
	at hudson.security.ChainedServletFilter$1.doFilter(ChainedServletFilter.java:84)
	at hudson.security.ChainedServletFilter.doFilter(ChainedServletFilter.java:90)
	at hudson.security.HudsonFilter.doFilter(HudsonFilter.java:171)
	at org.eclipse.jetty.servlet.ServletHandler$CachedChain.doFilter(ServletHandler.java:1652)
	at org.kohsuke.stapler.compression.CompressionFilter.doFilter(CompressionFilter.java:49)
	at org.eclipse.jetty.servlet.ServletHandler$CachedChain.doFilter(ServletHandler.java:1652)
	at hudson.util.CharacterEncodingFilter.doFilter(CharacterEncodingFilter.java:82)
	at org.eclipse.jetty.servlet.ServletHandler$CachedChain.doFilter(ServletHandler.java:1652)
	at org.kohsuke.stapler.DiagnosticThreadNameFilter.doFilter(DiagnosticThreadNameFilter.java:30)
	at org.eclipse.jetty.servlet.ServletHandler$CachedChain.doFilter(ServletHandler.java:1652)
	at org.eclipse.jetty.servlet.ServletHandler.doHandle(ServletHandler.java:585)
	at org.eclipse.jetty.server.handler.ScopedHandler.handle(ScopedHandler.java:143)
	at org.eclipse.jetty.security.SecurityHandler.handle(SecurityHandler.java:553)
	at org.eclipse.jetty.server.session.SessionHandler.doHandle(SessionHandler.java:223)
	at org.eclipse.jetty.server.handler.ContextHandler.doHandle(ContextHandler.java:1127)
	at org.eclipse.jetty.servlet.ServletHandler.doScope(ServletHandler.java:515)
	at org.eclipse.jetty.server.session.SessionHandler.doScope(SessionHandler.java:185)
	at org.eclipse.jetty.server.handler.ContextHandler.doScope(ContextHandler.java:1061)
	at org.eclipse.jetty.server.handler.ScopedHandler.handle(ScopedHandler.java:141)
	at org.eclipse.jetty.server.handler.HandlerWrapper.handle(HandlerWrapper.java:97)
	at org.eclipse.jetty.server.Server.handle(Server.java:499)
	at org.eclipse.jetty.server.HttpChannel.handle(HttpChannel.java:311)
	at org.eclipse.jetty.server.HttpConnection.onFillable(HttpConnection.java:257)
	at org.eclipse.jetty.io.AbstractConnection$2.run(AbstractConnection.java:544)
	at java.base/java.util.concurrent.Executors$RunnableAdapter.call(Executors.java:515)
	at java.base/java.util.concurrent.FutureTask.run(FutureTask.java:264)
	at java.base/java.util.concurrent.ThreadPoolExecutor.runWorker(ThreadPoolExecutor.java:1128)
	at java.base/java.util.concurrent.ThreadPoolExecutor$Worker.run(ThreadPoolExecutor.java:628)
	at java.base/java.lang.Thread.run(Thread.java:834)
Caused by: hudson.util.CyclicGraphDetector$CycleDetectedException: Cycle detected: Plugin:bouncycastle-api -> Plugin:command-launcher -> Plugin:script-security -> Plugin:junit -> Plugin:bouncycastle-api
	at hudson.PluginManager$1$3$2$1.reactOnCycle(PluginManager.java:488)
	at hudson.PluginManager$1$3$2$1.reactOnCycle(PluginManager.java:464)
	at hudson.util.CyclicGraphDetector.detectedCycle(CyclicGraphDetector.java:64)
	at hudson.util.CyclicGraphDetector.visit(CyclicGraphDetector.java:53)
	at hudson.util.CyclicGraphDetector.visit(CyclicGraphDetector.java:54)
	at hudson.util.CyclicGraphDetector.visit(CyclicGraphDetector.java:54)
	at hudson.util.CyclicGraphDetector.visit(CyclicGraphDetector.java:54)
	at hudson.util.CyclicGraphDetector.visit(CyclicGraphDetector.java:54)
	at hudson.util.CyclicGraphDetector.visit(CyclicGraphDetector.java:54)
	at hudson.util.CyclicGraphDetector.visit(CyclicGraphDetector.java:54)
	at hudson.util.CyclicGraphDetector.run(CyclicGraphDetector.java:25)
	at hudson.PluginManager$1$3$2.run(PluginManager.java:493)
	at org.jvnet.hudson.reactor.TaskGraphBuilder$TaskImpl.run(TaskGraphBuilder.java:169)
	at org.jvnet.hudson.reactor.Reactor.runTask(Reactor.java:296)
	at jenkins.model.Jenkins$5.runTask(Jenkins.java:1083)
	at org.jvnet.hudson.reactor.Reactor$2.run(Reactor.java:214)
	at org.jvnet.hudson.reactor.Reactor$Node.run(Reactor.java:117)
	... 3 more

[ERROR] initializationError(org.junit.runner.manipulation.Filter)  Time elapsed: 0.001 s  <<< ERROR!
java.lang.Exception: No tests found matching Method testPluginActive(org.jvnet.hudson.test.PluginAutomaticTestBuilder$OtherTests) from org.junit.internal.requests.ClassRequest@57283e4
	at org.junit.internal.requests.FilterRequest.getRunner(FilterRequest.java:40)
	at org.apache.maven.surefire.junit4.JUnit4Provider.executeFailedMethod(JUnit4Provider.java:379)
	at org.apache.maven.surefire.junit4.JUnit4Provider.executeWithRerun(JUnit4Provider.java:290)
	at org.apache.maven.surefire.junit4.JUnit4Provider.executeTestSet(JUnit4Provider.java:236)
	at org.apache.maven.surefire.junit4.JUnit4Provider.invoke(JUnit4Provider.java:159)
	at org.apache.maven.surefire.booter.ForkedBooter.invokeProviderInSameClassLoader(ForkedBooter.java:386)
	at org.apache.maven.surefire.booter.ForkedBooter.runSuitesInProcess(ForkedBooter.java:323)
	at org.apache.maven.surefire.booter.ForkedBooter.main(ForkedBooter.java:143)

[ERROR] initializationError(org.junit.runner.manipulation.Filter)  Time elapsed: 0.001 s  <<< ERROR!
java.lang.Exception: No runnable methods
	at org.junit.runners.BlockJUnit4ClassRunner.validateInstanceMethods(BlockJUnit4ClassRunner.java:191)
	at org.junit.runners.BlockJUnit4ClassRunner.collectInitializationErrors(BlockJUnit4ClassRunner.java:128)
	at org.junit.runners.ParentRunner.validate(ParentRunner.java:416)
	at org.junit.runners.ParentRunner.<init>(ParentRunner.java:84)
	at org.junit.runners.BlockJUnit4ClassRunner.<init>(BlockJUnit4ClassRunner.java:65)
	at org.junit.internal.builders.JUnit4Builder.runnerForClass(JUnit4Builder.java:10)
	at org.junit.runners.model.RunnerBuilder.safeRunnerForClass(RunnerBuilder.java:59)
	at org.junit.internal.builders.AllDefaultPossibilitiesBuilder.runnerForClass(AllDefaultPossibilitiesBuilder.java:26)
	at org.junit.runners.model.RunnerBuilder.safeRunnerForClass(RunnerBuilder.java:59)
	at org.junit.internal.requests.ClassRequest.getRunner(ClassRequest.java:33)
	at org.junit.internal.requests.FilterRequest.getRunner(FilterRequest.java:36)
	at org.apache.maven.surefire.junit4.JUnit4Provider.executeFailedMethod(JUnit4Provider.java:379)
	at org.apache.maven.surefire.junit4.JUnit4Provider.executeWithRerun(JUnit4Provider.java:290)
	at org.apache.maven.surefire.junit4.JUnit4Provider.executeTestSet(JUnit4Provider.java:236)
	at org.apache.maven.surefire.junit4.JUnit4Provider.invoke(JUnit4Provider.java:159)
	at org.apache.maven.surefire.booter.ForkedBooter.invokeProviderInSameClassLoader(ForkedBooter.java:386)
	at org.apache.maven.surefire.booter.ForkedBooter.runSuitesInProcess(ForkedBooter.java:323)
	at org.apache.maven.surefire.booter.ForkedBooter.main(ForkedBooter.java:143)

[ERROR] initializationError(org.junit.runner.manipulation.Filter)  Time elapsed: 0.001 s  <<< ERROR!
java.lang.Exception: No runnable methods
	at org.junit.runners.BlockJUnit4ClassRunner.validateInstanceMethods(BlockJUnit4ClassRunner.java:191)
	at org.junit.runners.BlockJUnit4ClassRunner.collectInitializationErrors(BlockJUnit4ClassRunner.java:128)
	at org.junit.runners.ParentRunner.validate(ParentRunner.java:416)
	at org.junit.runners.ParentRunner.<init>(ParentRunner.java:84)
	at org.junit.runners.BlockJUnit4ClassRunner.<init>(BlockJUnit4ClassRunner.java:65)
	at org.junit.internal.builders.JUnit4Builder.runnerForClass(JUnit4Builder.java:10)
	at org.junit.runners.model.RunnerBuilder.safeRunnerForClass(RunnerBuilder.java:59)
	at org.junit.internal.builders.AllDefaultPossibilitiesBuilder.runnerForClass(AllDefaultPossibilitiesBuilder.java:26)
	at org.junit.runners.model.RunnerBuilder.safeRunnerForClass(RunnerBuilder.java:59)
	at org.junit.internal.requests.ClassRequest.getRunner(ClassRequest.java:33)
	at org.junit.internal.requests.FilterRequest.getRunner(FilterRequest.java:36)
	at org.apache.maven.surefire.junit4.JUnit4Provider.executeFailedMethod(JUnit4Provider.java:379)
	at org.apache.maven.surefire.junit4.JUnit4Provider.executeWithRerun(JUnit4Provider.java:290)
	at org.apache.maven.surefire.junit4.JUnit4Provider.executeTestSet(JUnit4Provider.java:236)
	at org.apache.maven.surefire.junit4.JUnit4Provider.invoke(JUnit4Provider.java:159)
	at org.apache.maven.surefire.booter.ForkedBooter.invokeProviderInSameClassLoader(ForkedBooter.java:386)
	at org.apache.maven.surefire.booter.ForkedBooter.runSuitesInProcess(ForkedBooter.java:323)
	at org.apache.maven.surefire.booter.ForkedBooter.main(ForkedBooter.java:143)

[ERROR] initializationError(org.junit.runner.manipulation.Filter)  Time elapsed: 0 s  <<< ERROR!
java.lang.Exception: No runnable methods
	at org.junit.runners.BlockJUnit4ClassRunner.validateInstanceMethods(BlockJUnit4ClassRunner.java:191)
	at org.junit.runners.BlockJUnit4ClassRunner.collectInitializationErrors(BlockJUnit4ClassRunner.java:128)
	at org.junit.runners.ParentRunner.validate(ParentRunner.java:416)
	at org.junit.runners.ParentRunner.<init>(ParentRunner.java:84)
	at org.junit.runners.BlockJUnit4ClassRunner.<init>(BlockJUnit4ClassRunner.java:65)
	at org.junit.internal.builders.JUnit4Builder.runnerForClass(JUnit4Builder.java:10)
	at org.junit.runners.model.RunnerBuilder.safeRunnerForClass(RunnerBuilder.java:59)
	at org.junit.internal.builders.AllDefaultPossibilitiesBuilder.runnerForClass(AllDefaultPossibilitiesBuilder.java:26)
	at org.junit.runners.model.RunnerBuilder.safeRunnerForClass(RunnerBuilder.java:59)
	at org.junit.internal.requests.ClassRequest.getRunner(ClassRequest.java:33)
	at org.junit.internal.requests.FilterRequest.getRunner(FilterRequest.java:36)
	at org.apache.maven.surefire.junit4.JUnit4Provider.executeFailedMethod(JUnit4Provider.java:379)
	at org.apache.maven.surefire.junit4.JUnit4Provider.executeWithRerun(JUnit4Provider.java:290)
	at org.apache.maven.surefire.junit4.JUnit4Provider.executeTestSet(JUnit4Provider.java:236)
	at org.apache.maven.surefire.junit4.JUnit4Provider.invoke(JUnit4Provider.java:159)
	at org.apache.maven.surefire.booter.ForkedBooter.invokeProviderInSameClassLoader(ForkedBooter.java:386)
	at org.apache.maven.surefire.booter.ForkedBooter.runSuitesInProcess(ForkedBooter.java:323)
	at org.apache.maven.surefire.booter.ForkedBooter.main(ForkedBooter.java:143)

[INFO] 
[INFO] Results:
[INFO] 
[ERROR] Failures: 
[ERROR] hudson.plugins.ws_cleanup.CleanupTest.reportCleanupCommandFailure(hudson.plugins.ws_cleanup.CleanupTest)
[ERROR]   Run 1: CleanupTest.reportCleanupCommandFailure:218 
Expected: a string containing "mkdir: cannot create directory"
     but: was "Legacy code started this job.  No cause information is available
Building in workspace /var/folders/m8/w718fn411xzcy4q628140t980000gn/T/jenkinsTests.tmp/jenkins15305556418452299047test/workspace/sut
[WS-CLEANUP] Deleting project workspace...
ERROR: Cleanup command 'mkdir /var/folders/m8/w718fn411xzcy4q628140t980000gn/T/jenkinsTests.tmp/jenkins15305556418452299047test/workspace/sut/post-build' failed with code 1:
mkdir: /var/folders/m8/w718fn411xzcy4q628140t980000gn/T/jenkinsTests.tmp/jenkins15305556418452299047test/workspace/sut/post-build: File exists
ERROR: Cleanup command 'mkdir /var/folders/m8/w718fn411xzcy4q628140t980000gn/T/jenkinsTests.tmp/jenkins15305556418452299047test/workspace/sut/pre-build' failed with code 1:
mkdir: /var/folders/m8/w718fn411xzcy4q628140t980000gn/T/jenkinsTests.tmp/jenkins15305556418452299047test/workspace/sut/pre-build: File exists
[WS-CLEANUP] Done
[WS-CLEANUP] Deleting project workspace...
ERROR: Cleanup command 'mkdir /var/folders/m8/w718fn411xzcy4q628140t980000gn/T/jenkinsTests.tmp/jenkins15305556418452299047test/workspace/sut/post-build' failed with code 1:
mkdir: /var/folders/m8/w718fn411xzcy4q628140t980000gn/T/jenkinsTests.tmp/jenkins15305556418452299047test/workspace/sut/post-build: File exists
ERROR: Cleanup command 'mkdir /var/folders/m8/w718fn411xzcy4q628140t980000gn/T/jenkinsTests.tmp/jenkins15305556418452299047test/workspace/sut/pre-build' failed with code 1:
mkdir: /var/folders/m8/w718fn411xzcy4q628140t980000gn/T/jenkinsTests.tmp/jenkins15305556418452299047test/workspace/sut/pre-build: File exists
[WS-CLEANUP] done
Finished: SUCCESS
"
[ERROR]   Run 2: CleanupTest.reportCleanupCommandFailure:218 
Expected: a string containing "mkdir: cannot create directory"
     but: was "Legacy code started this job.  No cause information is available
Building in workspace /var/folders/m8/w718fn411xzcy4q628140t980000gn/T/jenkinsTests.tmp/jenkins9488264546086846626test/workspace/sut
[WS-CLEANUP] Deleting project workspace...
ERROR: Cleanup command 'mkdir /var/folders/m8/w718fn411xzcy4q628140t980000gn/T/jenkinsTests.tmp/jenkins9488264546086846626test/workspace/sut/post-build' failed with code 1:
mkdir: /var/folders/m8/w718fn411xzcy4q628140t980000gn/T/jenkinsTests.tmp/jenkins9488264546086846626test/workspace/sut/post-build: File exists
ERROR: Cleanup command 'mkdir /var/folders/m8/w718fn411xzcy4q628140t980000gn/T/jenkinsTests.tmp/jenkins9488264546086846626test/workspace/sut/pre-build' failed with code 1:
mkdir: /var/folders/m8/w718fn411xzcy4q628140t980000gn/T/jenkinsTests.tmp/jenkins9488264546086846626test/workspace/sut/pre-build: File exists
[WS-CLEANUP] Done
[WS-CLEANUP] Deleting project workspace...
ERROR: Cleanup command 'mkdir /var/folders/m8/w718fn411xzcy4q628140t980000gn/T/jenkinsTests.tmp/jenkins9488264546086846626test/workspace/sut/post-build' failed with code 1:
mkdir: /var/folders/m8/w718fn411xzcy4q628140t980000gn/T/jenkinsTests.tmp/jenkins9488264546086846626test/workspace/sut/post-build: File exists
ERROR: Cleanup command 'mkdir /var/folders/m8/w718fn411xzcy4q628140t980000gn/T/jenkinsTests.tmp/jenkins9488264546086846626test/workspace/sut/pre-build' failed with code 1:
mkdir: /var/folders/m8/w718fn411xzcy4q628140t980000gn/T/jenkinsTests.tmp/jenkins9488264546086846626test/workspace/sut/pre-build: File exists
[WS-CLEANUP] done
Finished: SUCCESS
"
[ERROR]   Run 3: CleanupTest.reportCleanupCommandFailure:218 
Expected: a string containing "mkdir: cannot create directory"
     but: was "Legacy code started this job.  No cause information is available
Building in workspace /var/folders/m8/w718fn411xzcy4q628140t980000gn/T/jenkinsTests.tmp/jenkins6381800730655741244test/workspace/sut
[WS-CLEANUP] Deleting project workspace...
ERROR: Cleanup command 'mkdir /var/folders/m8/w718fn411xzcy4q628140t980000gn/T/jenkinsTests.tmp/jenkins6381800730655741244test/workspace/sut/post-build' failed with code 1:
mkdir: /var/folders/m8/w718fn411xzcy4q628140t980000gn/T/jenkinsTests.tmp/jenkins6381800730655741244test/workspace/sut/post-build: File exists
ERROR: Cleanup command 'mkdir /var/folders/m8/w718fn411xzcy4q628140t980000gn/T/jenkinsTests.tmp/jenkins6381800730655741244test/workspace/sut/pre-build' failed with code 1:
mkdir: /var/folders/m8/w718fn411xzcy4q628140t980000gn/T/jenkinsTests.tmp/jenkins6381800730655741244test/workspace/sut/pre-build: File exists
[WS-CLEANUP] Done
[WS-CLEANUP] Deleting project workspace...
ERROR: Cleanup command 'mkdir /var/folders/m8/w718fn411xzcy4q628140t980000gn/T/jenkinsTests.tmp/jenkins6381800730655741244test/workspace/sut/post-build' failed with code 1:
mkdir: /var/folders/m8/w718fn411xzcy4q628140t980000gn/T/jenkinsTests.tmp/jenkins6381800730655741244test/workspace/sut/post-build: File exists
ERROR: Cleanup command 'mkdir /var/folders/m8/w718fn411xzcy4q628140t980000gn/T/jenkinsTests.tmp/jenkins6381800730655741244test/workspace/sut/pre-build' failed with code 1:
mkdir: /var/folders/m8/w718fn411xzcy4q628140t980000gn/T/jenkinsTests.tmp/jenkins6381800730655741244test/workspace/sut/pre-build: File exists
[WS-CLEANUP] done
Finished: SUCCESS
"
[ERROR]   Run 4: CleanupTest.reportCleanupCommandFailure:218 
Expected: a string containing "mkdir: cannot create directory"
     but: was "Legacy code started this job.  No cause information is available
Building in workspace /var/folders/m8/w718fn411xzcy4q628140t980000gn/T/jenkinsTests.tmp/jenkins13817690333082056309test/workspace/sut
[WS-CLEANUP] Deleting project workspace...
ERROR: Cleanup command 'mkdir /var/folders/m8/w718fn411xzcy4q628140t980000gn/T/jenkinsTests.tmp/jenkins13817690333082056309test/workspace/sut/post-build' failed with code 1:
mkdir: /var/folders/m8/w718fn411xzcy4q628140t980000gn/T/jenkinsTests.tmp/jenkins13817690333082056309test/workspace/sut/post-build: File exists
ERROR: Cleanup command 'mkdir /var/folders/m8/w718fn411xzcy4q628140t980000gn/T/jenkinsTests.tmp/jenkins13817690333082056309test/workspace/sut/pre-build' failed with code 1:
mkdir: /var/folders/m8/w718fn411xzcy4q628140t980000gn/T/jenkinsTests.tmp/jenkins13817690333082056309test/workspace/sut/pre-build: File exists
[WS-CLEANUP] Done
[WS-CLEANUP] Deleting project workspace...
ERROR: Cleanup command 'mkdir /var/folders/m8/w718fn411xzcy4q628140t980000gn/T/jenkinsTests.tmp/jenkins13817690333082056309test/workspace/sut/post-build' failed with code 1:
mkdir: /var/folders/m8/w718fn411xzcy4q628140t980000gn/T/jenkinsTests.tmp/jenkins13817690333082056309test/workspace/sut/post-build: File exists
ERROR: Cleanup command 'mkdir /var/folders/m8/w718fn411xzcy4q628140t980000gn/T/jenkinsTests.tmp/jenkins13817690333082056309test/workspace/sut/pre-build' failed with code 1:
mkdir: /var/folders/m8/w718fn411xzcy4q628140t980000gn/T/jenkinsTests.tmp/jenkins13817690333082056309test/workspace/sut/pre-build: File exists
[WS-CLEANUP] done
Finished: SUCCESS
"
[ERROR]   Run 5: CleanupTest.reportCleanupCommandFailure:218 
Expected: a string containing "mkdir: cannot create directory"
     but: was "Legacy code started this job.  No cause information is available
Building in workspace /var/folders/m8/w718fn411xzcy4q628140t980000gn/T/jenkinsTests.tmp/jenkins16486633152620725817test/workspace/sut
[WS-CLEANUP] Deleting project workspace...
ERROR: Cleanup command 'mkdir /var/folders/m8/w718fn411xzcy4q628140t980000gn/T/jenkinsTests.tmp/jenkins16486633152620725817test/workspace/sut/post-build' failed with code 1:
mkdir: /var/folders/m8/w718fn411xzcy4q628140t980000gn/T/jenkinsTests.tmp/jenkins16486633152620725817test/workspace/sut/post-build: File exists
ERROR: Cleanup command 'mkdir /var/folders/m8/w718fn411xzcy4q628140t980000gn/T/jenkinsTests.tmp/jenkins16486633152620725817test/workspace/sut/pre-build' failed with code 1:
mkdir: /var/folders/m8/w718fn411xzcy4q628140t980000gn/T/jenkinsTests.tmp/jenkins16486633152620725817test/workspace/sut/pre-build: File exists
[WS-CLEANUP] Done
[WS-CLEANUP] Deleting project workspace...
ERROR: Cleanup command 'mkdir /var/folders/m8/w718fn411xzcy4q628140t980000gn/T/jenkinsTests.tmp/jenkins16486633152620725817test/workspace/sut/post-build' failed with code 1:
mkdir: /var/folders/m8/w718fn411xzcy4q628140t980000gn/T/jenkinsTests.tmp/jenkins16486633152620725817test/workspace/sut/post-build: File exists
ERROR: Cleanup command 'mkdir /var/folders/m8/w718fn411xzcy4q628140t980000gn/T/jenkinsTests.tmp/jenkins16486633152620725817test/workspace/sut/pre-build' failed with code 1:
mkdir: /var/folders/m8/w718fn411xzcy4q628140t980000gn/T/jenkinsTests.tmp/jenkins16486633152620725817test/workspace/sut/pre-build: File exists
[WS-CLEANUP] done
Finished: SUCCESS
"
[INFO] 
[ERROR] Errors: 
[ERROR] hudson.plugins.ws_cleanup.CleanupPowermockTest.initializationError(hudson.plugins.ws_cleanup.CleanupPowermockTest)
[ERROR]   Run 1: CleanupPowermockTest.initializationError  Objenesis java.lang.reflect.Invocat...
[ERROR]   Run 2: CleanupPowermockTest.initializationError  Objenesis java.lang.reflect.Invocat...
[ERROR]   Run 3: CleanupPowermockTest.initializationError  Objenesis java.lang.reflect.Invocat...
[ERROR]   Run 4: CleanupPowermockTest.initializationError  Objenesis java.lang.reflect.Invocat...
[ERROR]   Run 5: CleanupPowermockTest.initializationError  Objenesis java.lang.reflect.Invocat...
[INFO] 
[ERROR] hudson.plugins.ws_cleanup.CleanupTest.doNotFailToWipeoutWhenRenameFails(hudson.plugins.ws_cleanup.CleanupTest)
[ERROR]   Run 1: CleanupTest.doNotFailToWipeoutWhenRenameFails:182  AccessDenied /var/folders/...
[ERROR]   Run 2: CleanupTest.doNotFailToWipeoutWhenRenameFails:182  AccessDenied /var/folders/...
[ERROR]   Run 3: CleanupTest.doNotFailToWipeoutWhenRenameFails:182  AccessDenied /var/folders/...
[ERROR]   Run 4: CleanupTest.doNotFailToWipeoutWhenRenameFails:182  AccessDenied /var/folders/...
[ERROR]   Run 5: CleanupTest.doNotFailToWipeoutWhenRenameFails:182  AccessDenied /var/folders/...
[INFO] 
[ERROR] org.junit.runner.manipulation.Filter.initializationError(org.junit.runner.manipulation.Filter)
[ERROR]   Run 1: Filter.initializationError   No tests found matching Method testPluginActive(...
[ERROR]   Run 2: Filter.initializationError   No runnable methods
[ERROR]   Run 3: Filter.initializationError   No runnable methods
[ERROR]   Run 4: Filter.initializationError   No runnable methods
[INFO] 
[ERROR]   PluginAutomaticTestBuilder$OtherTests.testPluginActive:99  Plugin bouncycastle...
[INFO] 
[ERROR] Tests run: 43, Failures: 1, Errors: 4, Skipped: 0
[INFO] 
[INFO] ------------------------------------------------------------------------
[INFO] BUILD FAILURE
[INFO] ------------------------------------------------------------------------
[INFO] Total time:  49:52 min
[INFO] Finished at: 2018-12-13T12:58:22+01:00
[INFO] ------------------------------------------------------------------------
[ERROR] Failed to execute goal org.apache.maven.plugins:maven-surefire-plugin:2.20:test (default-cli) on project ws-cleanup: There are test failures.
[ERROR] 
[ERROR] Please refer to /Users/kevinearls/sources/jenkinsci/forks/plugin-compat-tester/work/ws-cleanup/target/surefire-reports for the individual test results.
[ERROR] Please refer to dump files (if any exist) [date]-jvmRun[N].dump, [date].dumpstream and [date]-jvmRun[N].dumpstream.
[ERROR] -> [Help 1]
[ERROR] 
[ERROR] To see the full stack trace of the errors, re-run Maven with the -e switch.
[ERROR] Re-run Maven using the -X switch to enable full debug logging.
[ERROR] 
[ERROR] For more information about the errors and possible solutions, please read the following articles:
[ERROR] [Help 1] http://cwiki.apache.org/confluence/display/MAVEN/MojoFailureException
